{"/Users/andela/Documents/BernardPortfolio/bernard_portfolio/server/app.js":{"path":"/Users/andela/Documents/BernardPortfolio/bernard_portfolio/server/app.js","statementMap":{"0":{"start":{"line":3,"column":29},"end":{"line":3,"column":84}},"1":{"start":{"line":5,"column":15},"end":{"line":5,"column":57}},"2":{"start":{"line":7,"column":18},"end":{"line":7,"column":64}},"3":{"start":{"line":9,"column":13},"end":{"line":9,"column":62}},"4":{"start":{"line":11,"column":13},"end":{"line":11,"column":62}},"5":{"start":{"line":13,"column":20},"end":{"line":13,"column":68}},"6":{"start":{"line":15,"column":24},"end":{"line":15,"column":77}},"7":{"start":{"line":17,"column":10},"end":{"line":17,"column":36}},"8":{"start":{"line":19,"column":0},"end":{"line":19,"column":25}},"9":{"start":{"line":21,"column":0},"end":{"line":21,"column":27}},"10":{"start":{"line":23,"column":21},"end":{"line":31,"column":1}},"11":{"start":{"line":32,"column":18},"end":{"line":32,"column":63}},"12":{"start":{"line":33,"column":0},"end":{"line":33,"column":106}},"13":{"start":{"line":34,"column":0},"end":{"line":36,"column":4}},"14":{"start":{"line":37,"column":0},"end":{"line":37,"column":39}},"15":{"start":{"line":38,"column":0},"end":{"line":38,"column":25}},"16":{"start":{"line":39,"column":0},"end":{"line":39,"column":27}},"17":{"start":{"line":40,"column":0},"end":{"line":40,"column":21}}},"fnMap":{},"branchMap":{},"s":{"0":1,"1":1,"2":1,"3":1,"4":1,"5":1,"6":1,"7":1,"8":1,"9":1,"10":1,"11":1,"12":1,"13":1,"14":1,"15":1,"16":1,"17":1},"f":{},"b":{},"inputSourceMap":{"version":3,"sources":["app.js"],"names":["app","require","swaggerOptions","swaggerDefinition","info","title","version","apis","swaggerDocs","use","swaggerUI","serve","setup","express","json","extended","bodyParser","routes","module","exports"],"mappings":";;;;AAAA;;AACA;;AAEA;;AACA;;AACA;;AACA;;AAJA,IAAOA,GAAG,GAAG,0BAAb;;AAOAC,OAAO,CAAC,eAAD,CAAP;;AACAA,OAAO,CAAC,iBAAD,CAAP;;AAEA,IAAMC,cAAc,GAAG;AACrBC,EAAAA,iBAAiB,EAAE;AACjBC,IAAAA,IAAI,EAAE;AACJC,MAAAA,KAAK,EAAE,uBADH;AAEJC,MAAAA,OAAO,EAAE;AAFL;AADW,GADE;AAOrBC,EAAAA,IAAI,EAAE,CAAC,kBAAD;AAPe,CAAvB;AAUA,IAAMC,WAAW,GAAG,8BAAaN,cAAb,CAApB;AACAF,GAAG,CAACS,GAAJ,CAAQ,WAAR,EAAqBC,6BAAUC,KAA/B,EAAsCD,6BAAUE,KAAV,CAAgBJ,WAAhB,CAAtC;AACAR,GAAG,CAACS,GAAJ,CAAQI,oBAAQC,IAAR,CAAa;AAACC,EAAAA,QAAQ,EAAE;AAAX,CAAb,CAAR;AACAf,GAAG,CAACS,GAAJ,CAAQO,uBAAWF,IAAX,EAAR;AAEA;AACAd,GAAG,CAACS,GAAJ,CAAQQ,iBAAR;AAKAC,MAAM,CAACC,OAAP,GAAiBnB,GAAjB","sourceRoot":"/Users/andela/Documents/BernardPortfolio/bernard_portfolio/server/","sourcesContent":["import express from 'express';\nimport bodyParser from 'body-parser';\nconst  app = express();\nimport connectoToMongo from './config/mongo';\nimport routes from './routes/index';\nimport swaggerJsDoc from 'swagger-jsdoc';\nimport swaggerUI from 'swagger-ui-express';\n\n\nrequire(\"dotenv/config\");\nrequire(\"@babel/polyfill\");\n\nconst swaggerOptions = {\n  swaggerDefinition: {\n    info: {\n      title: \"Bernard Portfolio API\",\n      version: '1.0.0',\n    },\n  },\n  apis: [\"documentation.js\"]\n};\n\nconst swaggerDocs = swaggerJsDoc(swaggerOptions);\napp.use('/api-docs', swaggerUI.serve, swaggerUI.setup(swaggerDocs));\napp.use(express.json({extended: false}));\napp.use(bodyParser.json());\n\nconnectoToMongo();\napp.use(routes);\n\n\n\n\nmodule.exports = app;\n"]},"_coverageSchema":"1a1c01bbd47fc00a2c39e90264f33305004495a9","hash":"85fdca8b6d53c1c547e5001fccca7f80bcd653d0","contentHash":"15313de85f0c00a0f2a548e7ca66aa66e9b9b8d1a9c50ef73b5a802342346fd7"},"/Users/andela/Documents/BernardPortfolio/bernard_portfolio/server/config/mongo.js":{"path":"/Users/andela/Documents/BernardPortfolio/bernard_portfolio/server/config/mongo.js","statementMap":{"0":{"start":{"line":3,"column":15},"end":{"line":3,"column":34}},"1":{"start":{"line":5,"column":0},"end":{"line":5,"column":25}},"2":{"start":{"line":7,"column":22},"end":{"line":14,"column":1}},"3":{"start":{"line":8,"column":2},"end":{"line":13,"column":35}},"4":{"start":{"line":12,"column":4},"end":{"line":12,"column":42}},"5":{"start":{"line":16,"column":0},"end":{"line":16,"column":33}}},"fnMap":{"0":{"name":"connectoToMongo","decl":{"start":{"line":7,"column":31},"end":{"line":7,"column":46}},"loc":{"start":{"line":7,"column":49},"end":{"line":14,"column":1}},"line":7},"1":{"name":"(anonymous_1)","decl":{"start":{"line":11,"column":10},"end":{"line":11,"column":11}},"loc":{"start":{"line":11,"column":22},"end":{"line":13,"column":3}},"line":11},"2":{"name":"(anonymous_2)","decl":{"start":{"line":13,"column":14},"end":{"line":13,"column":15}},"loc":{"start":{"line":13,"column":31},"end":{"line":13,"column":33}},"line":13}},"branchMap":{},"s":{"0":1,"1":1,"2":1,"3":1,"4":0,"5":1},"f":{"0":1,"1":0,"2":1},"b":{},"inputSourceMap":{"version":3,"sources":["mongo.js"],"names":["mongoose","require","connectoToMongo","connect","process","env","MONGO_HASH","useUnifiedTopology","useNewUrlParser","then","console","log","error","module","exports"],"mappings":";;AAAA,IAAMA,QAAQ,GAAGC,OAAO,CAAC,UAAD,CAAxB;;AACAA,OAAO,CAAC,eAAD,CAAP;;AAEA,IAAMC,eAAe,GAAG,SAAlBA,eAAkB,GAAU;AAE9BF,EAAAA,QAAQ,CAACG,OAAT,CAAiBC,OAAO,CAACC,GAAR,CAAYC,UAA7B,EAEI;AAAEC,IAAAA,kBAAkB,EAAE,IAAtB;AAA2BC,IAAAA,eAAe,EAAE;AAA5C,GAFJ,EAEwDC,IAFxD,CAE6D,YAAI;AACzDC,IAAAA,OAAO,CAACC,GAAR,CAAY,wBAAZ;AAEH,GALL,WAKa,UAAAC,KAAK,EAAE,CAEf,CAPL;AAQH,CAVD;;AAWAC,MAAM,CAACC,OAAP,GAAiBZ,eAAjB","sourceRoot":"/Users/andela/Documents/BernardPortfolio/bernard_portfolio/server/config/","sourcesContent":["const mongoose = require(\"mongoose\");\nrequire(\"dotenv/config\");\n\nconst connectoToMongo = function(){\n    \n    mongoose.connect(process.env.MONGO_HASH,\n\n        { useUnifiedTopology: true,useNewUrlParser: true }).then(()=>{\n            console.log(\"Server Connected to DB\");\n        \n        }).catch(error=>{\n        \n        });\n}\nmodule.exports = connectoToMongo;\n"]},"_coverageSchema":"1a1c01bbd47fc00a2c39e90264f33305004495a9","hash":"ee264f25693c164a7fcc3ee21c29404d22190a05","contentHash":"56220d1a09b0f51a774e88406afdaa0cd374c7ab1f939c161142e0f64235128c"},"/Users/andela/Documents/BernardPortfolio/bernard_portfolio/server/routes/index.js":{"path":"/Users/andela/Documents/BernardPortfolio/bernard_portfolio/server/routes/index.js","statementMap":{"0":{"start":{"line":3,"column":29},"end":{"line":3,"column":84}},"1":{"start":{"line":5,"column":12},"end":{"line":5,"column":57}},"2":{"start":{"line":7,"column":16},"end":{"line":7,"column":65}},"3":{"start":{"line":9,"column":15},"end":{"line":9,"column":33}},"4":{"start":{"line":11,"column":17},"end":{"line":11,"column":75}},"5":{"start":{"line":13,"column":15},"end":{"line":13,"column":71}},"6":{"start":{"line":15,"column":13},"end":{"line":15,"column":35}},"7":{"start":{"line":16,"column":0},"end":{"line":16,"column":39}},"8":{"start":{"line":17,"column":0},"end":{"line":17,"column":46}},"9":{"start":{"line":18,"column":0},"end":{"line":18,"column":46}},"10":{"start":{"line":19,"column":0},"end":{"line":19,"column":37}},"11":{"start":{"line":20,"column":0},"end":{"line":20,"column":24}}},"fnMap":{},"branchMap":{},"s":{"0":1,"1":1,"2":1,"3":1,"4":1,"5":1,"6":1,"7":1,"8":1,"9":1,"10":1,"11":1},"f":{},"b":{},"inputSourceMap":{"version":3,"sources":["index.js"],"names":["router","use","postRoute","commentRoute","authroute","welcomeRoute","module","exports"],"mappings":";;;;AAAA;;AACA;;AACA;;AACA;;AACA;;AAEA,IAAMA,MAAM,GAAG,sBAAf;AAEAA,MAAM,CAACC,GAAP,CAAW,QAAX,EAAqBC,gBAArB;AACAF,MAAM,CAACC,GAAP,CAAW,WAAX,EAAwBE,oBAAxB;AACAH,MAAM,CAACC,GAAP,CAAW,UAAX,EAAuBG,qBAAvB;AACAJ,MAAM,CAACC,GAAP,CAAW,GAAX,EAAgBI,mBAAhB;AAEAC,MAAM,CAACC,OAAP,GAAiBP,MAAjB","sourceRoot":"/Users/andela/Documents/BernardPortfolio/bernard_portfolio/server/routes/","sourcesContent":["import postRoute from './api/post';\nimport commentRoute from './api/comments';\nimport {Router} from 'express';\nimport authroute from '../routes/api/authroute';\nimport welcomeRoute from '../routes/api/welcome';\n\nconst router = Router();\n\nrouter.use(\"/posts\", postRoute);\nrouter.use(\"/comments\", commentRoute);\nrouter.use(\"/account\", authroute);\nrouter.use(\"/\", welcomeRoute);\n\nmodule.exports = router\n"]},"_coverageSchema":"1a1c01bbd47fc00a2c39e90264f33305004495a9","hash":"42726300685004a45c597ee4c75f068975b300bc","contentHash":"f394e4e8fe35dd281b6de44b74e8bdc042df897df7b81ab2dbd12bf7ff2f3b13"},"/Users/andela/Documents/BernardPortfolio/bernard_portfolio/server/routes/api/post.js":{"path":"/Users/andela/Documents/BernardPortfolio/bernard_portfolio/server/routes/api/post.js","statementMap":{"0":{"start":{"line":3,"column":22},"end":{"line":3,"column":66}},"1":{"start":{"line":5,"column":14},"end":{"line":5,"column":32}},"2":{"start":{"line":7,"column":13},"end":{"line":7,"column":29}},"3":{"start":{"line":8,"column":0},"end":{"line":8,"column":43}},"4":{"start":{"line":9,"column":0},"end":{"line":9,"column":50}},"5":{"start":{"line":10,"column":0},"end":{"line":10,"column":47}},"6":{"start":{"line":11,"column":0},"end":{"line":11,"column":57}},"7":{"start":{"line":12,"column":0},"end":{"line":12,"column":52}},"8":{"start":{"line":13,"column":0},"end":{"line":13,"column":24}}},"fnMap":{},"branchMap":{},"s":{"0":1,"1":1,"2":1,"3":1,"4":1,"5":1,"6":1,"7":1,"8":1},"f":{},"b":{},"inputSourceMap":{"version":3,"sources":["post.js"],"names":["postsController","require","express","router","Router","post","savePost","get","retrieveAllPosts","getOne","deletePost","patch","patchPost","module","exports"],"mappings":";;AAAA,IAAMA,eAAe,GAAGC,OAAO,CAAC,mCAAD,CAA/B;;AACA,IAAMC,OAAO,GAAGD,OAAO,CAAC,SAAD,CAAvB;;AACA,IAAME,MAAM,GAAGD,OAAO,CAACE,MAAR,EAAf;AAEAD,MAAM,CAACE,IAAP,CAAY,GAAZ,EAAiBL,eAAe,CAACM,QAAjC;AAEAH,MAAM,CAACI,GAAP,CAAW,GAAX,EAAgBP,eAAe,CAACQ,gBAAhC;AACAL,MAAM,CAACI,GAAP,CAAW,UAAX,EAAuBP,eAAe,CAACS,MAAvC;AACAN,MAAM,UAAN,CAAc,UAAd,EAA0BH,eAAe,CAACU,UAA1C;AACAP,MAAM,CAACQ,KAAP,CAAa,UAAb,EAAyBX,eAAe,CAACY,SAAzC;AAEAC,MAAM,CAACC,OAAP,GAAiBX,MAAjB","sourceRoot":"/Users/andela/Documents/BernardPortfolio/bernard_portfolio/server/routes/api/","sourcesContent":["const postsController = require('../../controllers/postsController');\nconst express = require('express');\nconst router = express.Router();\n\nrouter.post(\"/\", postsController.savePost);\n\nrouter.get(\"/\", postsController.retrieveAllPosts);\nrouter.get(\"/:postId\", postsController.getOne);\nrouter.delete(\"/:postId\", postsController.deletePost);\nrouter.patch(\"/:postId\", postsController.patchPost);\n\nmodule.exports = router;\n\n\n\n"]},"_coverageSchema":"1a1c01bbd47fc00a2c39e90264f33305004495a9","hash":"96d74a373c04f9c69082d45454ef21b2ab0d672a","contentHash":"a010b50d1ec74d7877092ec75648f918527bd80bbc8ad138f80c507600d8f8fa"},"/Users/andela/Documents/BernardPortfolio/bernard_portfolio/server/controllers/postsController.js":{"path":"/Users/andela/Documents/BernardPortfolio/bernard_portfolio/server/controllers/postsController.js","statementMap":{"0":{"start":{"line":3,"column":29},"end":{"line":3,"column":84}},"1":{"start":{"line":5,"column":19},"end":{"line":5,"column":80}},"2":{"start":{"line":7,"column":25},"end":{"line":7,"column":99}},"3":{"start":{"line":9,"column":23},"end":{"line":9,"column":95}},"4":{"start":{"line":11,"column":20},"end":{"line":11,"column":89}},"5":{"start":{"line":13,"column":23},"end":{"line":13,"column":95}},"6":{"start":{"line":15,"column":13},"end":{"line":15,"column":63}},"7":{"start":{"line":17,"column":21},"end":{"line":17,"column":80}},"8":{"start":{"line":19,"column":24},"end":{"line":70,"column":3}},"9":{"start":{"line":21,"column":4},"end":{"line":21,"column":49}},"10":{"start":{"line":24,"column":2},"end":{"line":68,"column":6}},"11":{"start":{"line":27,"column":22},"end":{"line":60,"column":9}},"12":{"start":{"line":29,"column":8},"end":{"line":59,"column":36}},"13":{"start":{"line":30,"column":10},"end":{"line":58,"column":11}},"14":{"start":{"line":31,"column":12},"end":{"line":57,"column":13}},"15":{"start":{"line":33,"column":16},"end":{"line":33,"column":34}},"16":{"start":{"line":34,"column":16},"end":{"line":38,"column":19}},"17":{"start":{"line":39,"column":16},"end":{"line":39,"column":34}},"18":{"start":{"line":40,"column":16},"end":{"line":40,"column":37}},"19":{"start":{"line":43,"column":16},"end":{"line":47,"column":20}},"20":{"start":{"line":50,"column":16},"end":{"line":50,"column":34}},"21":{"start":{"line":51,"column":16},"end":{"line":51,"column":51}},"22":{"start":{"line":52,"column":16},"end":{"line":52,"column":89}},"23":{"start":{"line":56,"column":16},"end":{"line":56,"column":39}},"24":{"start":{"line":63,"column":8},"end":{"line":63,"column":48}},"25":{"start":{"line":66,"column":6},"end":{"line":66,"column":22}},"26":{"start":{"line":69,"column":2},"end":{"line":69,"column":14}},"27":{"start":{"line":72,"column":0},"end":{"line":101,"column":5}},"28":{"start":{"line":73,"column":13},"end":{"line":96,"column":5}},"29":{"start":{"line":75,"column":4},"end":{"line":95,"column":17}},"30":{"start":{"line":76,"column":6},"end":{"line":94,"column":7}},"31":{"start":{"line":77,"column":8},"end":{"line":93,"column":9}},"32":{"start":{"line":79,"column":12},"end":{"line":79,"column":31}},"33":{"start":{"line":80,"column":12},"end":{"line":80,"column":44}},"34":{"start":{"line":83,"column":12},"end":{"line":83,"column":34}},"35":{"start":{"line":84,"column":12},"end":{"line":88,"column":16}},"36":{"start":{"line":92,"column":12},"end":{"line":92,"column":36}},"37":{"start":{"line":98,"column":2},"end":{"line":100,"column":4}},"38":{"start":{"line":99,"column":4},"end":{"line":99,"column":39}},"39":{"start":{"line":102,"column":0},"end":{"line":160,"column":5}},"40":{"start":{"line":103,"column":14},"end":{"line":155,"column":5}},"41":{"start":{"line":105,"column":4},"end":{"line":154,"column":17}},"42":{"start":{"line":106,"column":6},"end":{"line":153,"column":7}},"43":{"start":{"line":107,"column":8},"end":{"line":152,"column":9}},"44":{"start":{"line":109,"column":12},"end":{"line":109,"column":31}},"45":{"start":{"line":110,"column":12},"end":{"line":110,"column":84}},"46":{"start":{"line":113,"column":12},"end":{"line":113,"column":42}},"47":{"start":{"line":115,"column":12},"end":{"line":118,"column":13}},"48":{"start":{"line":116,"column":14},"end":{"line":116,"column":33}},"49":{"start":{"line":117,"column":14},"end":{"line":117,"column":20}},"50":{"start":{"line":120,"column":12},"end":{"line":122,"column":16}},"51":{"start":{"line":125,"column":12},"end":{"line":147,"column":18}},"52":{"start":{"line":127,"column":14},"end":{"line":146,"column":27}},"53":{"start":{"line":128,"column":16},"end":{"line":145,"column":17}},"54":{"start":{"line":129,"column":18},"end":{"line":144,"column":19}},"55":{"start":{"line":131,"column":22},"end":{"line":131,"column":41}},"56":{"start":{"line":132,"column":22},"end":{"line":132,"column":79}},"57":{"start":{"line":135,"column":22},"end":{"line":135,"column":44}},"58":{"start":{"line":136,"column":22},"end":{"line":139,"column":26}},"59":{"start":{"line":143,"column":22},"end":{"line":143,"column":46}},"60":{"start":{"line":151,"column":12},"end":{"line":151,"column":36}},"61":{"start":{"line":157,"column":2},"end":{"line":159,"column":4}},"62":{"start":{"line":158,"column":4},"end":{"line":158,"column":40}},"63":{"start":{"line":161,"column":0},"end":{"line":195,"column":5}},"64":{"start":{"line":162,"column":14},"end":{"line":190,"column":5}},"65":{"start":{"line":163,"column":4},"end":{"line":189,"column":17}},"66":{"start":{"line":164,"column":6},"end":{"line":188,"column":7}},"67":{"start":{"line":165,"column":8},"end":{"line":187,"column":9}},"68":{"start":{"line":167,"column":12},"end":{"line":182,"column":15}},"69":{"start":{"line":168,"column":14},"end":{"line":181,"column":15}},"70":{"start":{"line":169,"column":16},"end":{"line":176,"column":19}},"71":{"start":{"line":172,"column":18},"end":{"line":175,"column":21}},"72":{"start":{"line":178,"column":16},"end":{"line":180,"column":19}},"73":{"start":{"line":186,"column":12},"end":{"line":186,"column":36}},"74":{"start":{"line":192,"column":2},"end":{"line":194,"column":4}},"75":{"start":{"line":193,"column":4},"end":{"line":193,"column":40}},"76":{"start":{"line":196,"column":0},"end":{"line":236,"column":5}},"77":{"start":{"line":197,"column":14},"end":{"line":231,"column":5}},"78":{"start":{"line":199,"column":4},"end":{"line":230,"column":33}},"79":{"start":{"line":200,"column":6},"end":{"line":229,"column":7}},"80":{"start":{"line":201,"column":8},"end":{"line":228,"column":9}},"81":{"start":{"line":203,"column":12},"end":{"line":203,"column":31}},"82":{"start":{"line":204,"column":12},"end":{"line":204,"column":31}},"83":{"start":{"line":205,"column":12},"end":{"line":211,"column":15}},"84":{"start":{"line":214,"column":12},"end":{"line":214,"column":34}},"85":{"start":{"line":215,"column":12},"end":{"line":218,"column":16}},"86":{"start":{"line":221,"column":12},"end":{"line":221,"column":31}},"87":{"start":{"line":222,"column":12},"end":{"line":222,"column":49}},"88":{"start":{"line":223,"column":12},"end":{"line":223,"column":87}},"89":{"start":{"line":227,"column":12},"end":{"line":227,"column":36}},"90":{"start":{"line":233,"column":2},"end":{"line":235,"column":4}},"91":{"start":{"line":234,"column":4},"end":{"line":234,"column":40}},"92":{"start":{"line":237,"column":0},"end":{"line":237,"column":22}}},"fnMap":{"0":{"name":"(anonymous_0)","decl":{"start":{"line":19,"column":24},"end":{"line":19,"column":25}},"loc":{"start":{"line":19,"column":36},"end":{"line":70,"column":1}},"line":19},"1":{"name":"Post","decl":{"start":{"line":20,"column":11},"end":{"line":20,"column":15}},"loc":{"start":{"line":20,"column":18},"end":{"line":22,"column":3}},"line":20},"2":{"name":"(anonymous_2)","decl":{"start":{"line":26,"column":11},"end":{"line":26,"column":12}},"loc":{"start":{"line":26,"column":23},"end":{"line":67,"column":5}},"line":26},"3":{"name":"_callee","decl":{"start":{"line":27,"column":109},"end":{"line":27,"column":116}},"loc":{"start":{"line":27,"column":136},"end":{"line":60,"column":7}},"line":27},"4":{"name":"_callee$","decl":{"start":{"line":29,"column":53},"end":{"line":29,"column":61}},"loc":{"start":{"line":29,"column":72},"end":{"line":59,"column":9}},"line":29},"5":{"name":"savePost","decl":{"start":{"line":62,"column":15},"end":{"line":62,"column":23}},"loc":{"start":{"line":62,"column":33},"end":{"line":64,"column":7}},"line":62},"6":{"name":"(anonymous_6)","decl":{"start":{"line":72,"column":72},"end":{"line":72,"column":73}},"loc":{"start":{"line":72,"column":84},"end":{"line":101,"column":1}},"line":72},"7":{"name":"_callee2","decl":{"start":{"line":73,"column":100},"end":{"line":73,"column":108}},"loc":{"start":{"line":73,"column":128},"end":{"line":96,"column":3}},"line":73},"8":{"name":"_callee2$","decl":{"start":{"line":75,"column":49},"end":{"line":75,"column":58}},"loc":{"start":{"line":75,"column":70},"end":{"line":95,"column":5}},"line":75},"9":{"name":"(anonymous_9)","decl":{"start":{"line":98,"column":9},"end":{"line":98,"column":10}},"loc":{"start":{"line":98,"column":29},"end":{"line":100,"column":3}},"line":98},"10":{"name":"(anonymous_10)","decl":{"start":{"line":102,"column":62},"end":{"line":102,"column":63}},"loc":{"start":{"line":102,"column":74},"end":{"line":160,"column":1}},"line":102},"11":{"name":"_callee4","decl":{"start":{"line":103,"column":101},"end":{"line":103,"column":109}},"loc":{"start":{"line":103,"column":129},"end":{"line":155,"column":3}},"line":103},"12":{"name":"_callee4$","decl":{"start":{"line":105,"column":49},"end":{"line":105,"column":58}},"loc":{"start":{"line":105,"column":70},"end":{"line":154,"column":5}},"line":105},"13":{"name":"_callee3","decl":{"start":{"line":125,"column":99},"end":{"line":125,"column":107}},"loc":{"start":{"line":125,"column":110},"end":{"line":147,"column":13}},"line":125},"14":{"name":"_callee3$","decl":{"start":{"line":127,"column":59},"end":{"line":127,"column":68}},"loc":{"start":{"line":127,"column":80},"end":{"line":146,"column":15}},"line":127},"15":{"name":"(anonymous_15)","decl":{"start":{"line":157,"column":9},"end":{"line":157,"column":10}},"loc":{"start":{"line":157,"column":29},"end":{"line":159,"column":3}},"line":157},"16":{"name":"(anonymous_16)","decl":{"start":{"line":161,"column":66},"end":{"line":161,"column":67}},"loc":{"start":{"line":161,"column":78},"end":{"line":195,"column":1}},"line":161},"17":{"name":"_callee5","decl":{"start":{"line":162,"column":101},"end":{"line":162,"column":109}},"loc":{"start":{"line":162,"column":129},"end":{"line":190,"column":3}},"line":162},"18":{"name":"_callee5$","decl":{"start":{"line":163,"column":49},"end":{"line":163,"column":58}},"loc":{"start":{"line":163,"column":70},"end":{"line":189,"column":5}},"line":163},"19":{"name":"(anonymous_19)","decl":{"start":{"line":167,"column":82},"end":{"line":167,"column":83}},"loc":{"start":{"line":167,"column":100},"end":{"line":182,"column":13}},"line":167},"20":{"name":"(anonymous_20)","decl":{"start":{"line":171,"column":19},"end":{"line":171,"column":20}},"loc":{"start":{"line":171,"column":42},"end":{"line":176,"column":17}},"line":171},"21":{"name":"(anonymous_21)","decl":{"start":{"line":192,"column":9},"end":{"line":192,"column":10}},"loc":{"start":{"line":192,"column":29},"end":{"line":194,"column":3}},"line":192},"22":{"name":"(anonymous_22)","decl":{"start":{"line":196,"column":65},"end":{"line":196,"column":66}},"loc":{"start":{"line":196,"column":77},"end":{"line":236,"column":1}},"line":196},"23":{"name":"_callee6","decl":{"start":{"line":197,"column":101},"end":{"line":197,"column":109}},"loc":{"start":{"line":197,"column":129},"end":{"line":231,"column":3}},"line":197},"24":{"name":"_callee6$","decl":{"start":{"line":199,"column":49},"end":{"line":199,"column":58}},"loc":{"start":{"line":199,"column":70},"end":{"line":230,"column":5}},"line":199},"25":{"name":"(anonymous_25)","decl":{"start":{"line":233,"column":9},"end":{"line":233,"column":10}},"loc":{"start":{"line":233,"column":30},"end":{"line":235,"column":3}},"line":233}},"branchMap":{"0":{"loc":{"start":{"line":31,"column":12},"end":{"line":57,"column":13}},"type":"switch","locations":[{"start":{"line":32,"column":14},"end":{"line":40,"column":37}},{"start":{"line":42,"column":14},"end":{"line":47,"column":20}},{"start":{"line":49,"column":14},"end":{"line":52,"column":89}},{"start":{"line":54,"column":14},"end":{"line":54,"column":22}},{"start":{"line":55,"column":14},"end":{"line":56,"column":39}}],"line":31},"1":{"loc":{"start":{"line":77,"column":8},"end":{"line":93,"column":9}},"type":"switch","locations":[{"start":{"line":78,"column":10},"end":{"line":80,"column":44}},{"start":{"line":82,"column":10},"end":{"line":88,"column":16}},{"start":{"line":90,"column":10},"end":{"line":90,"column":17}},{"start":{"line":91,"column":10},"end":{"line":92,"column":36}}],"line":77},"2":{"loc":{"start":{"line":107,"column":8},"end":{"line":152,"column":9}},"type":"switch","locations":[{"start":{"line":108,"column":10},"end":{"line":110,"column":84}},{"start":{"line":112,"column":10},"end":{"line":122,"column":16}},{"start":{"line":124,"column":10},"end":{"line":147,"column":18}},{"start":{"line":149,"column":10},"end":{"line":149,"column":17}},{"start":{"line":150,"column":10},"end":{"line":151,"column":36}}],"line":107},"3":{"loc":{"start":{"line":115,"column":12},"end":{"line":118,"column":13}},"type":"if","locations":[{"start":{"line":115,"column":12},"end":{"line":118,"column":13}},{"start":{"line":115,"column":12},"end":{"line":118,"column":13}}],"line":115},"4":{"loc":{"start":{"line":129,"column":18},"end":{"line":144,"column":19}},"type":"switch","locations":[{"start":{"line":130,"column":20},"end":{"line":132,"column":79}},{"start":{"line":134,"column":20},"end":{"line":139,"column":26}},{"start":{"line":141,"column":20},"end":{"line":141,"column":27}},{"start":{"line":142,"column":20},"end":{"line":143,"column":46}}],"line":129},"5":{"loc":{"start":{"line":165,"column":8},"end":{"line":187,"column":9}},"type":"switch","locations":[{"start":{"line":166,"column":10},"end":{"line":182,"column":15}},{"start":{"line":184,"column":10},"end":{"line":184,"column":17}},{"start":{"line":185,"column":10},"end":{"line":186,"column":36}}],"line":165},"6":{"loc":{"start":{"line":168,"column":14},"end":{"line":181,"column":15}},"type":"if","locations":[{"start":{"line":168,"column":14},"end":{"line":181,"column":15}},{"start":{"line":168,"column":14},"end":{"line":181,"column":15}}],"line":168},"7":{"loc":{"start":{"line":201,"column":8},"end":{"line":228,"column":9}},"type":"switch","locations":[{"start":{"line":202,"column":10},"end":{"line":211,"column":15}},{"start":{"line":213,"column":10},"end":{"line":218,"column":16}},{"start":{"line":220,"column":10},"end":{"line":223,"column":87}},{"start":{"line":225,"column":10},"end":{"line":225,"column":18}},{"start":{"line":226,"column":10},"end":{"line":227,"column":36}}],"line":201}},"s":{"0":1,"1":1,"2":1,"3":1,"4":1,"5":1,"6":1,"7":1,"8":1,"9":0,"10":1,"11":1,"12":0,"13":0,"14":0,"15":0,"16":0,"17":0,"18":0,"19":0,"20":0,"21":0,"22":0,"23":0,"24":0,"25":1,"26":1,"27":1,"28":1,"29":0,"30":0,"31":0,"32":0,"33":0,"34":0,"35":0,"36":0,"37":1,"38":0,"39":1,"40":1,"41":0,"42":0,"43":0,"44":0,"45":0,"46":0,"47":0,"48":0,"49":0,"50":0,"51":0,"52":0,"53":0,"54":0,"55":0,"56":0,"57":0,"58":0,"59":0,"60":0,"61":1,"62":0,"63":1,"64":1,"65":0,"66":0,"67":0,"68":0,"69":0,"70":0,"71":0,"72":0,"73":0,"74":1,"75":0,"76":1,"77":1,"78":0,"79":0,"80":0,"81":0,"82":0,"83":0,"84":0,"85":0,"86":0,"87":0,"88":0,"89":0,"90":1,"91":0,"92":1},"f":{"0":1,"1":0,"2":1,"3":0,"4":0,"5":0,"6":1,"7":0,"8":0,"9":0,"10":1,"11":0,"12":0,"13":0,"14":0,"15":0,"16":1,"17":0,"18":0,"19":0,"20":0,"21":0,"22":1,"23":0,"24":0,"25":0},"b":{"0":[0,0,0,0,0],"1":[0,0,0,0],"2":[0,0,0,0,0],"3":[0,0],"4":[0,0,0,0],"5":[0,0,0],"6":[0,0],"7":[0,0,0,0,0]},"inputSourceMap":{"version":3,"sources":["postsController.js"],"names":["Post","request","response","toPost","Posts","title","body","description","imagesource","save","send","status","message","data","find","PostValidator","checkIfIdExists","params","postId","return_Value","findById","then","retval","remove","_id","error","update","$set","module","exports"],"mappings":";;;;;;;;;;;;;;AAAA;;AACA;;IAEMA,I;;;;;;;;qHACqBC,O,EAASC,Q;;;;;;;AAElBC,gBAAAA,M,GAAS,IAAIC,iBAAJ,CAAU;AACrBC,kBAAAA,KAAK,EAAEJ,OAAO,CAACK,IAAR,CAAaD,KADC;AAErBE,kBAAAA,WAAW,EAAEN,OAAO,CAACK,IAAR,CAAaC,WAFL;AAGrBC,kBAAAA,WAAW,EAAEP,OAAO,CAACK,IAAR,CAAaE;AAHL,iBAAV,C;;uBAKTL,MAAM,CAACM,IAAP,E;;;iDACEP,QAAQ,CAACQ,IAAT,CAAc;AACjBC,kBAAAA,MAAM,EAAE,GADS;AAEjBC,kBAAAA,OAAO,EAAE,aAFQ;AAGjBC,kBAAAA,IAAI,EAAEV;AAHW,iBAAd,C;;;;;iDAMDD,QAAQ,CAACQ,IAAT,cAAqBC,MAArB,CAA4B,GAA5B,C;;;;;;;;;;;;;;;;;;;;iCAfbX,I;2FAoB6B,kBAAeC,OAAf,EAAwBC,QAAxB;AAAA;AAAA;AAAA;AAAA;AAAA;AAAA;AAAA,mBACJE,kBAAMU,IAAN,EADI;;AAAA;AACjBD,YAAAA,IADiB;AAAA,8CAEhBX,QAAQ,CAACQ,IAAT,CAAc;AACbC,cAAAA,MAAM,EAAE,GADK;AAEbC,cAAAA,OAAO,EAAE,aAFI;AAGbC,cAAAA,IAAI,EAAJA;AAHa,aAAd,CAFgB;;AAAA;AAAA;AAAA;AAAA;AAAA;AAAA;AAAA,G;;;;;;iCApB7Bb,I;4FA4BmB,kBAAeC,OAAf,EAAwBC,QAAxB;AAAA;AAAA;AAAA;AAAA;AAAA;AAAA;AAAA,mBACea,0BAAcC,eAAd,CAA8Bf,OAAO,CAACgB,MAAR,CAAeC,MAA7C,CADf;;AAAA;AACPC,YAAAA,YADO;;AAAA,kBAELA,YAAY,IAAI,OAFX;AAAA;AAAA;AAAA;;AAAA,8CAGGjB,QAAQ,CAACS,MAAT,CAAgB,GAAhB,EAAqBD,IAArB,CAA0B;AAACE,cAAAA,OAAO,EAAC;AAAT,aAA1B,CAHH;;AAAA;AAKJ,0FAAC;AAAA;AAAA;AAAA;AAAA;AAAA;AAAA;AAAA,6BACqBR,kBAAMgB,QAAN,CAAenB,OAAO,CAACgB,MAAR,CAAeC,MAA9B,CADrB;;AAAA;AACQL,sBAAAA,IADR;AAAA,wDAESX,QAAQ,CAACS,MAAT,CAAgB,GAAhB,EAAqBD,IAArB,CAA0B;AAACE,wBAAAA,OAAO,EAAC,4BAAT;AAAsCC,wBAAAA,IAAI,EAAJA;AAAtC,uBAA1B,CAFT;;AAAA;AAAA;AAAA;AAAA;AAAA;AAAA;AAAA,aAAD;;AALI;AAAA;AAAA;AAAA;AAAA;AAAA;AAAA,G;;;;;;iCA5BnBb,I;4FAyCsB,kBAAMC,OAAN,EAAeC,QAAf;AAAA;AAAA;AAAA;AAAA;AAChBa,sCAAcC,eAAd,CAA8Bf,OAAO,CAACgB,MAAR,CAAeC,MAA7C,EAAqDG,IAArD,CAA0D,UAAAC,MAAM,EAAE;AAC9D,kBAAGA,MAAM,IAAI,MAAb,EAAoB;AAClBlB,kCAAMmB,MAAN,CAAa;AAACC,kBAAAA,GAAG,EAAEvB,OAAO,CAACgB,MAAR,CAAeC;AAArB,iBAAb,EAA2C,UAASO,KAAT,EAAeZ,IAAf,EAAoB;AACzD,yBAAOX,QAAQ,CAACS,MAAT,CAAgB,GAAhB,EAAqBD,IAArB,CAA0B;AAC7BE,oBAAAA,OAAO,EAAE,gBADoB;AAE7BC,oBAAAA,IAAI,EAAJA;AAF6B,mBAA1B,CAAP;AAIP,iBALC;AAMD,eAPD,MAOK;AACL,uBAAOX,QAAQ,CAACS,MAAT,CAAgB,GAAhB,EAAqBD,IAArB,CAA0B;AAC7BE,kBAAAA,OAAO,EAAE;AADoB,iBAA1B,CAAP;AAIH;AACE,aAdH;;AADgB;AAAA;AAAA;AAAA;AAAA;AAAA;AAAA,G;;;;;;iCAzCtBZ,I;4FA0DqB,kBAAOC,OAAP,EAAgBC,QAAhB;AAAA;AAAA;AAAA;AAAA;AAAA;AAAA;AAAA;AAAA,mBAEME,kBAAMsB,MAAN,CAAa;AAACF,cAAAA,GAAG,EAAEvB,OAAO,CAACgB,MAAR,CAAeC;AAArB,aAAb,EACb;AAAES,cAAAA,IAAI,EAAE;AAACtB,gBAAAA,KAAK,EAAEJ,OAAO,CAACK,IAAR,CAAaD;AAArB;AAAR,aADa,CAFN;;AAAA;AAEPQ,YAAAA,IAFO;AAAA,8CAKJX,QAAQ,CAACS,MAAT,CAAgB,GAAhB,EAAqBD,IAArB,CAA0B;AAC7BE,cAAAA,OAAO,EAAE,0BADoB;AAE7BC,cAAAA,IAAI,EAAJA;AAF6B,aAA1B,CALI;;AAAA;AAAA;AAAA;AAAA,8CAUJX,QAAQ,CAACS,MAAT,CAAgB,GAAhB,EAAqBD,IAArB,cAVI;;AAAA;AAAA;AAAA;AAAA;AAAA;AAAA;AAAA,G;;;;;;AAe3BkB,MAAM,CAACC,OAAP,GAAiB7B,IAAjB","sourceRoot":"/Users/andela/Documents/BernardPortfolio/bernard_portfolio/server/controllers/","sourcesContent":["import Posts from '../models/Posts';\nimport PostValidator from '../helpers/PostValidator';\n\nclass Post{\n     static async savePost(request, response){\n        try{\n            const toPost = new Posts({\n                title: request.body.title,\n                description: request.body.description,\n                imagesource: request.body.imagesource\n            });\n            await toPost.save();\n             return response.send({\n                 status: 200,\n                 message: 'Post a post',\n                 data: toPost\n             }); \n        }catch(error){\n            return response.send(error).status(500)\n        }\n     }  \n\n     \n        static retrieveAllPosts =  async function(request, response){\n            const data = await Posts.find();\n            return response.send({\n                    status: 200,\n                    message: 'Get request',\n                    data\n                });\n        }\n        static getOne =  async function(request, response) {\n            const return_Value =  await PostValidator.checkIfIdExists(request.params.postId);\n                 if(return_Value == 'false'){\n                     return response.status(404).send({message:\"No such Post Found\"});\n                 }else{\n                     (async()=>{\n                        const data = await Posts.findById(request.params.postId);\n                        return response.status(200).send({message:\"Post retrieved Succesfully\",data});\n                     })();\n                 }\n                     \n                //})\n            }\n        static deletePost = async(request, response)=>{\n            PostValidator.checkIfIdExists(request.params.postId).then(retval=>{\n                if(retval == 'true'){\n                  Posts.remove({_id: request.params.postId}, function(error,data){\n                        return response.status(200).send({\n                            message: \"Record deleted\",\n                            data\n                        })\n                });\n                }else{\n                return response.status(404).send({\n                    message: \"The post with that ID doesnt exist\"\n                    \n                })\n            }\n              });\n        }\n        static patchPost = async (request, response)=>{\n            try{\n                var data = await Posts.update({_id: request.params.postId},\n                    { $set: {title: request.body.title}}\n                    );\n                return response.status(200).send({\n                    message: 'Post Updated succesfully',\n                    data\n                })    \n            }catch(error){\n                return response.status(500).send(error);\n            }\n        }\n\n}\nmodule.exports = Post;\n"]},"_coverageSchema":"1a1c01bbd47fc00a2c39e90264f33305004495a9","hash":"0fe1d71d8603a4006701ca901aff7bfa6f9a3ac8","contentHash":"8fd2d9b0920454696be1f83a58b87deb9bad66aa6b866c3f1eabf0fb6299195f"},"/Users/andela/Documents/BernardPortfolio/bernard_portfolio/server/models/Posts.js":{"path":"/Users/andela/Documents/BernardPortfolio/bernard_portfolio/server/models/Posts.js","statementMap":{"0":{"start":{"line":3,"column":29},"end":{"line":3,"column":84}},"1":{"start":{"line":5,"column":16},"end":{"line":5,"column":59}},"2":{"start":{"line":8,"column":17},"end":{"line":21,"column":2}},"3":{"start":{"line":22,"column":0},"end":{"line":22,"column":64}}},"fnMap":{},"branchMap":{},"s":{"0":1,"1":1,"2":1,"3":1},"f":{},"b":{},"inputSourceMap":{"version":3,"sources":["Posts.js"],"names":["postSchema","mongoose","Schema","title","type","String","required","description","imagesource","module","exports","model"],"mappings":";;;;AACA;;AADA;AAIA,IAAMA,UAAU,GAAG,IAAIC,qBAASC,MAAb,CAAoB;AACnCC,EAAAA,KAAK,EAAC;AACFC,IAAAA,IAAI,EAAEC,MADJ;AAEFC,IAAAA,QAAQ,EAAE;AAFR,GAD6B;AAKnCC,EAAAA,WAAW,EAAC;AACRH,IAAAA,IAAI,EAAEC,MADE;AAERC,IAAAA,QAAQ,EAAE;AAFF,GALuB;AASnCE,EAAAA,WAAW,EAAC;AACRJ,IAAAA,IAAI,EAAEC,MADE;AAERC,IAAAA,QAAQ,EAAE;AAFF;AATuB,CAApB,CAAnB;AAcAG,MAAM,CAACC,OAAP,GAAiBT,qBAASU,KAAT,CAAe,MAAf,EAAuBX,UAAvB,CAAjB","sourceRoot":"/Users/andela/Documents/BernardPortfolio/bernard_portfolio/server/models/","sourcesContent":["// const mongoose = require(`mongoose`);\nimport mongoose from 'mongoose';\n\n\nconst postSchema = new mongoose.Schema({\n    title:{\n        type: String,\n        required: true\n    },\n    description:{\n        type: String,\n        required: true\n    },\n    imagesource:{\n        type: String,\n        required: true\n    }\n});\nmodule.exports = mongoose.model('Post', postSchema);"]},"_coverageSchema":"1a1c01bbd47fc00a2c39e90264f33305004495a9","hash":"18247173e3e1804a2e4556e3c0c7f4f1db5c55c4","contentHash":"5e72311d237b422ced5930350cae81a6262431d144e02021158612473ca62697"},"/Users/andela/Documents/BernardPortfolio/bernard_portfolio/server/helpers/PostValidator.js":{"path":"/Users/andela/Documents/BernardPortfolio/bernard_portfolio/server/helpers/PostValidator.js","statementMap":{"0":{"start":{"line":3,"column":29},"end":{"line":3,"column":84}},"1":{"start":{"line":5,"column":19},"end":{"line":5,"column":80}},"2":{"start":{"line":7,"column":25},"end":{"line":7,"column":99}},"3":{"start":{"line":9,"column":23},"end":{"line":9,"column":95}},"4":{"start":{"line":11,"column":23},"end":{"line":11,"column":95}},"5":{"start":{"line":13,"column":13},"end":{"line":13,"column":63}},"6":{"start":{"line":15,"column":65},"end":{"line":15,"column":623}},"7":{"start":{"line":15,"column":132},"end":{"line":15,"column":463}},"8":{"start":{"line":15,"column":252},"end":{"line":15,"column":267}},"9":{"start":{"line":15,"column":260},"end":{"line":15,"column":267}},"10":{"start":{"line":15,"column":276},"end":{"line":15,"column":277}},"11":{"start":{"line":15,"column":287},"end":{"line":15,"column":302}},"12":{"start":{"line":15,"column":304},"end":{"line":15,"column":461}},"13":{"start":{"line":15,"column":337},"end":{"line":15,"column":378}},"14":{"start":{"line":15,"column":356},"end":{"line":15,"column":378}},"15":{"start":{"line":15,"column":379},"end":{"line":15,"column":417}},"16":{"start":{"line":15,"column":441},"end":{"line":15,"column":450}},"17":{"start":{"line":15,"column":464},"end":{"line":15,"column":621}},"18":{"start":{"line":15,"column":647},"end":{"line":15,"column":651}},"19":{"start":{"line":15,"column":662},"end":{"line":15,"column":667}},"20":{"start":{"line":15,"column":674},"end":{"line":15,"column":995}},"21":{"start":{"line":15,"column":701},"end":{"line":15,"column":727}},"22":{"start":{"line":15,"column":760},"end":{"line":15,"column":769}},"23":{"start":{"line":15,"column":771},"end":{"line":15,"column":800}},"24":{"start":{"line":15,"column":801},"end":{"line":15,"column":813}},"25":{"start":{"line":15,"column":838},"end":{"line":15,"column":852}},"26":{"start":{"line":15,"column":853},"end":{"line":15,"column":863}},"27":{"start":{"line":15,"column":885},"end":{"line":15,"column":990}},"28":{"start":{"line":15,"column":891},"end":{"line":15,"column":953}},"29":{"start":{"line":15,"column":938},"end":{"line":15,"column":953}},"30":{"start":{"line":15,"column":966},"end":{"line":15,"column":988}},"31":{"start":{"line":15,"column":978},"end":{"line":15,"column":988}},"32":{"start":{"line":17,"column":50},"end":{"line":17,"column":65}},"33":{"start":{"line":17,"column":58},"end":{"line":17,"column":65}},"34":{"start":{"line":17,"column":66},"end":{"line":17,"column":129}},"35":{"start":{"line":17,"column":93},"end":{"line":17,"column":129}},"36":{"start":{"line":17,"column":138},"end":{"line":17,"column":184}},"37":{"start":{"line":17,"column":186},"end":{"line":17,"column":246}},"38":{"start":{"line":17,"column":223},"end":{"line":17,"column":246}},"39":{"start":{"line":17,"column":247},"end":{"line":17,"column":300}},"40":{"start":{"line":17,"column":279},"end":{"line":17,"column":300}},"41":{"start":{"line":17,"column":301},"end":{"line":17,"column":414}},"42":{"start":{"line":17,"column":378},"end":{"line":17,"column":414}},"43":{"start":{"line":19,"column":39},"end":{"line":19,"column":93}},"44":{"start":{"line":19,"column":76},"end":{"line":19,"column":93}},"45":{"start":{"line":19,"column":94},"end":{"line":19,"column":168}},"46":{"start":{"line":19,"column":107},"end":{"line":19,"column":108}},"47":{"start":{"line":19,"column":117},"end":{"line":19,"column":131}},"48":{"start":{"line":19,"column":149},"end":{"line":19,"column":166}},"49":{"start":{"line":19,"column":169},"end":{"line":19,"column":181}},"50":{"start":{"line":21,"column":20},"end":{"line":23,"column":1}},"51":{"start":{"line":22,"column":2},"end":{"line":22,"column":56}},"52":{"start":{"line":25,"column":0},"end":{"line":68,"column":5}},"53":{"start":{"line":26,"column":13},"end":{"line":63,"column":5}},"54":{"start":{"line":29,"column":4},"end":{"line":62,"column":16}},"55":{"start":{"line":30,"column":6},"end":{"line":61,"column":7}},"56":{"start":{"line":31,"column":8},"end":{"line":60,"column":9}},"57":{"start":{"line":33,"column":12},"end":{"line":33,"column":29}},"58":{"start":{"line":34,"column":12},"end":{"line":34,"column":30}},"59":{"start":{"line":35,"column":12},"end":{"line":35,"column":44}},"60":{"start":{"line":38,"column":12},"end":{"line":38,"column":33}},"61":{"start":{"line":39,"column":12},"end":{"line":39,"column":57}},"62":{"start":{"line":41,"column":12},"end":{"line":53,"column":13}},"63":{"start":{"line":42,"column":14},"end":{"line":48,"column":15}},"64":{"start":{"line":43,"column":16},"end":{"line":43,"column":36}},"65":{"start":{"line":45,"column":16},"end":{"line":47,"column":17}},"66":{"start":{"line":46,"column":18},"end":{"line":46,"column":34}},"67":{"start":{"line":50,"column":14},"end":{"line":50,"column":31}},"68":{"start":{"line":52,"column":14},"end":{"line":52,"column":28}},"69":{"start":{"line":55,"column":12},"end":{"line":55,"column":53}},"70":{"start":{"line":59,"column":12},"end":{"line":59,"column":35}},"71":{"start":{"line":65,"column":2},"end":{"line":67,"column":4}},"72":{"start":{"line":66,"column":4},"end":{"line":66,"column":39}},"73":{"start":{"line":69,"column":0},"end":{"line":69,"column":31}}},"fnMap":{"0":{"name":"_createForOfIteratorHelper","decl":{"start":{"line":15,"column":9},"end":{"line":15,"column":35}},"loc":{"start":{"line":15,"column":55},"end":{"line":15,"column":997}},"line":15},"1":{"name":"F","decl":{"start":{"line":15,"column":296},"end":{"line":15,"column":297}},"loc":{"start":{"line":15,"column":300},"end":{"line":15,"column":302}},"line":15},"2":{"name":"n","decl":{"start":{"line":15,"column":331},"end":{"line":15,"column":332}},"loc":{"start":{"line":15,"column":335},"end":{"line":15,"column":419}},"line":15},"3":{"name":"e","decl":{"start":{"line":15,"column":433},"end":{"line":15,"column":434}},"loc":{"start":{"line":15,"column":439},"end":{"line":15,"column":452}},"line":15},"4":{"name":"s","decl":{"start":{"line":15,"column":695},"end":{"line":15,"column":696}},"loc":{"start":{"line":15,"column":699},"end":{"line":15,"column":729}},"line":15},"5":{"name":"n","decl":{"start":{"line":15,"column":743},"end":{"line":15,"column":744}},"loc":{"start":{"line":15,"column":747},"end":{"line":15,"column":815}},"line":15},"6":{"name":"e","decl":{"start":{"line":15,"column":829},"end":{"line":15,"column":830}},"loc":{"start":{"line":15,"column":836},"end":{"line":15,"column":865}},"line":15},"7":{"name":"f","decl":{"start":{"line":15,"column":879},"end":{"line":15,"column":880}},"loc":{"start":{"line":15,"column":883},"end":{"line":15,"column":992}},"line":15},"8":{"name":"_unsupportedIterableToArray","decl":{"start":{"line":17,"column":9},"end":{"line":17,"column":36}},"loc":{"start":{"line":17,"column":48},"end":{"line":17,"column":416}},"line":17},"9":{"name":"_arrayLikeToArray","decl":{"start":{"line":19,"column":9},"end":{"line":19,"column":26}},"loc":{"start":{"line":19,"column":37},"end":{"line":19,"column":183}},"line":19},"10":{"name":"PostValidator","decl":{"start":{"line":21,"column":29},"end":{"line":21,"column":42}},"loc":{"start":{"line":21,"column":45},"end":{"line":23,"column":1}},"line":21},"11":{"name":"(anonymous_11)","decl":{"start":{"line":25,"column":80},"end":{"line":25,"column":81}},"loc":{"start":{"line":25,"column":92},"end":{"line":68,"column":1}},"line":25},"12":{"name":"_callee","decl":{"start":{"line":26,"column":100},"end":{"line":26,"column":107}},"loc":{"start":{"line":26,"column":118},"end":{"line":63,"column":3}},"line":26},"13":{"name":"_callee$","decl":{"start":{"line":29,"column":49},"end":{"line":29,"column":57}},"loc":{"start":{"line":29,"column":68},"end":{"line":62,"column":5}},"line":29},"14":{"name":"(anonymous_14)","decl":{"start":{"line":65,"column":9},"end":{"line":65,"column":10}},"loc":{"start":{"line":65,"column":23},"end":{"line":67,"column":3}},"line":65}},"branchMap":{"0":{"loc":{"start":{"line":15,"column":65},"end":{"line":15,"column":623}},"type":"if","locations":[{"start":{"line":15,"column":65},"end":{"line":15,"column":623}},{"start":{"line":15,"column":65},"end":{"line":15,"column":623}}],"line":15},"1":{"loc":{"start":{"line":15,"column":69},"end":{"line":15,"column":128}},"type":"binary-expr","locations":[{"start":{"line":15,"column":69},"end":{"line":15,"column":98}},{"start":{"line":15,"column":102},"end":{"line":15,"column":128}}],"line":15},"2":{"loc":{"start":{"line":15,"column":132},"end":{"line":15,"column":463}},"type":"if","locations":[{"start":{"line":15,"column":132},"end":{"line":15,"column":463}},{"start":{"line":15,"column":132},"end":{"line":15,"column":463}}],"line":15},"3":{"loc":{"start":{"line":15,"column":136},"end":{"line":15,"column":248}},"type":"binary-expr","locations":[{"start":{"line":15,"column":136},"end":{"line":15,"column":152}},{"start":{"line":15,"column":157},"end":{"line":15,"column":192}},{"start":{"line":15,"column":197},"end":{"line":15,"column":211}},{"start":{"line":15,"column":215},"end":{"line":15,"column":216}},{"start":{"line":15,"column":220},"end":{"line":15,"column":248}}],"line":15},"4":{"loc":{"start":{"line":15,"column":252},"end":{"line":15,"column":267}},"type":"if","locations":[{"start":{"line":15,"column":252},"end":{"line":15,"column":267}},{"start":{"line":15,"column":252},"end":{"line":15,"column":267}}],"line":15},"5":{"loc":{"start":{"line":15,"column":337},"end":{"line":15,"column":378}},"type":"if","locations":[{"start":{"line":15,"column":337},"end":{"line":15,"column":378}},{"start":{"line":15,"column":337},"end":{"line":15,"column":378}}],"line":15},"6":{"loc":{"start":{"line":15,"column":891},"end":{"line":15,"column":953}},"type":"if","locations":[{"start":{"line":15,"column":891},"end":{"line":15,"column":953}},{"start":{"line":15,"column":891},"end":{"line":15,"column":953}}],"line":15},"7":{"loc":{"start":{"line":15,"column":895},"end":{"line":15,"column":936}},"type":"binary-expr","locations":[{"start":{"line":15,"column":895},"end":{"line":15,"column":912}},{"start":{"line":15,"column":916},"end":{"line":15,"column":936}}],"line":15},"8":{"loc":{"start":{"line":15,"column":966},"end":{"line":15,"column":988}},"type":"if","locations":[{"start":{"line":15,"column":966},"end":{"line":15,"column":988}},{"start":{"line":15,"column":966},"end":{"line":15,"column":988}}],"line":15},"9":{"loc":{"start":{"line":17,"column":50},"end":{"line":17,"column":65}},"type":"if","locations":[{"start":{"line":17,"column":50},"end":{"line":17,"column":65}},{"start":{"line":17,"column":50},"end":{"line":17,"column":65}}],"line":17},"10":{"loc":{"start":{"line":17,"column":66},"end":{"line":17,"column":129}},"type":"if","locations":[{"start":{"line":17,"column":66},"end":{"line":17,"column":129}},{"start":{"line":17,"column":66},"end":{"line":17,"column":129}}],"line":17},"11":{"loc":{"start":{"line":17,"column":186},"end":{"line":17,"column":246}},"type":"if","locations":[{"start":{"line":17,"column":186},"end":{"line":17,"column":246}},{"start":{"line":17,"column":186},"end":{"line":17,"column":246}}],"line":17},"12":{"loc":{"start":{"line":17,"column":190},"end":{"line":17,"column":221}},"type":"binary-expr","locations":[{"start":{"line":17,"column":190},"end":{"line":17,"column":204}},{"start":{"line":17,"column":208},"end":{"line":17,"column":221}}],"line":17},"13":{"loc":{"start":{"line":17,"column":247},"end":{"line":17,"column":300}},"type":"if","locations":[{"start":{"line":17,"column":247},"end":{"line":17,"column":300}},{"start":{"line":17,"column":247},"end":{"line":17,"column":300}}],"line":17},"14":{"loc":{"start":{"line":17,"column":251},"end":{"line":17,"column":277}},"type":"binary-expr","locations":[{"start":{"line":17,"column":251},"end":{"line":17,"column":262}},{"start":{"line":17,"column":266},"end":{"line":17,"column":277}}],"line":17},"15":{"loc":{"start":{"line":17,"column":301},"end":{"line":17,"column":414}},"type":"if","locations":[{"start":{"line":17,"column":301},"end":{"line":17,"column":414}},{"start":{"line":17,"column":301},"end":{"line":17,"column":414}}],"line":17},"16":{"loc":{"start":{"line":17,"column":305},"end":{"line":17,"column":376}},"type":"binary-expr","locations":[{"start":{"line":17,"column":305},"end":{"line":17,"column":322}},{"start":{"line":17,"column":326},"end":{"line":17,"column":376}}],"line":17},"17":{"loc":{"start":{"line":19,"column":39},"end":{"line":19,"column":93}},"type":"if","locations":[{"start":{"line":19,"column":39},"end":{"line":19,"column":93}},{"start":{"line":19,"column":39},"end":{"line":19,"column":93}}],"line":19},"18":{"loc":{"start":{"line":19,"column":43},"end":{"line":19,"column":74}},"type":"binary-expr","locations":[{"start":{"line":19,"column":43},"end":{"line":19,"column":54}},{"start":{"line":19,"column":58},"end":{"line":19,"column":74}}],"line":19},"19":{"loc":{"start":{"line":31,"column":8},"end":{"line":60,"column":9}},"type":"switch","locations":[{"start":{"line":32,"column":10},"end":{"line":35,"column":44}},{"start":{"line":37,"column":10},"end":{"line":55,"column":53}},{"start":{"line":57,"column":10},"end":{"line":57,"column":17}},{"start":{"line":58,"column":10},"end":{"line":59,"column":35}}],"line":31},"20":{"loc":{"start":{"line":45,"column":16},"end":{"line":47,"column":17}},"type":"if","locations":[{"start":{"line":45,"column":16},"end":{"line":47,"column":17}},{"start":{"line":45,"column":16},"end":{"line":47,"column":17}}],"line":45}},"s":{"0":1,"1":1,"2":1,"3":1,"4":1,"5":1,"6":0,"7":0,"8":0,"9":0,"10":0,"11":0,"12":0,"13":0,"14":0,"15":0,"16":0,"17":0,"18":0,"19":0,"20":0,"21":0,"22":0,"23":0,"24":0,"25":0,"26":0,"27":0,"28":0,"29":0,"30":0,"31":0,"32":0,"33":0,"34":0,"35":0,"36":0,"37":0,"38":0,"39":0,"40":0,"41":0,"42":0,"43":0,"44":0,"45":0,"46":0,"47":0,"48":0,"49":0,"50":1,"51":0,"52":1,"53":1,"54":0,"55":0,"56":0,"57":0,"58":0,"59":0,"60":0,"61":0,"62":0,"63":0,"64":0,"65":0,"66":0,"67":0,"68":0,"69":0,"70":0,"71":1,"72":0,"73":1},"f":{"0":0,"1":0,"2":0,"3":0,"4":0,"5":0,"6":0,"7":0,"8":0,"9":0,"10":0,"11":1,"12":0,"13":0,"14":0},"b":{"0":[0,0],"1":[0,0],"2":[0,0],"3":[0,0,0,0,0],"4":[0,0],"5":[0,0],"6":[0,0],"7":[0,0],"8":[0,0],"9":[0,0],"10":[0,0],"11":[0,0],"12":[0,0],"13":[0,0],"14":[0,0],"15":[0,0],"16":[0,0],"17":[0,0],"18":[0,0],"19":[0,0,0,0],"20":[0,0]},"inputSourceMap":{"version":3,"sources":["PostValidator.js"],"names":["PostValidator","_checkId","retval","Posts","find","data","sData","_id","module","exports"],"mappings":";;;;;;;;;;;;AAAA;;;;;;;;IACMA,a;;;;iCAAAA,a;2FACqB,iBAAMC,QAAN;AAAA;;AAAA;AAAA;AAAA;AAAA;AACjBC,YAAAA,MADiB,GACR,OADQ;AAAA;AAAA,mBAEFC,kBAAMC,IAAN,EAFE;;AAAA;AAEfC,YAAAA,IAFe;AAAA,mDAGJA,IAHI;;AAAA;AAGrB,kEAAsB;AAAdC,gBAAAA,KAAc;;AACpB,oBAAGL,QAAQ,IAAIK,KAAK,CAACC,GAArB,EAAyB;AACvBL,kBAAAA,MAAM,GAAG,MAAT;AACD;AACF;AAPoB;AAAA;AAAA;AAAA;AAAA;;AAAA,6CAQdA,MARc;;AAAA;AAAA;AAAA;AAAA;AAAA;AAAA;AAAA,G;;;;;;AAa3BM,MAAM,CAACC,OAAP,GAAiBT,aAAjB","sourceRoot":"/Users/andela/Documents/BernardPortfolio/bernard_portfolio/server/helpers/","sourcesContent":["import Posts from '../models/Posts';\nclass PostValidator{\n  static checkIfIdExists = async(_checkId)=>{\n      let retval = 'false';\n      const data = await Posts.find();\n      for(let sData of data){\n        if(_checkId == sData._id){\n          retval = 'true'\n        }\n      }\n      return retval;\n      \n  }\n\n}\nmodule.exports = PostValidator;"]},"_coverageSchema":"1a1c01bbd47fc00a2c39e90264f33305004495a9","hash":"3880a5cbff86768af4bb82fa884c9647c6245b8d","contentHash":"a3e08bbfbbf855a612b68b6471d58875134ee1438a6f3281ab95f8b9746f4548"},"/Users/andela/Documents/BernardPortfolio/bernard_portfolio/server/routes/api/comments.js":{"path":"/Users/andela/Documents/BernardPortfolio/bernard_portfolio/server/routes/api/comments.js","statementMap":{"0":{"start":{"line":3,"column":25},"end":{"line":3,"column":72}},"1":{"start":{"line":5,"column":14},"end":{"line":5,"column":32}},"2":{"start":{"line":7,"column":13},"end":{"line":7,"column":29}},"3":{"start":{"line":8,"column":0},"end":{"line":8,"column":49}},"4":{"start":{"line":9,"column":0},"end":{"line":9,"column":70}},"5":{"start":{"line":10,"column":0},"end":{"line":10,"column":52}},"6":{"start":{"line":11,"column":0},"end":{"line":11,"column":63}},"7":{"start":{"line":12,"column":0},"end":{"line":12,"column":62}},"8":{"start":{"line":13,"column":0},"end":{"line":13,"column":24}}},"fnMap":{},"branchMap":{},"s":{"0":1,"1":1,"2":1,"3":1,"4":1,"5":1,"6":1,"7":1,"8":1},"f":{},"b":{},"inputSourceMap":{"version":3,"sources":["comments.js"],"names":["commentsController","require","express","router","Router","post","saveComment","deleteThisComment","get","retrieveComment","getSingleComment","patch","updateComment","module","exports"],"mappings":";;AAAA,IAAMA,kBAAkB,GAAGC,OAAO,CAAC,sCAAD,CAAlC;;AACA,IAAMC,OAAO,GAAGD,OAAO,CAAC,SAAD,CAAvB;;AACA,IAAME,MAAM,GAAGD,OAAO,CAACE,MAAR,EAAf;AAEAD,MAAM,CAACE,IAAP,CAAY,GAAZ,EAAiBL,kBAAkB,CAACM,WAApC;AACAH,MAAM,UAAN,CAAc,aAAd,EAA6BH,kBAAkB,CAACO,iBAAhD;AACAJ,MAAM,CAACK,GAAP,CAAW,GAAX,EAAgBR,kBAAkB,CAACS,eAAnC;AACAN,MAAM,CAACK,GAAP,CAAW,aAAX,EAA0BR,kBAAkB,CAACU,gBAA7C;AACAP,MAAM,CAACQ,KAAP,CAAa,aAAb,EAA4BX,kBAAkB,CAACY,aAA/C;AAGAC,MAAM,CAACC,OAAP,GAAiBX,MAAjB","sourceRoot":"/Users/andela/Documents/BernardPortfolio/bernard_portfolio/server/routes/api/","sourcesContent":["const commentsController = require('../../controllers/commentsController');\nconst express = require('express');\nconst router = express.Router();\n\nrouter.post(\"/\", commentsController.saveComment);\nrouter.delete(\"/:commentId\", commentsController.deleteThisComment);\nrouter.get(\"/\", commentsController.retrieveComment);\nrouter.get(\"/:commentId\", commentsController.getSingleComment);\nrouter.patch(\"/:commentID\", commentsController.updateComment);\n\n\nmodule.exports = router;\n\n\n\n"]},"_coverageSchema":"1a1c01bbd47fc00a2c39e90264f33305004495a9","hash":"510da7e073b56e2ff104b8d1145d444f69280dc8","contentHash":"a4f0c05924c04d74ae1f08b8692377cb08ccac65e1207c124ed21d45453257dc"},"/Users/andela/Documents/BernardPortfolio/bernard_portfolio/server/controllers/commentsController.js":{"path":"/Users/andela/Documents/BernardPortfolio/bernard_portfolio/server/controllers/commentsController.js","statementMap":{"0":{"start":{"line":3,"column":29},"end":{"line":3,"column":84}},"1":{"start":{"line":5,"column":19},"end":{"line":5,"column":80}},"2":{"start":{"line":7,"column":25},"end":{"line":7,"column":99}},"3":{"start":{"line":9,"column":23},"end":{"line":9,"column":95}},"4":{"start":{"line":11,"column":23},"end":{"line":11,"column":95}},"5":{"start":{"line":13,"column":16},"end":{"line":13,"column":69}},"6":{"start":{"line":15,"column":24},"end":{"line":15,"column":86}},"7":{"start":{"line":17,"column":14},"end":{"line":19,"column":1}},"8":{"start":{"line":18,"column":2},"end":{"line":18,"column":50}},"9":{"start":{"line":21,"column":0},"end":{"line":34,"column":3}},"10":{"start":{"line":22,"column":15},"end":{"line":26,"column":4}},"11":{"start":{"line":27,"column":2},"end":{"line":33,"column":5}},"12":{"start":{"line":28,"column":4},"end":{"line":32,"column":7}},"13":{"start":{"line":35,"column":0},"end":{"line":77,"column":3}},"14":{"start":{"line":36,"column":2},"end":{"line":76,"column":8}},"15":{"start":{"line":38,"column":4},"end":{"line":75,"column":16}},"16":{"start":{"line":39,"column":6},"end":{"line":74,"column":7}},"17":{"start":{"line":40,"column":8},"end":{"line":73,"column":9}},"18":{"start":{"line":42,"column":12},"end":{"line":42,"column":30}},"19":{"start":{"line":43,"column":12},"end":{"line":43,"column":90}},"20":{"start":{"line":46,"column":12},"end":{"line":46,"column":32}},"21":{"start":{"line":48,"column":12},"end":{"line":51,"column":13}},"22":{"start":{"line":49,"column":14},"end":{"line":49,"column":32}},"23":{"start":{"line":50,"column":14},"end":{"line":50,"column":20}},"24":{"start":{"line":53,"column":12},"end":{"line":60,"column":15}},"25":{"start":{"line":56,"column":14},"end":{"line":59,"column":17}},"26":{"start":{"line":62,"column":12},"end":{"line":62,"column":30}},"27":{"start":{"line":63,"column":12},"end":{"line":63,"column":18}},"28":{"start":{"line":66,"column":12},"end":{"line":68,"column":16}},"29":{"start":{"line":72,"column":12},"end":{"line":72,"column":35}},"30":{"start":{"line":78,"column":0},"end":{"line":106,"column":5}},"31":{"start":{"line":79,"column":14},"end":{"line":101,"column":5}},"32":{"start":{"line":81,"column":4},"end":{"line":100,"column":17}},"33":{"start":{"line":82,"column":6},"end":{"line":99,"column":7}},"34":{"start":{"line":83,"column":8},"end":{"line":98,"column":9}},"35":{"start":{"line":85,"column":12},"end":{"line":85,"column":31}},"36":{"start":{"line":86,"column":12},"end":{"line":86,"column":47}},"37":{"start":{"line":89,"column":12},"end":{"line":89,"column":34}},"38":{"start":{"line":90,"column":12},"end":{"line":93,"column":16}},"39":{"start":{"line":97,"column":12},"end":{"line":97,"column":36}},"40":{"start":{"line":103,"column":2},"end":{"line":105,"column":4}},"41":{"start":{"line":104,"column":4},"end":{"line":104,"column":40}},"42":{"start":{"line":107,"column":0},"end":{"line":121,"column":3}},"43":{"start":{"line":108,"column":2},"end":{"line":120,"column":5}},"44":{"start":{"line":115,"column":4},"end":{"line":119,"column":7}},"45":{"start":{"line":122,"column":0},"end":{"line":130,"column":3}},"46":{"start":{"line":123,"column":2},"end":{"line":129,"column":5}},"47":{"start":{"line":124,"column":4},"end":{"line":128,"column":7}},"48":{"start":{"line":131,"column":0},"end":{"line":131,"column":25}}},"fnMap":{"0":{"name":"Comment","decl":{"start":{"line":17,"column":23},"end":{"line":17,"column":30}},"loc":{"start":{"line":17,"column":33},"end":{"line":19,"column":1}},"line":17},"1":{"name":"(anonymous_1)","decl":{"start":{"line":21,"column":57},"end":{"line":21,"column":58}},"loc":{"start":{"line":21,"column":86},"end":{"line":34,"column":1}},"line":21},"2":{"name":"(anonymous_2)","decl":{"start":{"line":27,"column":21},"end":{"line":27,"column":22}},"loc":{"start":{"line":27,"column":33},"end":{"line":33,"column":3}},"line":27},"3":{"name":"(anonymous_3)","decl":{"start":{"line":35,"column":63},"end":{"line":35,"column":64}},"loc":{"start":{"line":35,"column":92},"end":{"line":77,"column":1}},"line":35},"4":{"name":"_callee","decl":{"start":{"line":36,"column":89},"end":{"line":36,"column":96}},"loc":{"start":{"line":36,"column":99},"end":{"line":76,"column":3}},"line":36},"5":{"name":"_callee$","decl":{"start":{"line":38,"column":49},"end":{"line":38,"column":57}},"loc":{"start":{"line":38,"column":68},"end":{"line":75,"column":5}},"line":38},"6":{"name":"(anonymous_6)","decl":{"start":{"line":55,"column":20},"end":{"line":55,"column":21}},"loc":{"start":{"line":55,"column":36},"end":{"line":60,"column":13}},"line":55},"7":{"name":"(anonymous_7)","decl":{"start":{"line":78,"column":74},"end":{"line":78,"column":75}},"loc":{"start":{"line":78,"column":86},"end":{"line":106,"column":1}},"line":78},"8":{"name":"_callee2","decl":{"start":{"line":79,"column":101},"end":{"line":79,"column":109}},"loc":{"start":{"line":79,"column":129},"end":{"line":101,"column":3}},"line":79},"9":{"name":"_callee2$","decl":{"start":{"line":81,"column":49},"end":{"line":81,"column":58}},"loc":{"start":{"line":81,"column":70},"end":{"line":100,"column":5}},"line":81},"10":{"name":"(anonymous_10)","decl":{"start":{"line":103,"column":9},"end":{"line":103,"column":10}},"loc":{"start":{"line":103,"column":28},"end":{"line":105,"column":3}},"line":103},"11":{"name":"(anonymous_11)","decl":{"start":{"line":107,"column":59},"end":{"line":107,"column":60}},"loc":{"start":{"line":107,"column":88},"end":{"line":121,"column":1}},"line":107},"12":{"name":"(anonymous_12)","decl":{"start":{"line":114,"column":10},"end":{"line":114,"column":11}},"loc":{"start":{"line":114,"column":26},"end":{"line":120,"column":3}},"line":114},"13":{"name":"(anonymous_13)","decl":{"start":{"line":122,"column":62},"end":{"line":122,"column":63}},"loc":{"start":{"line":122,"column":91},"end":{"line":130,"column":1}},"line":122},"14":{"name":"(anonymous_14)","decl":{"start":{"line":123,"column":63},"end":{"line":123,"column":64}},"loc":{"start":{"line":123,"column":79},"end":{"line":129,"column":3}},"line":123}},"branchMap":{"0":{"loc":{"start":{"line":40,"column":8},"end":{"line":73,"column":9}},"type":"switch","locations":[{"start":{"line":41,"column":10},"end":{"line":43,"column":90}},{"start":{"line":45,"column":10},"end":{"line":63,"column":18}},{"start":{"line":65,"column":10},"end":{"line":68,"column":16}},{"start":{"line":70,"column":10},"end":{"line":70,"column":17}},{"start":{"line":71,"column":10},"end":{"line":72,"column":35}}],"line":40},"1":{"loc":{"start":{"line":48,"column":12},"end":{"line":51,"column":13}},"type":"if","locations":[{"start":{"line":48,"column":12},"end":{"line":51,"column":13}},{"start":{"line":48,"column":12},"end":{"line":51,"column":13}}],"line":48},"2":{"loc":{"start":{"line":83,"column":8},"end":{"line":98,"column":9}},"type":"switch","locations":[{"start":{"line":84,"column":10},"end":{"line":86,"column":47}},{"start":{"line":88,"column":10},"end":{"line":93,"column":16}},{"start":{"line":95,"column":10},"end":{"line":95,"column":17}},{"start":{"line":96,"column":10},"end":{"line":97,"column":36}}],"line":83}},"s":{"0":1,"1":1,"2":1,"3":1,"4":1,"5":1,"6":1,"7":1,"8":0,"9":1,"10":1,"11":1,"12":0,"13":1,"14":0,"15":0,"16":0,"17":0,"18":0,"19":0,"20":0,"21":0,"22":0,"23":0,"24":0,"25":0,"26":0,"27":0,"28":0,"29":0,"30":1,"31":1,"32":0,"33":0,"34":0,"35":0,"36":0,"37":0,"38":0,"39":0,"40":1,"41":0,"42":1,"43":0,"44":0,"45":1,"46":0,"47":0,"48":1},"f":{"0":0,"1":1,"2":0,"3":0,"4":0,"5":0,"6":0,"7":1,"8":0,"9":0,"10":0,"11":0,"12":0,"13":0,"14":0},"b":{"0":[0,0,0,0,0],"1":[0,0],"2":[0,0,0,0]},"inputSourceMap":{"version":3,"sources":["commentsController.js"],"names":["Comment","request","response","toPost","Comments","username","body","message","email","save","then","send","status","data","CommentValidator","checkIfIdExists","params","commentId","res","remove","_id","find","update","commentID","$set","findById","module","exports"],"mappings":";;;;;;;;;;;;AAAA;;AACA;;IACMA,O;;;;iCAAAA,O,iBACuB,UAACC,OAAD,EAAUC,QAAV,EAAqB;AACtC,MAAMC,MAAM,GAAG,IAAIC,oBAAJ,CAAa;AACxBC,IAAAA,QAAQ,EAAEJ,OAAO,CAACK,IAAR,CAAaD,QADC;AAExBE,IAAAA,OAAO,EAAEN,OAAO,CAACK,IAAR,CAAaC,OAFE;AAGxBC,IAAAA,KAAK,EAAEP,OAAO,CAACK,IAAR,CAAaE;AAHI,GAAb,CAAf;AAMAL,EAAAA,MAAM,CAACM,IAAP,GAAcC,IAAd,CAAmB,YAAI;AACnB,WAAOR,QAAQ,CAACS,IAAT,CAAc;AACjBC,MAAAA,MAAM,EAAE,GADS;AAEjBL,MAAAA,OAAO,EAAE,gBAFQ;AAGjBM,MAAAA,IAAI,EAAEV;AAHW,KAAd,CAAP;AAKH,GAND;AAQH,C;iCAhBHH,O,uBAiB6B,UAACC,OAAD,EAAUC,QAAV,EAAqB;AAC5C,gFAAC;AAAA;AAAA;AAAA;AAAA;AAAA;AAAA;AAAA,mBACqBY,6BAAiBC,eAAjB,CAAiCd,OAAO,CAACe,MAAR,CAAeC,SAAhD,CADrB;;AAAA;AACSC,YAAAA,GADT;;AAAA,kBAEMA,GAAG,IAAI,MAFb;AAAA;AAAA;AAAA;;AAGOd,iCAASe,MAAT,CAAgB;AAACC,cAAAA,GAAG,EAAEnB,OAAO,CAACe,MAAR,CAAeC;AAArB,aAAhB,EAAiDP,IAAjD,CAAsD,UAACG,IAAD,EAAQ;AAC1D,qBAAOX,QAAQ,CAACU,MAAT,CAAgB,GAAhB,EAAqBD,IAArB,CAA0B;AAC7BJ,gBAAAA,OAAO,EAAE,+BADoB;AAE7BM,gBAAAA,IAAI,EAAJA;AAF6B,eAA1B,CAAP;AAIP,aALG;;AAHP;AAAA;;AAAA;AAAA,6CAUcX,QAAQ,CAACU,MAAT,CAAgB,GAAhB,EAAqBD,IAArB,CAA0B;AAC7BJ,cAAAA,OAAO,EAAE;AADoB,aAA1B,CAVd;;AAAA;AAAA;AAAA;AAAA;AAAA;AAAA;AAAA,GAAD;AAoBH,C;iCAtCHP,O;4FAuC2B,kBAAMC,OAAN,EAAeC,QAAf;AAAA;AAAA;AAAA;AAAA;AAAA;AAAA;AAAA,mBACHE,qBAASiB,IAAT,EADG;;AAAA;AAChBR,YAAAA,IADgB;AAAA,8CAEfX,QAAQ,CAACU,MAAT,CAAgB,GAAhB,EAAqBD,IAArB,CAA0B;AAC7BJ,cAAAA,OAAO,EAAE,sCADoB;AAE7BM,cAAAA,IAAI,EAAJA;AAF6B,aAA1B,CAFe;;AAAA;AAAA;AAAA;AAAA;AAAA;AAAA;AAAA,G;;;;;;iCAvC3Bb,O,mBA+CyB,UAACC,OAAD,EAAUC,QAAV,EAAqB;AAExCE,uBAASkB,MAAT,CAAgB;AAACF,IAAAA,GAAG,EAAEnB,OAAO,CAACe,MAAR,CAAeO;AAArB,GAAhB,EACI;AAAEC,IAAAA,IAAI,EAAE;AAACjB,MAAAA,OAAO,EAAEN,OAAO,CAACK,IAAR,CAAaC;AAAvB;AAAR,GADJ,EAEMG,IAFN,CAEW,UAACG,IAAD,EAAQ;AACX,WAAOX,QAAQ,CAACS,IAAT,CAAc;AACjBC,MAAAA,MAAM,EAAE,GADS;AAEjBL,MAAAA,OAAO,EAAE,eAFQ;AAGjBM,MAAAA,IAAI,EAAJA;AAHiB,KAAd,CAAP;AAKH,GARL;AAUP,C;iCA3DCb,O,sBA4D4B,UAACC,OAAD,EAASC,QAAT,EAAoB;AAE1CE,uBAASqB,QAAT,CAAkBxB,OAAO,CAACe,MAAR,CAAeC,SAAjC,EAA4CP,IAA5C,CAAiD,UAAAG,IAAI,EAAE;AACnD,WAAOX,QAAQ,CAACS,IAAT,CAAc;AACjBC,MAAAA,MAAM,EAAE,GADS;AAEjBL,MAAAA,OAAO,EAAE,oBAFQ;AAGjBM,MAAAA,IAAI,EAAJA;AAHiB,KAAd,CAAP;AAKH,GAND;AAQH,C;AAGTa,MAAM,CAACC,OAAP,GAAiB3B,OAAjB","sourceRoot":"/Users/andela/Documents/BernardPortfolio/bernard_portfolio/server/controllers/","sourcesContent":["import Comments from '../models/Comments';\nimport CommentValidator from '../helpers/CommentValidator';\nclass Comment{\n        static saveComment = (request, response)=>{\n            const toPost = new Comments({\n                username: request.body.username,\n                message: request.body.message,\n                email: request.body.email\n            });\n           \n            toPost.save().then(()=>{\n                return response.send({\n                    status: 200,\n                    message: 'POST a comment',\n                    data: toPost\n                })  \n            })\n           \n        }\n        static deleteThisComment = (request, response)=>{\n            (async()=>{\n                const res = await CommentValidator.checkIfIdExists(request.params.commentId);\n                if(res == 'true'){\n                    Comments.remove({_id: request.params.commentId}).then((data)=>{\n                        return response.status(200).send({\n                            message: 'Deleted a comment succesfully',\n                            data\n                        })\n                });\n                }else{\n                    return response.status(404).send({\n                        message: \"The ID passed does not match any comment\"\n                    });\n                }\n            })()\n           ;\n\n           \n                \n           \n        }\n        static retrieveComment = async(request, response)=>{\n           const data = await Comments.find();\n           return response.status(200).send({\n               message: \"Data retrieving finished succesfully\",\n               data\n           })\n        }\n\n        static updateComment = (request, response)=>{\n          \n            Comments.update({_id: request.params.commentID},\n                { $set: {message: request.body.message}}\n                ).then((data)=>{\n                    return response.send({\n                        status: 200,\n                        message: 'Patch Comment',\n                        data\n                    })\n                });\n          \n    }\n        static getSingleComment = (request,response)=>{\n          \n            Comments.findById(request.params.commentId).then(data=>{\n                return response.send({\n                    status: 200,\n                    message: 'GET single comment',\n                    data\n                })\n            })\n           \n        }\n}\n\nmodule.exports = Comment;"]},"_coverageSchema":"1a1c01bbd47fc00a2c39e90264f33305004495a9","hash":"eeb478da022998a66d0dca3a1131ceb257b09e9d","contentHash":"4132368ecc951e7326c24f8e093b125f9bc11f93e7765379b0044552c358e957"},"/Users/andela/Documents/BernardPortfolio/bernard_portfolio/server/models/Comments.js":{"path":"/Users/andela/Documents/BernardPortfolio/bernard_portfolio/server/models/Comments.js","statementMap":{"0":{"start":{"line":3,"column":29},"end":{"line":3,"column":84}},"1":{"start":{"line":5,"column":16},"end":{"line":5,"column":59}},"2":{"start":{"line":8,"column":21},"end":{"line":21,"column":2}},"3":{"start":{"line":22,"column":0},"end":{"line":22,"column":72}}},"fnMap":{},"branchMap":{},"s":{"0":1,"1":1,"2":1,"3":1},"f":{},"b":{},"inputSourceMap":{"version":3,"sources":["Comments.js"],"names":["commentsSchema","mongoose","Schema","username","type","String","required","message","email","module","exports","model"],"mappings":";;;;AAEA;;AAFA;AAIA,IAAMA,cAAc,GAAG,IAAIC,qBAASC,MAAb,CAAoB;AACvCC,EAAAA,QAAQ,EAAC;AACLC,IAAAA,IAAI,EAAEC,MADD;AAELC,IAAAA,QAAQ,EAAE;AAFL,GAD8B;AAKvCC,EAAAA,OAAO,EAAC;AACJH,IAAAA,IAAI,EAAEC,MADF;AAEJC,IAAAA,QAAQ,EAAE;AAFN,GAL+B;AASvCE,EAAAA,KAAK,EAAC;AACFJ,IAAAA,IAAI,EAAEC,MADJ;AAEFC,IAAAA,QAAQ,EAAE;AAFR;AATiC,CAApB,CAAvB;AAcAG,MAAM,CAACC,OAAP,GAAiBT,qBAASU,KAAT,CAAe,UAAf,EAA2BX,cAA3B,CAAjB","sourceRoot":"/Users/andela/Documents/BernardPortfolio/bernard_portfolio/server/models/","sourcesContent":["// const mongoose = require(`mongoose`);\n\nimport mongoose from 'mongoose';\n\nconst commentsSchema = new mongoose.Schema({\n    username:{\n        type: String,\n        required: true\n    },\n    message:{\n        type: String,\n        required: true\n    },\n    email:{\n        type: String,\n        required: true\n    }\n});\nmodule.exports = mongoose.model('comments', commentsSchema);"]},"_coverageSchema":"1a1c01bbd47fc00a2c39e90264f33305004495a9","hash":"aa6935e604d40e0d018e691b672a72dd05491d1c","contentHash":"4b31d17d7b3f929e4e44706833b5ac00e338c64aea903c2a8d388708ea65b77d"},"/Users/andela/Documents/BernardPortfolio/bernard_portfolio/server/helpers/CommentValidator.js":{"path":"/Users/andela/Documents/BernardPortfolio/bernard_portfolio/server/helpers/CommentValidator.js","statementMap":{"0":{"start":{"line":3,"column":29},"end":{"line":3,"column":84}},"1":{"start":{"line":5,"column":19},"end":{"line":5,"column":80}},"2":{"start":{"line":7,"column":25},"end":{"line":7,"column":99}},"3":{"start":{"line":9,"column":23},"end":{"line":9,"column":95}},"4":{"start":{"line":11,"column":23},"end":{"line":11,"column":95}},"5":{"start":{"line":13,"column":16},"end":{"line":13,"column":69}},"6":{"start":{"line":15,"column":65},"end":{"line":15,"column":623}},"7":{"start":{"line":15,"column":132},"end":{"line":15,"column":463}},"8":{"start":{"line":15,"column":252},"end":{"line":15,"column":267}},"9":{"start":{"line":15,"column":260},"end":{"line":15,"column":267}},"10":{"start":{"line":15,"column":276},"end":{"line":15,"column":277}},"11":{"start":{"line":15,"column":287},"end":{"line":15,"column":302}},"12":{"start":{"line":15,"column":304},"end":{"line":15,"column":461}},"13":{"start":{"line":15,"column":337},"end":{"line":15,"column":378}},"14":{"start":{"line":15,"column":356},"end":{"line":15,"column":378}},"15":{"start":{"line":15,"column":379},"end":{"line":15,"column":417}},"16":{"start":{"line":15,"column":441},"end":{"line":15,"column":450}},"17":{"start":{"line":15,"column":464},"end":{"line":15,"column":621}},"18":{"start":{"line":15,"column":647},"end":{"line":15,"column":651}},"19":{"start":{"line":15,"column":662},"end":{"line":15,"column":667}},"20":{"start":{"line":15,"column":674},"end":{"line":15,"column":995}},"21":{"start":{"line":15,"column":701},"end":{"line":15,"column":727}},"22":{"start":{"line":15,"column":760},"end":{"line":15,"column":769}},"23":{"start":{"line":15,"column":771},"end":{"line":15,"column":800}},"24":{"start":{"line":15,"column":801},"end":{"line":15,"column":813}},"25":{"start":{"line":15,"column":838},"end":{"line":15,"column":852}},"26":{"start":{"line":15,"column":853},"end":{"line":15,"column":863}},"27":{"start":{"line":15,"column":885},"end":{"line":15,"column":990}},"28":{"start":{"line":15,"column":891},"end":{"line":15,"column":953}},"29":{"start":{"line":15,"column":938},"end":{"line":15,"column":953}},"30":{"start":{"line":15,"column":966},"end":{"line":15,"column":988}},"31":{"start":{"line":15,"column":978},"end":{"line":15,"column":988}},"32":{"start":{"line":17,"column":50},"end":{"line":17,"column":65}},"33":{"start":{"line":17,"column":58},"end":{"line":17,"column":65}},"34":{"start":{"line":17,"column":66},"end":{"line":17,"column":129}},"35":{"start":{"line":17,"column":93},"end":{"line":17,"column":129}},"36":{"start":{"line":17,"column":138},"end":{"line":17,"column":184}},"37":{"start":{"line":17,"column":186},"end":{"line":17,"column":246}},"38":{"start":{"line":17,"column":223},"end":{"line":17,"column":246}},"39":{"start":{"line":17,"column":247},"end":{"line":17,"column":300}},"40":{"start":{"line":17,"column":279},"end":{"line":17,"column":300}},"41":{"start":{"line":17,"column":301},"end":{"line":17,"column":414}},"42":{"start":{"line":17,"column":378},"end":{"line":17,"column":414}},"43":{"start":{"line":19,"column":39},"end":{"line":19,"column":93}},"44":{"start":{"line":19,"column":76},"end":{"line":19,"column":93}},"45":{"start":{"line":19,"column":94},"end":{"line":19,"column":168}},"46":{"start":{"line":19,"column":107},"end":{"line":19,"column":108}},"47":{"start":{"line":19,"column":117},"end":{"line":19,"column":131}},"48":{"start":{"line":19,"column":149},"end":{"line":19,"column":166}},"49":{"start":{"line":19,"column":169},"end":{"line":19,"column":181}},"50":{"start":{"line":21,"column":23},"end":{"line":23,"column":1}},"51":{"start":{"line":22,"column":2},"end":{"line":22,"column":59}},"52":{"start":{"line":25,"column":0},"end":{"line":67,"column":5}},"53":{"start":{"line":26,"column":13},"end":{"line":62,"column":5}},"54":{"start":{"line":28,"column":4},"end":{"line":61,"column":16}},"55":{"start":{"line":29,"column":6},"end":{"line":60,"column":7}},"56":{"start":{"line":30,"column":8},"end":{"line":59,"column":9}},"57":{"start":{"line":32,"column":12},"end":{"line":32,"column":29}},"58":{"start":{"line":33,"column":12},"end":{"line":33,"column":30}},"59":{"start":{"line":34,"column":12},"end":{"line":51,"column":15}},"60":{"start":{"line":35,"column":30},"end":{"line":35,"column":64}},"61":{"start":{"line":38,"column":14},"end":{"line":50,"column":15}},"62":{"start":{"line":39,"column":16},"end":{"line":45,"column":17}},"63":{"start":{"line":40,"column":37},"end":{"line":40,"column":48}},"64":{"start":{"line":42,"column":18},"end":{"line":44,"column":19}},"65":{"start":{"line":43,"column":20},"end":{"line":43,"column":36}},"66":{"start":{"line":47,"column":16},"end":{"line":47,"column":33}},"67":{"start":{"line":49,"column":16},"end":{"line":49,"column":30}},"68":{"start":{"line":54,"column":12},"end":{"line":54,"column":53}},"69":{"start":{"line":58,"column":12},"end":{"line":58,"column":35}},"70":{"start":{"line":64,"column":2},"end":{"line":66,"column":4}},"71":{"start":{"line":65,"column":4},"end":{"line":65,"column":39}},"72":{"start":{"line":68,"column":0},"end":{"line":68,"column":34}}},"fnMap":{"0":{"name":"_createForOfIteratorHelper","decl":{"start":{"line":15,"column":9},"end":{"line":15,"column":35}},"loc":{"start":{"line":15,"column":55},"end":{"line":15,"column":997}},"line":15},"1":{"name":"F","decl":{"start":{"line":15,"column":296},"end":{"line":15,"column":297}},"loc":{"start":{"line":15,"column":300},"end":{"line":15,"column":302}},"line":15},"2":{"name":"n","decl":{"start":{"line":15,"column":331},"end":{"line":15,"column":332}},"loc":{"start":{"line":15,"column":335},"end":{"line":15,"column":419}},"line":15},"3":{"name":"e","decl":{"start":{"line":15,"column":433},"end":{"line":15,"column":434}},"loc":{"start":{"line":15,"column":439},"end":{"line":15,"column":452}},"line":15},"4":{"name":"s","decl":{"start":{"line":15,"column":695},"end":{"line":15,"column":696}},"loc":{"start":{"line":15,"column":699},"end":{"line":15,"column":729}},"line":15},"5":{"name":"n","decl":{"start":{"line":15,"column":743},"end":{"line":15,"column":744}},"loc":{"start":{"line":15,"column":747},"end":{"line":15,"column":815}},"line":15},"6":{"name":"e","decl":{"start":{"line":15,"column":829},"end":{"line":15,"column":830}},"loc":{"start":{"line":15,"column":836},"end":{"line":15,"column":865}},"line":15},"7":{"name":"f","decl":{"start":{"line":15,"column":879},"end":{"line":15,"column":880}},"loc":{"start":{"line":15,"column":883},"end":{"line":15,"column":992}},"line":15},"8":{"name":"_unsupportedIterableToArray","decl":{"start":{"line":17,"column":9},"end":{"line":17,"column":36}},"loc":{"start":{"line":17,"column":48},"end":{"line":17,"column":416}},"line":17},"9":{"name":"_arrayLikeToArray","decl":{"start":{"line":19,"column":9},"end":{"line":19,"column":26}},"loc":{"start":{"line":19,"column":37},"end":{"line":19,"column":183}},"line":19},"10":{"name":"CommentValidator","decl":{"start":{"line":21,"column":32},"end":{"line":21,"column":48}},"loc":{"start":{"line":21,"column":51},"end":{"line":23,"column":1}},"line":21},"11":{"name":"(anonymous_11)","decl":{"start":{"line":25,"column":83},"end":{"line":25,"column":84}},"loc":{"start":{"line":25,"column":95},"end":{"line":67,"column":1}},"line":25},"12":{"name":"_callee","decl":{"start":{"line":26,"column":100},"end":{"line":26,"column":107}},"loc":{"start":{"line":26,"column":118},"end":{"line":62,"column":3}},"line":26},"13":{"name":"_callee$","decl":{"start":{"line":28,"column":49},"end":{"line":28,"column":57}},"loc":{"start":{"line":28,"column":68},"end":{"line":61,"column":5}},"line":28},"14":{"name":"(anonymous_14)","decl":{"start":{"line":34,"column":49},"end":{"line":34,"column":50}},"loc":{"start":{"line":34,"column":74},"end":{"line":51,"column":13}},"line":34},"15":{"name":"(anonymous_15)","decl":{"start":{"line":64,"column":9},"end":{"line":64,"column":10}},"loc":{"start":{"line":64,"column":23},"end":{"line":66,"column":3}},"line":64}},"branchMap":{"0":{"loc":{"start":{"line":15,"column":65},"end":{"line":15,"column":623}},"type":"if","locations":[{"start":{"line":15,"column":65},"end":{"line":15,"column":623}},{"start":{"line":15,"column":65},"end":{"line":15,"column":623}}],"line":15},"1":{"loc":{"start":{"line":15,"column":69},"end":{"line":15,"column":128}},"type":"binary-expr","locations":[{"start":{"line":15,"column":69},"end":{"line":15,"column":98}},{"start":{"line":15,"column":102},"end":{"line":15,"column":128}}],"line":15},"2":{"loc":{"start":{"line":15,"column":132},"end":{"line":15,"column":463}},"type":"if","locations":[{"start":{"line":15,"column":132},"end":{"line":15,"column":463}},{"start":{"line":15,"column":132},"end":{"line":15,"column":463}}],"line":15},"3":{"loc":{"start":{"line":15,"column":136},"end":{"line":15,"column":248}},"type":"binary-expr","locations":[{"start":{"line":15,"column":136},"end":{"line":15,"column":152}},{"start":{"line":15,"column":157},"end":{"line":15,"column":192}},{"start":{"line":15,"column":197},"end":{"line":15,"column":211}},{"start":{"line":15,"column":215},"end":{"line":15,"column":216}},{"start":{"line":15,"column":220},"end":{"line":15,"column":248}}],"line":15},"4":{"loc":{"start":{"line":15,"column":252},"end":{"line":15,"column":267}},"type":"if","locations":[{"start":{"line":15,"column":252},"end":{"line":15,"column":267}},{"start":{"line":15,"column":252},"end":{"line":15,"column":267}}],"line":15},"5":{"loc":{"start":{"line":15,"column":337},"end":{"line":15,"column":378}},"type":"if","locations":[{"start":{"line":15,"column":337},"end":{"line":15,"column":378}},{"start":{"line":15,"column":337},"end":{"line":15,"column":378}}],"line":15},"6":{"loc":{"start":{"line":15,"column":891},"end":{"line":15,"column":953}},"type":"if","locations":[{"start":{"line":15,"column":891},"end":{"line":15,"column":953}},{"start":{"line":15,"column":891},"end":{"line":15,"column":953}}],"line":15},"7":{"loc":{"start":{"line":15,"column":895},"end":{"line":15,"column":936}},"type":"binary-expr","locations":[{"start":{"line":15,"column":895},"end":{"line":15,"column":912}},{"start":{"line":15,"column":916},"end":{"line":15,"column":936}}],"line":15},"8":{"loc":{"start":{"line":15,"column":966},"end":{"line":15,"column":988}},"type":"if","locations":[{"start":{"line":15,"column":966},"end":{"line":15,"column":988}},{"start":{"line":15,"column":966},"end":{"line":15,"column":988}}],"line":15},"9":{"loc":{"start":{"line":17,"column":50},"end":{"line":17,"column":65}},"type":"if","locations":[{"start":{"line":17,"column":50},"end":{"line":17,"column":65}},{"start":{"line":17,"column":50},"end":{"line":17,"column":65}}],"line":17},"10":{"loc":{"start":{"line":17,"column":66},"end":{"line":17,"column":129}},"type":"if","locations":[{"start":{"line":17,"column":66},"end":{"line":17,"column":129}},{"start":{"line":17,"column":66},"end":{"line":17,"column":129}}],"line":17},"11":{"loc":{"start":{"line":17,"column":186},"end":{"line":17,"column":246}},"type":"if","locations":[{"start":{"line":17,"column":186},"end":{"line":17,"column":246}},{"start":{"line":17,"column":186},"end":{"line":17,"column":246}}],"line":17},"12":{"loc":{"start":{"line":17,"column":190},"end":{"line":17,"column":221}},"type":"binary-expr","locations":[{"start":{"line":17,"column":190},"end":{"line":17,"column":204}},{"start":{"line":17,"column":208},"end":{"line":17,"column":221}}],"line":17},"13":{"loc":{"start":{"line":17,"column":247},"end":{"line":17,"column":300}},"type":"if","locations":[{"start":{"line":17,"column":247},"end":{"line":17,"column":300}},{"start":{"line":17,"column":247},"end":{"line":17,"column":300}}],"line":17},"14":{"loc":{"start":{"line":17,"column":251},"end":{"line":17,"column":277}},"type":"binary-expr","locations":[{"start":{"line":17,"column":251},"end":{"line":17,"column":262}},{"start":{"line":17,"column":266},"end":{"line":17,"column":277}}],"line":17},"15":{"loc":{"start":{"line":17,"column":301},"end":{"line":17,"column":414}},"type":"if","locations":[{"start":{"line":17,"column":301},"end":{"line":17,"column":414}},{"start":{"line":17,"column":301},"end":{"line":17,"column":414}}],"line":17},"16":{"loc":{"start":{"line":17,"column":305},"end":{"line":17,"column":376}},"type":"binary-expr","locations":[{"start":{"line":17,"column":305},"end":{"line":17,"column":322}},{"start":{"line":17,"column":326},"end":{"line":17,"column":376}}],"line":17},"17":{"loc":{"start":{"line":19,"column":39},"end":{"line":19,"column":93}},"type":"if","locations":[{"start":{"line":19,"column":39},"end":{"line":19,"column":93}},{"start":{"line":19,"column":39},"end":{"line":19,"column":93}}],"line":19},"18":{"loc":{"start":{"line":19,"column":43}
[...]
7":0,"48":0,"49":0,"50":1,"51":0,"52":1,"53":1,"54":0,"55":0,"56":0,"57":0,"58":0,"59":0,"60":0,"61":0,"62":0,"63":0,"64":0,"65":0,"66":0,"67":0,"68":0,"69":0,"70":1,"71":0,"72":1},"f":{"0":0,"1":0,"2":0,"3":0,"4":0,"5":0,"6":0,"7":0,"8":0,"9":0,"10":0,"11":1,"12":0,"13":0,"14":0,"15":0},"b":{"0":[0,0],"1":[0,0],"2":[0,0],"3":[0,0,0,0,0],"4":[0,0],"5":[0,0],"6":[0,0],"7":[0,0],"8":[0,0],"9":[0,0],"10":[0,0],"11":[0,0],"12":[0,0],"13":[0,0],"14":[0,0],"15":[0,0],"16":[0,0],"17":[0,0],"18":[0,0],"19":[0,0,0,0],"20":[0,0]},"inputSourceMap":{"version":3,"sources":["CommentValidator.js"],"names":["CommentValidator","_checkId","retval","Comments","find","error","result","sampleResult","_id","module","exports"],"mappings":";;;;;;;;;;;;AAAA;;;;;;;;IACMA,gB;;;;iCAAAA,gB;2FACqB,iBAAMC,QAAN;AAAA;AAAA;AAAA;AAAA;AAAA;AACjBC,YAAAA,MADiB,GACR,OADQ;AAAA;AAAA,mBAEfC,qBAASC,IAAT,CAAc,EAAd,EAAkB,UAACC,KAAD,EAAOC,MAAP,EAAgB;AAAA,yDACZA,MADY;AAAA;;AAAA;AACpC,oEAA+B;AAAA,sBAAvBC,YAAuB;;AAC7B,sBAAGN,QAAQ,IAAIM,YAAY,CAACC,GAA5B,EAAgC;AAC5BN,oBAAAA,MAAM,GAAG,MAAT;AACH;AACF;AALmC;AAAA;AAAA;AAAA;AAAA;AAMvC,aANK,CAFe;;AAAA;AAAA,6CASdA,MATc;;AAAA;AAAA;AAAA;AAAA;AAAA;AAAA;AAAA,G;;;;;;AAa3BO,MAAM,CAACC,OAAP,GAAiBV,gBAAjB","sourceRoot":"/Users/andela/Documents/BernardPortfolio/bernard_portfolio/server/helpers/","sourcesContent":["import Comments from '../models/Comments';\nclass CommentValidator{\n  static checkIfIdExists = async(_checkId)=>{\n      let retval = 'false';\n      await Comments.find({}, (error,result)=>{\n          for(let sampleResult of result){\n            if(_checkId == sampleResult._id){\n                retval = 'true';\n            }\n          }\n      })\n      return retval;\n  }\n  \n}\nmodule.exports = CommentValidator;"]},"_coverageSchema":"1a1c01bbd47fc00a2c39e90264f33305004495a9","hash":"9276dcbb9a6d7838f6f009b2e00336c7c462eb7e","contentHash":"f9a0957b35a18761bbfd35828ec6d9f545911c16d29d724090dd61527a3de0c0"},"/Users/andela/Documents/BernardPortfolio/bernard_portfolio/server/routes/api/authroute.js":{"path":"/Users/andela/Documents/BernardPortfolio/bernard_portfolio/server/routes/api/authroute.js","statementMap":{"0":{"start":{"line":3,"column":14},"end":{"line":3,"column":32}},"1":{"start":{"line":5,"column":13},"end":{"line":5,"column":29}},"2":{"start":{"line":7,"column":30},"end":{"line":7,"column":63}},"3":{"start":{"line":9,"column":0},"end":{"line":9,"column":49}},"4":{"start":{"line":10,"column":0},"end":{"line":10,"column":53}},"5":{"start":{"line":11,"column":0},"end":{"line":11,"column":24}}},"fnMap":{},"branchMap":{},"s":{"0":1,"1":1,"2":1,"3":1,"4":1,"5":1},"f":{},"b":{},"inputSourceMap":{"version":3,"sources":["authroute.js"],"names":["express","require","router","Router","authorizationController","post","signUp","login","module","exports"],"mappings":";;AAAA,IAAMA,OAAO,GAAGC,OAAO,CAAC,SAAD,CAAvB;;AACA,IAAMC,MAAM,GAAGF,OAAO,CAACG,MAAR,EAAf;;AACA,IAAMC,uBAAuB,GAAGH,OAAO,CAAC,wBAAD,CAAvC;;AAEAC,MAAM,CAACG,IAAP,CAAY,GAAZ,EAAiBD,uBAAuB,CAACE,MAAzC;AACAJ,MAAM,CAACG,IAAP,CAAY,QAAZ,EAAsBD,uBAAuB,CAACG,KAA9C;AACAC,MAAM,CAACC,OAAP,GAAiBP,MAAjB","sourceRoot":"/Users/andela/Documents/BernardPortfolio/bernard_portfolio/server/routes/api/","sourcesContent":["const express = require('express');\nconst router = express.Router();\nconst authorizationController = require('../../controllers/auth')\n\nrouter.post(\"/\", authorizationController.signUp);\nrouter.post(\"/login\", authorizationController.login);\nmodule.exports = router;\n\n\n\n"]},"_coverageSchema":"1a1c01bbd47fc00a2c39e90264f33305004495a9","hash":"8ddebda9b76bd422a53021fcfeca8bda039cf90d","contentHash":"2e035a88fcb608925042f3745f9d23ba2009b2aae77571fd75ea1fdc5f6ec2a0"},"/Users/andela/Documents/BernardPortfolio/bernard_portfolio/server/controllers/auth.js":{"path":"/Users/andela/Documents/BernardPortfolio/bernard_portfolio/server/controllers/auth.js","statementMap":{"0":{"start":{"line":3,"column":29},"end":{"line":3,"column":84}},"1":{"start":{"line":5,"column":23},"end":{"line":5,"column":95}},"2":{"start":{"line":7,"column":23},"end":{"line":7,"column":95}},"3":{"start":{"line":9,"column":14},"end":{"line":9,"column":55}},"4":{"start":{"line":11,"column":12},"end":{"line":11,"column":61}},"5":{"start":{"line":13,"column":20},"end":{"line":13,"column":67}},"6":{"start":{"line":15,"column":21},"end":{"line":15,"column":80}},"7":{"start":{"line":17,"column":16},"end":{"line":19,"column":1}},"8":{"start":{"line":18,"column":2},"end":{"line":18,"column":52}},"9":{"start":{"line":21,"column":0},"end":{"line":50,"column":3}},"10":{"start":{"line":22,"column":2},"end":{"line":49,"column":3}},"11":{"start":{"line":23,"column":4},"end":{"line":25,"column":7}},"12":{"start":{"line":27,"column":4},"end":{"line":48,"column":7}},"13":{"start":{"line":28,"column":17},"end":{"line":32,"column":8}},"14":{"start":{"line":34,"column":18},"end":{"line":38,"column":8}},"15":{"start":{"line":40,"column":6},"end":{"line":47,"column":9}},"16":{"start":{"line":41,"column":8},"end":{"line":46,"column":9}},"17":{"start":{"line":42,"column":10},"end":{"line":45,"column":13}},"18":{"start":{"line":51,"column":0},"end":{"line":84,"column":3}},"19":{"start":{"line":52,"column":13},"end":{"line":55,"column":3}},"20":{"start":{"line":57,"column":2},"end":{"line":83,"column":5}},"21":{"start":{"line":62,"column":4},"end":{"line":82,"column":5}},"22":{"start":{"line":63,"column":6},"end":{"line":81,"column":9}},"23":{"start":{"line":64,"column":8},"end":{"line":79,"column":9}},"24":{"start":{"line":65,"column":22},"end":{"line":69,"column":12}},"25":{"start":{"line":71,"column":10},"end":{"line":74,"column":13}},"26":{"start":{"line":76,"column":10},"end":{"line":78,"column":13}},"27":{"start":{"line":85,"column":0},"end":{"line":85,"column":27}}},"fnMap":{"0":{"name":"userManip","decl":{"start":{"line":17,"column":25},"end":{"line":17,"column":34}},"loc":{"start":{"line":17,"column":37},"end":{"line":19,"column":1}},"line":17},"1":{"name":"(anonymous_1)","decl":{"start":{"line":21,"column":54},"end":{"line":21,"column":55}},"loc":{"start":{"line":21,"column":83},"end":{"line":50,"column":1}},"line":21},"2":{"name":"(anonymous_2)","decl":{"start":{"line":27,"column":55},"end":{"line":27,"column":56}},"loc":{"start":{"line":27,"column":89},"end":{"line":48,"column":5}},"line":27},"3":{"name":"(anonymous_3)","decl":{"start":{"line":40,"column":23},"end":{"line":40,"column":24}},"loc":{"start":{"line":40,"column":40},"end":{"line":47,"column":7}},"line":40},"4":{"name":"(anonymous_4)","decl":{"start":{"line":51,"column":53},"end":{"line":51,"column":54}},"loc":{"start":{"line":51,"column":82},"end":{"line":84,"column":1}},"line":51},"5":{"name":"(anonymous_5)","decl":{"start":{"line":61,"column":10},"end":{"line":61,"column":11}},"loc":{"start":{"line":61,"column":34},"end":{"line":83,"column":3}},"line":61},"6":{"name":"(anonymous_6)","decl":{"start":{"line":63,"column":79},"end":{"line":63,"column":80}},"loc":{"start":{"line":63,"column":104},"end":{"line":81,"column":7}},"line":63}},"branchMap":{"0":{"loc":{"start":{"line":22,"column":2},"end":{"line":49,"column":3}},"type":"if","locations":[{"start":{"line":22,"column":2},"end":{"line":49,"column":3}},{"start":{"line":22,"column":2},"end":{"line":49,"column":3}}],"line":22},"1":{"loc":{"start":{"line":41,"column":8},"end":{"line":46,"column":9}},"type":"if","locations":[{"start":{"line":41,"column":8},"end":{"line":46,"column":9}},{"start":{"line":41,"column":8},"end":{"line":46,"column":9}}],"line":41},"2":{"loc":{"start":{"line":62,"column":4},"end":{"line":82,"column":5}},"type":"if","locations":[{"start":{"line":62,"column":4},"end":{"line":82,"column":5}},{"start":{"line":62,"column":4},"end":{"line":82,"column":5}}],"line":62},"3":{"loc":{"start":{"line":64,"column":8},"end":{"line":79,"column":9}},"type":"if","locations":[{"start":{"line":64,"column":8},"end":{"line":79,"column":9}},{"start":{"line":64,"column":8},"end":{"line":79,"column":9}}],"line":64}},"s":{"0":1,"1":1,"2":1,"3":1,"4":1,"5":1,"6":1,"7":1,"8":0,"9":1,"10":0,"11":0,"12":0,"13":0,"14":0,"15":0,"16":0,"17":0,"18":1,"19":0,"20":0,"21":0,"22":0,"23":0,"24":0,"25":0,"26":0,"27":1},"f":{"0":0,"1":0,"2":0,"3":0,"4":0,"5":0,"6":0},"b":{"0":[0,0],"1":[0,0],"2":[0,0],"3":[0,0]},"inputSourceMap":{"version":3,"sources":["auth.js"],"names":["userManip","request","response","userValidator","checkForSignUp","body","status","send","message","bcrypt","hash","password","error","harshedPassword","user","userSchema","name","email","token","jwt","sign","expiresIn","save","then","undefined","findOne","$or","SUCCESS_USER","compare","result","json","module","exports"],"mappings":";;;;;;;;AAAA;;AACA;;AACA;;AACA;;IAEMA,S;;;;iCAAAA,S,YACa,UAASC,OAAT,EAAiBC,QAAjB,EAA0B;AACxC,MAAGC,0BAAcC,cAAd,CAA6BH,OAAO,CAACI,IAArC,KAA8C,OAAjD,EAAyD;AACtD,WAAOH,QAAQ,CAACI,MAAT,CAAgB,GAAhB,EAAqBC,IAArB,CAA0B;AAC7BC,MAAAA,OAAO,EAAE;AADoB,KAA1B,CAAP;AAGF,GAJD,MAIK;AACFC,uBAAOC,IAAP,CAAYT,OAAO,CAACI,IAAR,CAAaM,QAAzB,EAAkC,EAAlC,EAAqC,UAASC,KAAT,EAAeC,eAAf,EAA+B;AAChE,UAAIC,IAAI,GAAG,IAAIC,gBAAJ,CAAe;AACtBC,QAAAA,IAAI,EAAEf,OAAO,CAACI,IAAR,CAAaW,IADG;AAEtBC,QAAAA,KAAK,EAAEhB,OAAO,CAACI,IAAR,CAAaY,KAFE;AAGtBN,QAAAA,QAAQ,EAAEE;AAHY,OAAf,CAAX;;AAKA,UAAIK,KAAK,GAAGC,yBAAIC,IAAJ,CAAS;AAACJ,QAAAA,IAAI,EAAEF,IAAI,CAACE;AAAZ,OAAT,EAA4B,WAA5B,EAAwC;AAACK,QAAAA,SAAS,EAAE;AAAZ,OAAxC,CAAZ;;AACAP,MAAAA,IAAI,CAACQ,IAAL,GAAYC,IAAZ,CAAiB,UAACX,KAAD,EAAS;AACtB,YAAGA,KAAK,KAAKY,SAAb,EAAuB;AACnB,iBAAOtB,QAAQ,CAACI,MAAT,CAAgB,GAAhB,EAAqBC,IAArB,CAA0B;AAC3BW,YAAAA,KAAK,EAALA,KAD2B;AAE3BV,YAAAA,OAAO,EAAE;AAFkB,WAA1B,CAAP;AAIH;AAEH,OARF;AAUP,KAjBG;AAkBF;AAEL,C;iCA3BKR,S,WA6Ba,UAASC,OAAT,EAAkBC,QAAlB,EAA2B;AACtC,MAAIY,IAAI,GAAG;AACPG,IAAAA,KAAK,EAAEhB,OAAO,CAACI,IAAR,CAAaY,KADb;AAEPN,IAAAA,QAAQ,EAAEV,OAAO,CAACI,IAAR,CAAaM;AAFhB,GAAX;;AAIAI,mBAAWU,OAAX,CAAmB;AAACC,IAAAA,GAAG,EAAE,CAAC;AAACT,MAAAA,KAAK,EAAChB,OAAO,CAACI,IAAR,CAAaY;AAApB,KAAD;AAAN,GAAnB,EAAwDM,IAAxD,CAA6D,UAAAI,YAAY,EAAE;AACvE,QAAGA,YAAH,EAAgB;AACZlB,yBAAOmB,OAAP,CAAe3B,OAAO,CAACI,IAAR,CAAaM,QAA5B,EAAsCgB,YAAY,CAAChB,QAAnD,EAA6D,UAASC,KAAT,EAAgBiB,MAAhB,EAAuB;AAC7E,YAAGA,MAAH,EAAU;AACT,cAAIX,KAAK,GAAGC,yBAAIC,IAAJ,CAAS;AAACJ,YAAAA,IAAI,EAAEF,IAAI,CAACE;AAAZ,WAAT,EAA4B,WAA5B,EAAwC;AAACK,YAAAA,SAAS,EAAE;AAAZ,WAAxC,CAAZ;;AACA,iBAAOnB,QAAQ,CAACI,MAAT,CAAgB,GAAhB,EAAqBC,IAArB,CAA0B;AAC9BC,YAAAA,OAAO,EAAC,iBADsB;AAE9BU,YAAAA,KAAK,EAALA;AAF8B,WAA1B,CAAP;AAIA,SAND,MAMK;AACF,iBAAOhB,QAAQ,CAACI,MAAT,CAAgB,GAAhB,EAAqBwB,IAArB,CAA0B;AAE5BtB,YAAAA,OAAO,EAAE;AAFmB,WAA1B,CAAP;AAIF,SAZ4E,CAahF;;AAEH,OAfD;AAgBH;AACJ,GAnBD;AAoBH,C;AAGLuB,MAAM,CAACC,OAAP,GAAiBhC,SAAjB","sourceRoot":"/Users/andela/Documents/BernardPortfolio/bernard_portfolio/server/controllers/","sourcesContent":["import bcrypt from 'bcrypt';\nimport userSchema from '../models/user';\nimport jwt from 'jsonwebtoken';\nimport userValidator from '../helpers/userValidator';\n\nclass userManip{\n    static signUp= function(request,response){\n     if(userValidator.checkForSignUp(request.body) == 'false'){\n        return response.status(400).send({\n            message: \"Bad request\"\n        })\n     }else{\n        bcrypt.hash(request.body.password,10,function(error,harshedPassword){\n            var user = new userSchema({\n                name: request.body.name,\n                email: request.body.email,\n                password: harshedPassword\n            });\n            var token = jwt.sign({name: user.name}, \"$xfg%3./;\",{expiresIn: \"1h\"});\n            user.save().then((error)=>{\n                if(error !== undefined){\n                    return response.status(200).send({\n                          token,\n                          message: \"Success\"\n                       })\n                }\n                \n             })\n\n    })\n     }   \n       \n}\n\n    static login = function(request, response){\n        var user = {\n            email: request.body.email,\n            password: request.body.password\n        }\n        userSchema.findOne({$or: [{email:request.body.email}]}).then(SUCCESS_USER=>{\n            if(SUCCESS_USER){\n                bcrypt.compare(request.body.password, SUCCESS_USER.password, function(error, result){\n                       if(result){\n                        var token = jwt.sign({name: user.name}, \"$xfg%3./;\",{expiresIn: \"1h\"});\n                        return response.status(200).send({\n                           message:\"Login Succesful\",\n                           token\n                        });\n                       }else{\n                          return response.status(500).json({\n                               \n                               message: \"Invalid Credentials\"\n                           })\n                       }\n                    //}\n                    \n                });\n            }\n        })\n    }\n    }\n\nmodule.exports = userManip"]},"_coverageSchema":"1a1c01bbd47fc00a2c39e90264f33305004495a9","hash":"c64551cd246b078c889a7bfc6778189c8b59882e","contentHash":"bf8fdaebc307a04b94d185d182fb361f6844e00f5aa18b2cd4f1a252fca3a666"},"/Users/andela/Documents/BernardPortfolio/bernard_portfolio/server/models/user.js":{"path":"/Users/andela/Documents/BernardPortfolio/bernard_portfolio/server/models/user.js","statementMap":{"0":{"start":{"line":3,"column":29},"end":{"line":3,"column":84}},"1":{"start":{"line":5,"column":16},"end":{"line":5,"column":59}},"2":{"start":{"line":8,"column":17},"end":{"line":18,"column":2}},"3":{"start":{"line":19,"column":0},"end":{"line":19,"column":70}}},"fnMap":{},"branchMap":{},"s":{"0":1,"1":1,"2":1,"3":1},"f":{},"b":{},"inputSourceMap":{"version":3,"sources":["user.js"],"names":["userSchema","mongoose","Schema","name","type","String","email","password","module","exports","model"],"mappings":";;;;AACA;;AADA;AAGA,IAAMA,UAAU,GAAG,IAAIC,qBAASC,MAAb,CAAoB;AACnCC,EAAAA,IAAI,EAAC;AACDC,IAAAA,IAAI,EAAEC;AADL,GAD8B;AAInCC,EAAAA,KAAK,EAAC;AACFF,IAAAA,IAAI,EAAEC;AADJ,GAJ6B;AAOnCE,EAAAA,QAAQ,EAAC;AACLH,IAAAA,IAAI,EAAEC;AADD;AAP0B,CAApB,CAAnB;AAWAG,MAAM,CAACC,OAAP,GAAiBR,qBAASS,KAAT,CAAe,YAAf,EAA6BV,UAA7B,CAAjB","sourceRoot":"/Users/andela/Documents/BernardPortfolio/bernard_portfolio/server/models/","sourcesContent":["// const mongoose = require(`mongoose`);\nimport mongoose from 'mongoose';\n\nconst userSchema = new mongoose.Schema({\n    name:{\n        type: String,\n    },\n    email:{\n        type: String,\n    },\n    password:{\n        type: String,\n    }\n});\nmodule.exports = mongoose.model('userSchema', userSchema);"]},"_coverageSchema":"1a1c01bbd47fc00a2c39e90264f33305004495a9","hash":"0a4c0a7159b65162b8a810747a1d1d1bf6a301d7","contentHash":"e9391189763b5b9ea5278252925ba52c7d89891e1c29f9ed9d27fedea9fc9af4"},"/Users/andela/Documents/BernardPortfolio/bernard_portfolio/server/helpers/userValidator.js":{"path":"/Users/andela/Documents/BernardPortfolio/bernard_portfolio/server/helpers/userValidator.js","statementMap":{"0":{"start":{"line":3,"column":29},"end":{"line":3,"column":84}},"1":{"start":{"line":5,"column":23},"end":{"line":5,"column":95}},"2":{"start":{"line":7,"column":23},"end":{"line":7,"column":95}},"3":{"start":{"line":9,"column":20},"end":{"line":11,"column":1}},"4":{"start":{"line":10,"column":2},"end":{"line":10,"column":56}},"5":{"start":{"line":13,"column":0},"end":{"line":21,"column":3}},"6":{"start":{"line":14,"column":15},"end":{"line":14,"column":22}},"7":{"start":{"line":16,"column":2},"end":{"line":18,"column":3}},"8":{"start":{"line":17,"column":4},"end":{"line":17,"column":20}},"9":{"start":{"line":20,"column":2},"end":{"line":20,"column":16}},"10":{"start":{"line":22,"column":0},"end":{"line":22,"column":31}}},"fnMap":{"0":{"name":"userValidator","decl":{"start":{"line":9,"column":29},"end":{"line":9,"column":42}},"loc":{"start":{"line":9,"column":45},"end":{"line":11,"column":1}},"line":9},"1":{"name":"(anonymous_1)","decl":{"start":{"line":13,"column":66},"end":{"line":13,"column":67}},"loc":{"start":{"line":13,"column":88},"end":{"line":21,"column":1}},"line":13}},"branchMap":{"0":{"loc":{"start":{"line":16,"column":2},"end":{"line":18,"column":3}},"type":"if","locations":[{"start":{"line":16,"column":2},"end":{"line":18,"column":3}},{"start":{"line":16,"column":2},"end":{"line":18,"column":3}}],"line":16},"1":{"loc":{"start":{"line":16,"column":6},"end":{"line":16,"column":118}},"type":"binary-expr","locations":[{"start":{"line":16,"column":6},"end":{"line":16,"column":39}},{"start":{"line":16,"column":43},"end":{"line":16,"column":77}},{"start":{"line":16,"column":81},"end":{"line":16,"column":118}}],"line":16}},"s":{"0":1,"1":1,"2":1,"3":1,"4":0,"5":1,"6":0,"7":0,"8":0,"9":0,"10":1},"f":{"0":0,"1":0},"b":{"0":[0,0],"1":[0,0,0]},"inputSourceMap":{"version":3,"sources":["userValidator.js"],"names":["userValidator","_TEST_USER","retval","hasOwnProperty","module","exports"],"mappings":";;;;;;;;IAAMA,a;;;;iCAAAA,a,oBACsB,UAASC,UAAT,EAAoB;AACzC,MAAIC,MAAM,GAAG,OAAb,CADyC,CAElC;;AACP,MAAID,UAAU,CAACE,cAAX,CAA0B,MAA1B,CAAD,IAAwCF,UAAU,CAACE,cAAX,CAA0B,OAA1B,CAAxC,IAAgFF,UAAU,CAACE,cAAX,CAA0B,UAA1B,CAAnF,EAA0H;AACrHD,IAAAA,MAAM,GAAG,MAAT;AACJ;;AACD,SAAOA,MAAP;AACF,C;AAELE,MAAM,CAACC,OAAP,GAAiBL,aAAjB","sourceRoot":"/Users/andela/Documents/BernardPortfolio/bernard_portfolio/server/helpers/","sourcesContent":["class userValidator{\n    static checkForSignUp = function(_TEST_USER){\n       let retval = 'false';\n              // eslint-disable-next-line no-prototype-builtins\n       if((_TEST_USER.hasOwnProperty('name')) && (_TEST_USER.hasOwnProperty('email')) && (_TEST_USER.hasOwnProperty('password'))){\n            retval = 'true';\n       }\n       return retval;\n    }\n}\nmodule.exports = userValidator;"]},"_coverageSchema":"1a1c01bbd47fc00a2c39e90264f33305004495a9","hash":"fedfeb86adefa49657151fdf5b160e06727a6041","contentHash":"6b92f2340be632e31da3dafa666740f76e3ee2c67dbfcce799de9008cf794e44"},"/Users/andela/Documents/BernardPortfolio/bernard_portfolio/server/routes/api/welcome.js":{"path":"/Users/andela/Documents/BernardPortfolio/bernard_portfolio/server/routes/api/welcome.js","statementMap":{"0":{"start":{"line":3,"column":14},"end":{"line":3,"column":32}},"1":{"start":{"line":5,"column":13},"end":{"line":5,"column":29}},"2":{"start":{"line":6,"column":0},"end":{"line":14,"column":3}},"3":{"start":{"line":7,"column":2},"end":{"line":13,"column":5}},"4":{"start":{"line":15,"column":0},"end":{"line":15,"column":24}}},"fnMap":{"0":{"name":"(anonymous_0)","decl":{"start":{"line":6,"column":16},"end":{"line":6,"column":17}},"loc":{"start":{"line":6,"column":45},"end":{"line":14,"column":1}},"line":6}},"branchMap":{},"s":{"0":1,"1":1,"2":1,"3":0,"4":1},"f":{"0":0},"b":{},"inputSourceMap":{"version":3,"sources":["welcome.js"],"names":["express","require","router","Router","get","request","response","status","send","module","exports"],"mappings":";;AAAA,IAAMA,OAAO,GAAGC,OAAO,CAAC,SAAD,CAAvB;;AACA,IAAMC,MAAM,GAAGF,OAAO,CAACG,MAAR,EAAf;AAEAD,MAAM,CAACE,GAAP,CAAW,GAAX,EAAgB,UAACC,OAAD,EAAUC,QAAV,EAAqB;AACjCA,EAAAA,QAAQ,CAACC,MAAT,CAAgB,GAAhB,EAAqBC,IAArB,CAA0B;AACtB,eAAU,2DADY;AAEtB,aAAQ,eAFc;AAGtB,gBAAW,kBAHW;AAItB,sBAAiB,2BAJK;AAKtB,sBAAiB;AALK,GAA1B;AAQH,CATD;AAUAC,MAAM,CAACC,OAAP,GAAiBR,MAAjB","sourceRoot":"/Users/andela/Documents/BernardPortfolio/bernard_portfolio/server/routes/api/","sourcesContent":["const express = require('express');\nconst router = express.Router();\n\nrouter.get(\"/\", (request, response)=>{\n    response.status(200).send({\n        \"message\":\"Welcome USE YOUR BROWSER TO NAVIGATE THROUGH MY PORTFOLIO\",\n        \"/post\":\"See all posts\",\n        \"/comment\":\"See all comments\",\n        \"/account/login\":\"Used to log into  account\",\n        \"account/signup\":\"Used to create an account\"\n\n    });\n});\nmodule.exports = router;"]},"_coverageSchema":"1a1c01bbd47fc00a2c39e90264f33305004495a9","hash":"2fdb10324d7b02578be509a4bf73063ffb7c0eb9","contentHash":"2fb4a747d2969db57257019b902ad31db152fe7cdae5dc364a9c3403c0b9f33d"}}