{"/Users/andela/Documents/BernardPortfolio/bernard_portfolio/app.js":{"path":"/Users/andela/Documents/BernardPortfolio/bernard_portfolio/app.js","statementMap":{"0":{"start":{"line":3,"column":14},"end":{"line":3,"column":32}},"1":{"start":{"line":5,"column":17},"end":{"line":5,"column":39}},"2":{"start":{"line":7,"column":10},"end":{"line":7,"column":19}},"3":{"start":{"line":9,"column":22},"end":{"line":9,"column":47}},"4":{"start":{"line":11,"column":13},"end":{"line":11,"column":38}},"5":{"start":{"line":13,"column":19},"end":{"line":13,"column":43}},"6":{"start":{"line":15,"column":16},"end":{"line":15,"column":45}},"7":{"start":{"line":17,"column":20},"end":{"line":17,"column":54}},"8":{"start":{"line":19,"column":0},"end":{"line":19,"column":25}},"9":{"start":{"line":21,"column":0},"end":{"line":21,"column":27}},"10":{"start":{"line":23,"column":21},"end":{"line":31,"column":1}},"11":{"start":{"line":32,"column":18},"end":{"line":32,"column":46}},"12":{"start":{"line":33,"column":0},"end":{"line":33,"column":68}},"13":{"start":{"line":34,"column":0},"end":{"line":36,"column":4}},"14":{"start":{"line":37,"column":0},"end":{"line":37,"column":27}},"15":{"start":{"line":38,"column":0},"end":{"line":38,"column":18}},"16":{"start":{"line":39,"column":0},"end":{"line":39,"column":16}},"17":{"start":{"line":40,"column":0},"end":{"line":40,"column":21}}},"fnMap":{},"branchMap":{},"s":{"0":1,"1":1,"2":1,"3":1,"4":1,"5":1,"6":1,"7":1,"8":1,"9":1,"10":1,"11":1,"12":1,"13":1,"14":1,"15":1,"16":1,"17":1},"f":{},"b":{},"inputSourceMap":{"version":3,"sources":["app.js"],"names":["express","require","bodyParser","app","connectoToMongo","routes","swaggerJsDoc","swaggerUI","userValidator","swaggerOptions","swaggerDefinition","info","title","version","apis","swaggerDocs","use","serve","setup","json","extended","module","exports"],"mappings":";;AAAA,IAAMA,OAAO,GAAGC,OAAO,CAAC,SAAD,CAAvB;;AACA,IAAMC,UAAU,GAAGD,OAAO,CAAC,aAAD,CAA1B;;AACA,IAAOE,GAAG,GAAGH,OAAO,EAApB;;AACA,IAAMI,eAAe,GAAGH,OAAO,CAAC,gBAAD,CAA/B;;AACA,IAAMI,MAAM,GAAGJ,OAAO,CAAC,gBAAD,CAAtB;;AACA,IAAMK,YAAY,GAAGL,OAAO,CAAC,eAAD,CAA5B;;AACA,IAAMM,SAAS,GAAGN,OAAO,CAAC,oBAAD,CAAzB;;AACA,IAAMO,aAAa,GAAGP,OAAO,CAAC,yBAAD,CAA7B;;AACAA,OAAO,CAAC,eAAD,CAAP;;AACAA,OAAO,CAAC,iBAAD,CAAP;;AAEA,IAAMQ,cAAc,GAAG;AACrBC,EAAAA,iBAAiB,EAAE;AACjBC,IAAAA,IAAI,EAAE;AACJC,MAAAA,KAAK,EAAE,uBADH;AAEJC,MAAAA,OAAO,EAAE;AAFL;AADW,GADE;AAOrBC,EAAAA,IAAI,EAAE,CAAC,kBAAD;AAPe,CAAvB;AAUA,IAAMC,WAAW,GAAGT,YAAY,CAACG,cAAD,CAAhC;AACAN,GAAG,CAACa,GAAJ,CAAQ,WAAR,EAAqBT,SAAS,CAACU,KAA/B,EAAsCV,SAAS,CAACW,KAAV,CAAgBH,WAAhB,CAAtC;AACAZ,GAAG,CAACa,GAAJ,CAAQhB,OAAO,CAACmB,IAAR,CAAa;AAACC,EAAAA,QAAQ,EAAE;AAAX,CAAb,CAAR;AACAjB,GAAG,CAACa,GAAJ,CAAQd,UAAU,CAACiB,IAAX,EAAR;AAEAf,eAAe;AACfD,GAAG,CAACa,GAAJ,CAAQX,MAAR;AAKAgB,MAAM,CAACC,OAAP,GAAiBnB,GAAjB","sourceRoot":"/Users/andela/Documents/BernardPortfolio/bernard_portfolio/","sourcesContent":["const express = require(\"express\");\nconst bodyParser = require('body-parser');\nconst  app = express();\nconst connectoToMongo = require('./config/mongo');\nconst routes = require('./routes/index');\nconst swaggerJsDoc = require('swagger-jsdoc');\nconst swaggerUI = require('swagger-ui-express');\nconst userValidator = require('./helpers/userValidator');\nrequire(\"dotenv/config\");\nrequire(\"@babel/polyfill\");\n\nconst swaggerOptions = {\n  swaggerDefinition: {\n    info: {\n      title: \"Bernard Portfolio API\",\n      version: '1.0.0',\n    },\n  },\n  apis: [\"documentation.js\"]\n};\n\nconst swaggerDocs = swaggerJsDoc(swaggerOptions);\napp.use('/api-docs', swaggerUI.serve, swaggerUI.setup(swaggerDocs));\napp.use(express.json({extended: false}));\napp.use(bodyParser.json());\n\nconnectoToMongo();\napp.use(routes);\n\n\n\n\nmodule.exports = app;\n"]},"_coverageSchema":"1a1c01bbd47fc00a2c39e90264f33305004495a9","hash":"fd4670e0131987f6aaf18e2cb65eb7dc5456cf43","contentHash":"9e416cd05d405b74411ac0c0a1d4c4ff2e3cfa7c62601a25001ee4fd5de77726"},"/Users/andela/Documents/BernardPortfolio/bernard_portfolio/config/mongo.js":{"path":"/Users/andela/Documents/BernardPortfolio/bernard_portfolio/config/mongo.js","statementMap":{"0":{"start":{"line":3,"column":15},"end":{"line":3,"column":34}},"1":{"start":{"line":5,"column":0},"end":{"line":5,"column":25}},"2":{"start":{"line":7,"column":22},"end":{"line":14,"column":1}},"3":{"start":{"line":8,"column":2},"end":{"line":13,"column":35}},"4":{"start":{"line":12,"column":4},"end":{"line":12,"column":42}},"5":{"start":{"line":16,"column":0},"end":{"line":16,"column":33}}},"fnMap":{"0":{"name":"connectoToMongo","decl":{"start":{"line":7,"column":31},"end":{"line":7,"column":46}},"loc":{"start":{"line":7,"column":49},"end":{"line":14,"column":1}},"line":7},"1":{"name":"(anonymous_1)","decl":{"start":{"line":11,"column":10},"end":{"line":11,"column":11}},"loc":{"start":{"line":11,"column":22},"end":{"line":13,"column":3}},"line":11},"2":{"name":"(anonymous_2)","decl":{"start":{"line":13,"column":14},"end":{"line":13,"column":15}},"loc":{"start":{"line":13,"column":31},"end":{"line":13,"column":33}},"line":13}},"branchMap":{},"s":{"0":1,"1":1,"2":1,"3":1,"4":1,"5":1},"f":{"0":1,"1":1,"2":0},"b":{},"inputSourceMap":{"version":3,"sources":["mongo.js"],"names":["mongoose","require","connectoToMongo","connect","process","env","MONGO_HASH","useUnifiedTopology","useNewUrlParser","then","console","log","error","module","exports"],"mappings":";;AAAA,IAAMA,QAAQ,GAAGC,OAAO,CAAC,UAAD,CAAxB;;AACAA,OAAO,CAAC,eAAD,CAAP;;AAEA,IAAMC,eAAe,GAAG,SAAlBA,eAAkB,GAAU;AAE9BF,EAAAA,QAAQ,CAACG,OAAT,CAAiBC,OAAO,CAACC,GAAR,CAAYC,UAA7B,EAEI;AAAEC,IAAAA,kBAAkB,EAAE,IAAtB;AAA2BC,IAAAA,eAAe,EAAE;AAA5C,GAFJ,EAEwDC,IAFxD,CAE6D,YAAI;AACzDC,IAAAA,OAAO,CAACC,GAAR,CAAY,wBAAZ;AAEH,GALL,WAKa,UAAAC,KAAK,EAAE,CAEf,CAPL;AAQH,CAVD;;AAWAC,MAAM,CAACC,OAAP,GAAiBZ,eAAjB","sourceRoot":"/Users/andela/Documents/BernardPortfolio/bernard_portfolio/config/","sourcesContent":["const mongoose = require(\"mongoose\");\nrequire(\"dotenv/config\");\n\nconst connectoToMongo = function(){\n    \n    mongoose.connect(process.env.MONGO_HASH,\n\n        { useUnifiedTopology: true,useNewUrlParser: true }).then(()=>{\n            console.log(\"Server Connected to DB\");\n        \n        }).catch(error=>{\n        \n        });\n}\nmodule.exports = connectoToMongo;\n"]},"_coverageSchema":"1a1c01bbd47fc00a2c39e90264f33305004495a9","hash":"af59e674caf859c4717bd6620104f32c95526417","contentHash":"457876a793bfa5460bf9531d6f9d1a3fa648bea486953102da19698370db19ee"},"/Users/andela/Documents/BernardPortfolio/bernard_portfolio/routes/index.js":{"path":"/Users/andela/Documents/BernardPortfolio/bernard_portfolio/routes/index.js","statementMap":{"0":{"start":{"line":3,"column":16},"end":{"line":3,"column":37}},"1":{"start":{"line":5,"column":19},"end":{"line":5,"column":44}},"2":{"start":{"line":7,"column":15},"end":{"line":7,"column":33}},"3":{"start":{"line":8,"column":13},"end":{"line":8,"column":28}},"4":{"start":{"line":10,"column":16},"end":{"line":10,"column":50}},"5":{"start":{"line":12,"column":19},"end":{"line":12,"column":51}},"6":{"start":{"line":14,"column":13},"end":{"line":14,"column":21}},"7":{"start":{"line":15,"column":0},"end":{"line":15,"column":31}},"8":{"start":{"line":16,"column":0},"end":{"line":16,"column":37}},"9":{"start":{"line":17,"column":0},"end":{"line":17,"column":34}},"10":{"start":{"line":18,"column":0},"end":{"line":18,"column":30}},"11":{"start":{"line":19,"column":0},"end":{"line":19,"column":24}}},"fnMap":{},"branchMap":{},"s":{"0":1,"1":1,"2":1,"3":1,"4":1,"5":1,"6":1,"7":1,"8":1,"9":1,"10":1,"11":1},"f":{},"b":{},"inputSourceMap":{"version":3,"sources":["index.js"],"names":["postRoute","require","commentRoute","Router","authroute","welcomeRoute","router","use","module","exports"],"mappings":";;AAAA,IAAMA,SAAS,GAAGC,OAAO,CAAC,YAAD,CAAzB;;AACA,IAAMC,YAAY,GAAGD,OAAO,CAAC,gBAAD,CAA5B;;eACgBA,OAAO,CAAC,SAAD,C;IAAhBE,M,YAAAA,M;;AACP,IAAMC,SAAS,GAAGH,OAAO,CAAC,yBAAD,CAAzB;;AACA,IAAMI,YAAY,GAAGJ,OAAO,CAAC,uBAAD,CAA5B;;AAEA,IAAMK,MAAM,GAAGH,MAAM,EAArB;AAEAG,MAAM,CAACC,GAAP,CAAW,OAAX,EAAoBP,SAApB;AACAM,MAAM,CAACC,GAAP,CAAW,UAAX,EAAuBL,YAAvB;AACAI,MAAM,CAACC,GAAP,CAAW,UAAX,EAAuBH,SAAvB;AACAE,MAAM,CAACC,GAAP,CAAW,GAAX,EAAgBF,YAAhB;AAEAG,MAAM,CAACC,OAAP,GAAiBH,MAAjB","sourceRoot":"/Users/andela/Documents/BernardPortfolio/bernard_portfolio/routes/","sourcesContent":["const postRoute = require('./api/post');\nconst commentRoute = require('./api/comments')\nconst {Router}= require(\"express\");\nconst authroute = require('../routes/api/authroute');\nconst welcomeRoute = require('../routes/api/welcome');\n\nconst router = Router();\n\nrouter.use(\"/post\", postRoute);\nrouter.use(\"/comment\", commentRoute);\nrouter.use(\"/account\", authroute);\nrouter.use(\"/\", welcomeRoute);\n\nmodule.exports = router\n"]},"_coverageSchema":"1a1c01bbd47fc00a2c39e90264f33305004495a9","hash":"8147338e68f204e8afba3ea884cce2698ea794f6","contentHash":"f0ccd469a8279fd8db70510ef034a961b64c6e284ac8a4519a87d73787048ca1"},"/Users/andela/Documents/BernardPortfolio/bernard_portfolio/routes/api/post.js":{"path":"/Users/andela/Documents/BernardPortfolio/bernard_portfolio/routes/api/post.js","statementMap":{"0":{"start":{"line":3,"column":22},"end":{"line":3,"column":66}},"1":{"start":{"line":5,"column":14},"end":{"line":5,"column":32}},"2":{"start":{"line":7,"column":13},"end":{"line":7,"column":29}},"3":{"start":{"line":8,"column":0},"end":{"line":8,"column":43}},"4":{"start":{"line":9,"column":0},"end":{"line":9,"column":50}},"5":{"start":{"line":10,"column":0},"end":{"line":10,"column":47}},"6":{"start":{"line":11,"column":0},"end":{"line":11,"column":57}},"7":{"start":{"line":12,"column":0},"end":{"line":12,"column":52}},"8":{"start":{"line":13,"column":0},"end":{"line":13,"column":24}}},"fnMap":{},"branchMap":{},"s":{"0":1,"1":1,"2":1,"3":1,"4":1,"5":1,"6":1,"7":1,"8":1},"f":{},"b":{},"inputSourceMap":{"version":3,"sources":["post.js"],"names":["postsController","require","express","router","Router","post","savePost","get","retrieveAllPosts","getOne","deletePost","patch","patchPost","module","exports"],"mappings":";;AAAA,IAAMA,eAAe,GAAGC,OAAO,CAAC,mCAAD,CAA/B;;AACA,IAAMC,OAAO,GAAGD,OAAO,CAAC,SAAD,CAAvB;;AACA,IAAME,MAAM,GAAGD,OAAO,CAACE,MAAR,EAAf;AAEAD,MAAM,CAACE,IAAP,CAAY,GAAZ,EAAiBL,eAAe,CAACM,QAAjC;AAEAH,MAAM,CAACI,GAAP,CAAW,GAAX,EAAgBP,eAAe,CAACQ,gBAAhC;AACAL,MAAM,CAACI,GAAP,CAAW,UAAX,EAAuBP,eAAe,CAACS,MAAvC;AACAN,MAAM,UAAN,CAAc,UAAd,EAA0BH,eAAe,CAACU,UAA1C;AACAP,MAAM,CAACQ,KAAP,CAAa,UAAb,EAAyBX,eAAe,CAACY,SAAzC;AAEAC,MAAM,CAACC,OAAP,GAAiBX,MAAjB","sourceRoot":"/Users/andela/Documents/BernardPortfolio/bernard_portfolio/routes/api/","sourcesContent":["const postsController = require('../../controllers/postsController');\nconst express = require('express');\nconst router = express.Router();\n\nrouter.post(\"/\", postsController.savePost);\n\nrouter.get(\"/\", postsController.retrieveAllPosts);\nrouter.get(\"/:postId\", postsController.getOne);\nrouter.delete(\"/:postId\", postsController.deletePost);\nrouter.patch(\"/:postId\", postsController.patchPost);\n\nmodule.exports = router;\n\n\n\n"]},"_coverageSchema":"1a1c01bbd47fc00a2c39e90264f33305004495a9","hash":"9c41fb7d762e65f5e04dda8f81fff7ac60fef5be","contentHash":"5979d61208c5458e3670d725a2f68b5b98b062c5cc3b8f51be9e02ead262d40d"},"/Users/andela/Documents/BernardPortfolio/bernard_portfolio/controllers/postsController.js":{"path":"/Users/andela/Documents/BernardPortfolio/bernard_portfolio/controllers/postsController.js","statementMap":{"0":{"start":{"line":3,"column":29},"end":{"line":3,"column":84}},"1":{"start":{"line":5,"column":19},"end":{"line":5,"column":80}},"2":{"start":{"line":7,"column":25},"end":{"line":7,"column":99}},"3":{"start":{"line":9,"column":23},"end":{"line":9,"column":95}},"4":{"start":{"line":11,"column":20},"end":{"line":11,"column":89}},"5":{"start":{"line":13,"column":23},"end":{"line":13,"column":95}},"6":{"start":{"line":15,"column":12},"end":{"line":15,"column":38}},"7":{"start":{"line":17,"column":20},"end":{"line":17,"column":55}},"8":{"start":{"line":19,"column":24},"end":{"line":70,"column":3}},"9":{"start":{"line":21,"column":4},"end":{"line":21,"column":49}},"10":{"start":{"line":24,"column":2},"end":{"line":68,"column":6}},"11":{"start":{"line":27,"column":22},"end":{"line":60,"column":9}},"12":{"start":{"line":29,"column":8},"end":{"line":59,"column":36}},"13":{"start":{"line":30,"column":10},"end":{"line":58,"column":11}},"14":{"start":{"line":31,"column":12},"end":{"line":57,"column":13}},"15":{"start":{"line":33,"column":16},"end":{"line":33,"column":34}},"16":{"start":{"line":34,"column":16},"end":{"line":38,"column":19}},"17":{"start":{"line":39,"column":16},"end":{"line":39,"column":34}},"18":{"start":{"line":40,"column":16},"end":{"line":40,"column":37}},"19":{"start":{"line":43,"column":16},"end":{"line":47,"column":20}},"20":{"start":{"line":50,"column":16},"end":{"line":50,"column":34}},"21":{"start":{"line":51,"column":16},"end":{"line":51,"column":51}},"22":{"start":{"line":52,"column":16},"end":{"line":52,"column":89}},"23":{"start":{"line":56,"column":16},"end":{"line":56,"column":39}},"24":{"start":{"line":63,"column":8},"end":{"line":63,"column":48}},"25":{"start":{"line":66,"column":6},"end":{"line":66,"column":22}},"26":{"start":{"line":69,"column":2},"end":{"line":69,"column":14}},"27":{"start":{"line":72,"column":0},"end":{"line":107,"column":5}},"28":{"start":{"line":73,"column":13},"end":{"line":102,"column":5}},"29":{"start":{"line":75,"column":4},"end":{"line":101,"column":33}},"30":{"start":{"line":76,"column":6},"end":{"line":100,"column":7}},"31":{"start":{"line":77,"column":8},"end":{"line":99,"column":9}},"32":{"start":{"line":79,"column":12},"end":{"line":79,"column":31}},"33":{"start":{"line":80,"column":12},"end":{"line":80,"column":31}},"34":{"start":{"line":81,"column":12},"end":{"line":81,"column":32}},"35":{"start":{"line":84,"column":12},"end":{"line":84,"column":34}},"36":{"start":{"line":85,"column":12},"end":{"line":89,"column":16}},"37":{"start":{"line":92,"column":12},"end":{"line":92,"column":31}},"38":{"start":{"line":93,"column":12},"end":{"line":93,"column":49}},"39":{"start":{"line":94,"column":12},"end":{"line":94,"column":87}},"40":{"start":{"line":98,"column":12},"end":{"line":98,"column":36}},"41":{"start":{"line":104,"column":2},"end":{"line":106,"column":4}},"42":{"start":{"line":105,"column":4},"end":{"line":105,"column":39}},"43":{"start":{"line":108,"column":0},"end":{"line":140,"column":3}},"44":{"start":{"line":109,"column":2},"end":{"line":139,"column":5}},"45":{"start":{"line":110,"column":4},"end":{"line":138,"column":5}},"46":{"start":{"line":111,"column":6},"end":{"line":113,"column":9}},"47":{"start":{"line":115,"column":6},"end":{"line":137,"column":12}},"48":{"start":{"line":117,"column":8},"end":{"line":136,"column":21}},"49":{"start":{"line":118,"column":10},"end":{"line":135,"column":11}},"50":{"start":{"line":119,"column":12},"end":{"line":134,"column":13}},"51":{"start":{"line":121,"column":16},"end":{"line":121,"column":35}},"52":{"start":{"line":122,"column":16},"end":{"line":122,"column":61}},"53":{"start":{"line":125,"column":16},"end":{"line":125,"column":38}},"54":{"start":{"line":126,"column":16},"end":{"line":129,"column":20}},"55":{"start":{"line":133,"column":16},"end":{"line":133,"column":40}},"56":{"start":{"line":141,"column":0},"end":{"line":175,"column":5}},"57":{"start":{"line":142,"column":14},"end":{"line":170,"column":5}},"58":{"start":{"line":143,"column":4},"end":{"line":169,"column":17}},"59":{"start":{"line":144,"column":6},"end":{"line":168,"column":7}},"60":{"start":{"line":145,"column":8},"end":{"line":167,"column":9}},"61":{"start":{"line":147,"column":12},"end":{"line":162,"column":15}},"62":{"start":{"line":148,"column":14},"end":{"line":161,"column":15}},"63":{"start":{"line":149,"column":16},"end":{"line":156,"column":19}},"64":{"start":{"line":152,"column":18},"end":{"line":155,"column":21}},"65":{"start":{"line":158,"column":16},"end":{"line":160,"column":19}},"66":{"start":{"line":166,"column":12},"end":{"line":166,"column":36}},"67":{"start":{"line":172,"column":2},"end":{"line":174,"column":4}},"68":{"start":{"line":173,"column":4},"end":{"line":173,"column":40}},"69":{"start":{"line":176,"column":0},"end":{"line":216,"column":5}},"70":{"start":{"line":177,"column":14},"end":{"line":211,"column":5}},"71":{"start":{"line":179,"column":4},"end":{"line":210,"column":33}},"72":{"start":{"line":180,"column":6},"end":{"line":209,"column":7}},"73":{"start":{"line":181,"column":8},"end":{"line":208,"column":9}},"74":{"start":{"line":183,"column":12},"end":{"line":183,"column":31}},"75":{"start":{"line":184,"column":12},"end":{"line":184,"column":31}},"76":{"start":{"line":185,"column":12},"end":{"line":191,"column":15}},"77":{"start":{"line":194,"column":12},"end":{"line":194,"column":34}},"78":{"start":{"line":195,"column":12},"end":{"line":198,"column":16}},"79":{"start":{"line":201,"column":12},"end":{"line":201,"column":31}},"80":{"start":{"line":202,"column":12},"end":{"line":202,"column":49}},"81":{"start":{"line":203,"column":12},"end":{"line":203,"column":87}},"82":{"start":{"line":207,"column":12},"end":{"line":207,"column":36}},"83":{"start":{"line":213,"column":2},"end":{"line":215,"column":4}},"84":{"start":{"line":214,"column":4},"end":{"line":214,"column":40}},"85":{"start":{"line":217,"column":0},"end":{"line":217,"column":22}}},"fnMap":{"0":{"name":"(anonymous_0)","decl":{"start":{"line":19,"column":24},"end":{"line":19,"column":25}},"loc":{"start":{"line":19,"column":36},"end":{"line":70,"column":1}},"line":19},"1":{"name":"Post","decl":{"start":{"line":20,"column":11},"end":{"line":20,"column":15}},"loc":{"start":{"line":20,"column":18},"end":{"line":22,"column":3}},"line":20},"2":{"name":"(anonymous_2)","decl":{"start":{"line":26,"column":11},"end":{"line":26,"column":12}},"loc":{"start":{"line":26,"column":23},"end":{"line":67,"column":5}},"line":26},"3":{"name":"_callee","decl":{"start":{"line":27,"column":109},"end":{"line":27,"column":116}},"loc":{"start":{"line":27,"column":136},"end":{"line":60,"column":7}},"line":27},"4":{"name":"_callee$","decl":{"start":{"line":29,"column":53},"end":{"line":29,"column":61}},"loc":{"start":{"line":29,"column":72},"end":{"line":59,"column":9}},"line":29},"5":{"name":"savePost","decl":{"start":{"line":62,"column":15},"end":{"line":62,"column":23}},"loc":{"start":{"line":62,"column":33},"end":{"line":64,"column":7}},"line":62},"6":{"name":"(anonymous_6)","decl":{"start":{"line":72,"column":72},"end":{"line":72,"column":73}},"loc":{"start":{"line":72,"column":84},"end":{"line":107,"column":1}},"line":72},"7":{"name":"_callee2","decl":{"start":{"line":73,"column":100},"end":{"line":73,"column":108}},"loc":{"start":{"line":73,"column":128},"end":{"line":102,"column":3}},"line":73},"8":{"name":"_callee2$","decl":{"start":{"line":75,"column":49},"end":{"line":75,"column":58}},"loc":{"start":{"line":75,"column":70},"end":{"line":101,"column":5}},"line":75},"9":{"name":"(anonymous_9)","decl":{"start":{"line":104,"column":9},"end":{"line":104,"column":10}},"loc":{"start":{"line":104,"column":29},"end":{"line":106,"column":3}},"line":104},"10":{"name":"(anonymous_10)","decl":{"start":{"line":108,"column":49},"end":{"line":108,"column":50}},"loc":{"start":{"line":108,"column":78},"end":{"line":140,"column":1}},"line":108},"11":{"name":"(anonymous_11)","decl":{"start":{"line":109,"column":68},"end":{"line":109,"column":69}},"loc":{"start":{"line":109,"column":92},"end":{"line":139,"column":3}},"line":109},"12":{"name":"_callee3","decl":{"start":{"line":115,"column":93},"end":{"line":115,"column":101}},"loc":{"start":{"line":115,"column":104},"end":{"line":137,"column":7}},"line":115},"13":{"name":"_callee3$","decl":{"start":{"line":117,"column":53},"end":{"line":117,"column":62}},"loc":{"start":{"line":117,"column":74},"end":{"line":136,"column":9}},"line":117},"14":{"name":"(anonymous_14)","decl":{"start":{"line":141,"column":66},"end":{"line":141,"column":67}},"loc":{"start":{"line":141,"column":78},"end":{"line":175,"column":1}},"line":141},"15":{"name":"_callee4","decl":{"start":{"line":142,"column":101},"end":{"line":142,"column":109}},"loc":{"start":{"line":142,"column":129},"end":{"line":170,"column":3}},"line":142},"16":{"name":"_callee4$","decl":{"start":{"line":143,"column":49},"end":{"line":143,"column":58}},"loc":{"start":{"line":143,"column":70},"end":{"line":169,"column":5}},"line":143},"17":{"name":"(anonymous_17)","decl":{"start":{"line":147,"column":78},"end":{"line":147,"column":79}},"loc":{"start":{"line":147,"column":96},"end":{"line":162,"column":13}},"line":147},"18":{"name":"(anonymous_18)","decl":{"start":{"line":151,"column":19},"end":{"line":151,"column":20}},"loc":{"start":{"line":151,"column":42},"end":{"line":156,"column":17}},"line":151},"19":{"name":"(anonymous_19)","decl":{"start":{"line":172,"column":9},"end":{"line":172,"column":10}},"loc":{"start":{"line":172,"column":29},"end":{"line":174,"column":3}},"line":172},"20":{"name":"(anonymous_20)","decl":{"start":{"line":176,"column":65},"end":{"line":176,"column":66}},"loc":{"start":{"line":176,"column":77},"end":{"line":216,"column":1}},"line":176},"21":{"name":"_callee5","decl":{"start":{"line":177,"column":101},"end":{"line":177,"column":109}},"loc":{"start":{"line":177,"column":129},"end":{"line":211,"column":3}},"line":177},"22":{"name":"_callee5$","decl":{"start":{"line":179,"column":49},"end":{"line":179,"column":58}},"loc":{"start":{"line":179,"column":70},"end":{"line":210,"column":5}},"line":179},"23":{"name":"(anonymous_23)","decl":{"start":{"line":213,"column":9},"end":{"line":213,"column":10}},"loc":{"start":{"line":213,"column":29},"end":{"line":215,"column":3}},"line":213}},"branchMap":{"0":{"loc":{"start":{"line":31,"column":12},"end":{"line":57,"column":13}},"type":"switch","locations":[{"start":{"line":32,"column":14},"end":{"line":40,"column":37}},{"start":{"line":42,"column":14},"end":{"line":47,"column":20}},{"start":{"line":49,"column":14},"end":{"line":52,"column":89}},{"start":{"line":54,"column":14},"end":{"line":54,"column":22}},{"start":{"line":55,"column":14},"end":{"line":56,"column":39}}],"line":31},"1":{"loc":{"start":{"line":77,"column":8},"end":{"line":99,"column":9}},"type":"switch","locations":[{"start":{"line":78,"column":10},"end":{"line":81,"column":32}},{"start":{"line":83,"column":10},"end":{"line":89,"column":16}},{"start":{"line":91,"column":10},"end":{"line":94,"column":87}},{"start":{"line":96,"column":10},"end":{"line":96,"column":18}},{"start":{"line":97,"column":10},"end":{"line":98,"column":36}}],"line":77},"2":{"loc":{"start":{"line":110,"column":4},"end":{"line":138,"column":5}},"type":"if","locations":[{"start":{"line":110,"column":4},"end":{"line":138,"column":5}},{"start":{"line":110,"column":4},"end":{"line":138,"column":5}}],"line":110},"3":{"loc":{"start":{"line":119,"column":12},"end":{"line":134,"column":13}},"type":"switch","locations":[{"start":{"line":120,"column":14},"end":{"line":122,"column":61}},{"start":{"line":124,"column":14},"end":{"line":129,"column":20}},{"start":{"line":131,"column":14},"end":{"line":131,"column":21}},{"start":{"line":132,"column":14},"end":{"line":133,"column":40}}],"line":119},"4":{"loc":{"start":{"line":145,"column":8},"end":{"line":167,"column":9}},"type":"switch","locations":[{"start":{"line":146,"column":10},"end":{"line":162,"column":15}},{"start":{"line":164,"column":10},"end":{"line":164,"column":17}},{"start":{"line":165,"column":10},"end":{"line":166,"column":36}}],"line":145},"5":{"loc":{"start":{"line":148,"column":14},"end":{"line":161,"column":15}},"type":"if","locations":[{"start":{"line":148,"column":14},"end":{"line":161,"column":15}},{"start":{"line":148,"column":14},"end":{"line":161,"column":15}}],"line":148},"6":{"loc":{"start":{"line":181,"column":8},"end":{"line":208,"column":9}},"type":"switch","locations":[{"start":{"line":182,"column":10},"end":{"line":191,"column":15}},{"start":{"line":193,"column":10},"end":{"line":198,"column":16}},{"start":{"line":200,"column":10},"end":{"line":203,"column":87}},{"start":{"line":205,"column":10},"end":{"line":205,"column":18}},{"start":{"line":206,"column":10},"end":{"line":207,"column":36}}],"line":181}},"s":{"0":1,"1":1,"2":1,"3":1,"4":1,"5":1,"6":1,"7":1,"8":1,"9":0,"10":1,"11":1,"12":1,"13":3,"14":3,"15":1,"16":1,"17":1,"18":1,"19":1,"20":0,"21":0,"22":0,"23":1,"24":1,"25":1,"26":1,"27":1,"28":1,"29":1,"30":3,"31":3,"32":1,"33":1,"34":1,"35":1,"36":1,"37":0,"38":0,"39":0,"40":1,"41":1,"42":1,"43":1,"44":2,"45":2,"46":1,"47":1,"48":1,"49":3,"50":3,"51":1,"52":1,"53":1,"54":1,"55":1,"56":1,"57":1,"58":2,"59":2,"60":2,"61":2,"62":2,"63":0,"64":0,"65":2,"66":2,"67":1,"68":2,"69":1,"70":1,"71":1,"72":3,"73":3,"74":1,"75":1,"76":1,"77":1,"78":1,"79":0,"80":0,"81":0,"82":1,"83":1,"84":1,"85":1},"f":{"0":1,"1":0,"2":1,"3":1,"4":3,"5":1,"6":1,"7":1,"8":3,"9":1,"10":2,"11":2,"12":1,"13":3,"14":1,"15":2,"16":2,"17":2,"18":0,"19":2,"20":1,"21":1,"22":3,"23":1},"b":{"0":[1,1,0,0,1],"1":[1,1,0,0,1],"2":[1,1],"3":[1,1,0,1],"4":[2,2,2],"5":[0,2],"6":[1,1,0,0,1]},"inputSourceMap":{"version":3,"sources":["postsController.js"],"names":["Posts","require","PostValidator","Post","request","response","toPost","title","body","description","imagesource","save","send","status","message","data","find","checkIfIdExists","String","params","postId","then","return_Value","findById","retval","findOneAndRemove","_id","error","update","$set","module","exports"],"mappings":";;;;;;;;;;;;;;AACA,IAAMA,KAAK,GAAGC,OAAO,CAAC,iBAAD,CAArB;;AACA,IAAMC,aAAa,GAAGD,OAAO,CAAC,0BAAD,CAA7B;;IAEME,I;;;;;;;;qHACqBC,O,EAASC,Q;;;;;;;AAElBC,gBAAAA,M,GAAS,IAAIN,KAAJ,CAAU;AACrBO,kBAAAA,KAAK,EAAEH,OAAO,CAACI,IAAR,CAAaD,KADC;AAErBE,kBAAAA,WAAW,EAAEL,OAAO,CAACI,IAAR,CAAaC,WAFL;AAGrBC,kBAAAA,WAAW,EAAEN,OAAO,CAACI,IAAR,CAAaE;AAHL,iBAAV,C;;uBAKTJ,MAAM,CAACK,IAAP,E;;;iDACEN,QAAQ,CAACO,IAAT,CAAc;AACjBC,kBAAAA,MAAM,EAAE,GADS;AAEjBC,kBAAAA,OAAO,EAAE,aAFQ;AAGjBC,kBAAAA,IAAI,EAAET;AAHW,iBAAd,C;;;;;iDAMDD,QAAQ,CAACO,IAAT,cAAqBC,MAArB,CAA4B,GAA5B,C;;;;;;;;;;;;;;;;;;;;iCAfbV,I;2FAoB6B,kBAAeC,OAAf,EAAwBC,QAAxB;AAAA;AAAA;AAAA;AAAA;AAAA;AAAA;AAAA;AAAA,mBAEJL,KAAK,CAACgB,IAAN,EAFI;;AAAA;AAEjBD,YAAAA,IAFiB;AAAA,8CAGhBV,QAAQ,CAACO,IAAT,CAAc;AACbC,cAAAA,MAAM,EAAE,GADK;AAEbC,cAAAA,OAAO,EAAE,aAFI;AAGbC,cAAAA,IAAI,EAAJA;AAHa,aAAd,CAHgB;;AAAA;AAAA;AAAA;AAAA,8CAUhBV,QAAQ,CAACO,IAAT,eAAqBC,MAArB,CAA4B,GAA5B,CAVgB;;AAAA;AAAA;AAAA;AAAA;AAAA;AAAA;AAAA,G;;;;;;iCApB7BV,I,YAiCmB,UAASC,OAAT,EAAkBC,QAAlB,EAA4B;AACzCH,EAAAA,aAAa,CAACe,eAAd,CAA8BC,MAAM,CAACd,OAAO,CAACe,MAAR,CAAeC,MAAhB,CAApC,EAA6DC,IAA7D,CAAkE,UAAAC,YAAY,EAAI;AAC7E,QAAGA,YAAY,IAAI,OAAnB,EAA2B;AACvB,aAAOjB,QAAQ,CAACQ,MAAT,CAAgB,GAAhB,EAAqBD,IAArB,CAA0B;AAACE,QAAAA,OAAO,EAAC;AAAT,OAA1B,CAAP;AACH,KAFD,MAEK;AACD,oFAAC;AAAA;AAAA;AAAA;AAAA;AAAA;AAAA;AAAA,uBACqBd,KAAK,CAACuB,QAAN,CAAenB,OAAO,CAACe,MAAR,CAAeC,MAA9B,CADrB;;AAAA;AACQL,gBAAAA,IADR;AAAA,kDAESV,QAAQ,CAACQ,MAAT,CAAgB,GAAhB,EAAqBD,IAArB,CAA0B;AAACE,kBAAAA,OAAO,EAAC,4BAAT;AAAsCC,kBAAAA,IAAI,EAAJA;AAAtC,iBAA1B,CAFT;;AAAA;AAAA;AAAA;AAAA;AAAA;AAAA;AAAA,OAAD;AAIH;AAED,GAVL;AAWC,C;iCA7CPZ,I;4FA8CsB,kBAAMC,OAAN,EAAeC,QAAf;AAAA;AAAA;AAAA;AAAA;AAChBH,YAAAA,aAAa,CAACe,eAAd,CAA8BC,MAAM,CAACd,OAAO,CAACe,MAAR,CAAeC,MAAhB,CAApC,EAA6DC,IAA7D,CAAkE,UAAAG,MAAM,EAAE;AACtE,kBAAGA,MAAM,IAAI,MAAb,EAAoB;AACnBxB,gBAAAA,KAAK,CAACyB,gBAAN,CAAuB;AAACC,kBAAAA,GAAG,EAAEtB,OAAO,CAACe,MAAR,CAAeC;AAArB,iBAAvB,EAAqD,UAASO,KAAT,EAAeZ,IAAf,EAAoB;AAClE,yBAAOV,QAAQ,CAACQ,MAAT,CAAgB,GAAhB,EAAqBD,IAArB,CAA0B;AAC7BE,oBAAAA,OAAO,EAAE,gBADoB;AAE7BC,oBAAAA,IAAI,EAAJA;AAF6B,mBAA1B,CAAP;AAIP,iBALA;AAMJ,eAPG,MAOC;AACD,uBAAOV,QAAQ,CAACQ,MAAT,CAAgB,GAAhB,EAAqBD,IAArB,CAA0B;AAC7BE,kBAAAA,OAAO,EAAE;AADoB,iBAA1B,CAAP;AAIH;AACE,aAdH;;AADgB;AAAA;AAAA;AAAA;AAAA;AAAA;AAAA,G;;;;;;iCA9CtBX,I;4FA+DqB,kBAAOC,OAAP,EAAgBC,QAAhB;AAAA;AAAA;AAAA;AAAA;AAAA;AAAA;AAAA;AAAA,mBAEML,KAAK,CAAC4B,MAAN,CAAa;AAACF,cAAAA,GAAG,EAAEtB,OAAO,CAACe,MAAR,CAAeC;AAArB,aAAb,EACb;AAAES,cAAAA,IAAI,EAAE;AAACtB,gBAAAA,KAAK,EAAEH,OAAO,CAACI,IAAR,CAAaD;AAArB;AAAR,aADa,CAFN;;AAAA;AAEPQ,YAAAA,IAFO;AAAA,8CAKJV,QAAQ,CAACQ,MAAT,CAAgB,GAAhB,EAAqBD,IAArB,CAA0B;AAC7BE,cAAAA,OAAO,EAAE,0BADoB;AAE7BC,cAAAA,IAAI,EAAJA;AAF6B,aAA1B,CALI;;AAAA;AAAA;AAAA;AAAA,8CAUJV,QAAQ,CAACQ,MAAT,CAAgB,GAAhB,EAAqBD,IAArB,cAVI;;AAAA;AAAA;AAAA;AAAA;AAAA;AAAA;AAAA,G;;;;;;AAe3BkB,MAAM,CAACC,OAAP,GAAiB5B,IAAjB","sourceRoot":"/Users/andela/Documents/BernardPortfolio/bernard_portfolio/controllers/","sourcesContent":["\nconst Posts = require('../models/Posts');\nconst PostValidator = require('../helpers/PostValidator');\n\nclass Post{\n     static async savePost(request, response){\n        try{\n            const toPost = new Posts({\n                title: request.body.title,\n                description: request.body.description,\n                imagesource: request.body.imagesource\n            });\n            await toPost.save();\n             return response.send({\n                 status: 200,\n                 message: 'Post a post',\n                 data: toPost\n             }); \n        }catch(error){\n            return response.send(error).status(500)\n        }\n     }  \n\n     \n        static retrieveAllPosts =  async function(request, response){\n           try{\n            const data = await Posts.find();\n            return response.send({\n                    status: 200,\n                    message: 'Get request',\n                    data\n                });\n            \n           }catch(error){\n            return response.send(error).status(500);\n           }\n        }\n        static getOne =  function(request, response) {\n            PostValidator.checkIfIdExists(String(request.params.postId)).then(return_Value => {\n                 if(return_Value == 'false'){\n                     return response.status(404).send({message:\"No such Post Found\"});\n                 }else{\n                     (async()=>{\n                        const data = await Posts.findById(request.params.postId);\n                        return response.status(200).send({message:\"Post retrieved Succesfully\",data});\n                     })();\n                 }\n                     \n                })\n            }\n        static deletePost = async(request, response)=>{\n            PostValidator.checkIfIdExists(String(request.params.postId)).then(retval=>{\n                if(retval == 'true'){\n                 Posts.findOneAndRemove({_id: request.params.postId}, function(error,data){\n                        return response.status(200).send({\n                            message: \"Record deleted\",\n                            data\n                        })\n                });\n            }else{\n                return response.status(404).send({\n                    message: \"The post with that ID doesnt exist\"\n                    \n                })\n            }\n              });\n        }\n        static patchPost = async (request, response)=>{\n            try{\n                var data = await Posts.update({_id: request.params.postId},\n                    { $set: {title: request.body.title}}\n                    );\n                return response.status(200).send({\n                    message: 'Post Updated succesfully',\n                    data\n                })    \n            }catch(error){\n                return response.status(500).send(error);\n            }\n        }\n\n}\nmodule.exports = Post;\n"]},"_coverageSchema":"1a1c01bbd47fc00a2c39e90264f33305004495a9","hash":"1d6a6bccb203d6e39494da56d1321cbec155bf03","contentHash":"5420ce390ee2b34bd9b769adc4faff97406d931c213c57c63ec27a90fec75048"},"/Users/andela/Documents/BernardPortfolio/bernard_portfolio/models/Posts.js":{"path":"/Users/andela/Documents/BernardPortfolio/bernard_portfolio/models/Posts.js","statementMap":{"0":{"start":{"line":3,"column":15},"end":{"line":3,"column":34}},"1":{"start":{"line":5,"column":17},"end":{"line":18,"column":2}},"2":{"start":{"line":19,"column":0},"end":{"line":19,"column":52}}},"fnMap":{},"branchMap":{},"s":{"0":1,"1":1,"2":1},"f":{},"b":{},"inputSourceMap":{"version":3,"sources":["Posts.js"],"names":["mongoose","require","postSchema","Schema","title","type","String","required","description","imagesource","module","exports","model"],"mappings":";;AAAA,IAAMA,QAAQ,GAAGC,OAAO,YAAxB;;AAEA,IAAMC,UAAU,GAAG,IAAIF,QAAQ,CAACG,MAAb,CAAoB;AACnCC,EAAAA,KAAK,EAAC;AACFC,IAAAA,IAAI,EAAEC,MADJ;AAEFC,IAAAA,QAAQ,EAAE;AAFR,GAD6B;AAKnCC,EAAAA,WAAW,EAAC;AACRH,IAAAA,IAAI,EAAEC,MADE;AAERC,IAAAA,QAAQ,EAAE;AAFF,GALuB;AASnCE,EAAAA,WAAW,EAAC;AACRJ,IAAAA,IAAI,EAAEC,MADE;AAERC,IAAAA,QAAQ,EAAE;AAFF;AATuB,CAApB,CAAnB;AAcAG,MAAM,CAACC,OAAP,GAAiBX,QAAQ,CAACY,KAAT,CAAe,MAAf,EAAuBV,UAAvB,CAAjB","sourceRoot":"/Users/andela/Documents/BernardPortfolio/bernard_portfolio/models/","sourcesContent":["const mongoose = require(`mongoose`);\n\nconst postSchema = new mongoose.Schema({\n    title:{\n        type: String,\n        required: true\n    },\n    description:{\n        type: String,\n        required: true\n    },\n    imagesource:{\n        type: String,\n        required: true\n    }\n});\nmodule.exports = mongoose.model('Post', postSchema);"]},"_coverageSchema":"1a1c01bbd47fc00a2c39e90264f33305004495a9","hash":"237d6841fe01173fe591dac4209c353af1d31ef0","contentHash":"452da9d9c6234507f7578d989ea80ae01639dd34b76b12fbddd0d1a84d0e907b"},"/Users/andela/Documents/BernardPortfolio/bernard_portfolio/helpers/PostValidator.js":{"path":"/Users/andela/Documents/BernardPortfolio/bernard_portfolio/helpers/PostValidator.js","statementMap":{"0":{"start":{"line":3,"column":29},"end":{"line":3,"column":84}},"1":{"start":{"line":5,"column":19},"end":{"line":5,"column":80}},"2":{"start":{"line":7,"column":25},"end":{"line":7,"column":99}},"3":{"start":{"line":9,"column":23},"end":{"line":9,"column":95}},"4":{"start":{"line":11,"column":23},"end":{"line":11,"column":95}},"5":{"start":{"line":13,"column":65},"end":{"line":13,"column":623}},"6":{"start":{"line":13,"column":132},"end":{"line":13,"column":463}},"7":{"start":{"line":13,"column":252},"end":{"line":13,"column":267}},"8":{"start":{"line":13,"column":260},"end":{"line":13,"column":267}},"9":{"start":{"line":13,"column":276},"end":{"line":13,"column":277}},"10":{"start":{"line":13,"column":287},"end":{"line":13,"column":302}},"11":{"start":{"line":13,"column":304},"end":{"line":13,"column":461}},"12":{"start":{"line":13,"column":337},"end":{"line":13,"column":378}},"13":{"start":{"line":13,"column":356},"end":{"line":13,"column":378}},"14":{"start":{"line":13,"column":379},"end":{"line":13,"column":417}},"15":{"start":{"line":13,"column":441},"end":{"line":13,"column":450}},"16":{"start":{"line":13,"column":464},"end":{"line":13,"column":621}},"17":{"start":{"line":13,"column":647},"end":{"line":13,"column":651}},"18":{"start":{"line":13,"column":662},"end":{"line":13,"column":667}},"19":{"start":{"line":13,"column":674},"end":{"line":13,"column":995}},"20":{"start":{"line":13,"column":701},"end":{"line":13,"column":727}},"21":{"start":{"line":13,"column":760},"end":{"line":13,"column":769}},"22":{"start":{"line":13,"column":771},"end":{"line":13,"column":800}},"23":{"start":{"line":13,"column":801},"end":{"line":13,"column":813}},"24":{"start":{"line":13,"column":838},"end":{"line":13,"column":852}},"25":{"start":{"line":13,"column":853},"end":{"line":13,"column":863}},"26":{"start":{"line":13,"column":885},"end":{"line":13,"column":990}},"27":{"start":{"line":13,"column":891},"end":{"line":13,"column":953}},"28":{"start":{"line":13,"column":938},"end":{"line":13,"column":953}},"29":{"start":{"line":13,"column":966},"end":{"line":13,"column":988}},"30":{"start":{"line":13,"column":978},"end":{"line":13,"column":988}},"31":{"start":{"line":15,"column":50},"end":{"line":15,"column":65}},"32":{"start":{"line":15,"column":58},"end":{"line":15,"column":65}},"33":{"start":{"line":15,"column":66},"end":{"line":15,"column":129}},"34":{"start":{"line":15,"column":93},"end":{"line":15,"column":129}},"35":{"start":{"line":15,"column":138},"end":{"line":15,"column":184}},"36":{"start":{"line":15,"column":186},"end":{"line":15,"column":246}},"37":{"start":{"line":15,"column":223},"end":{"line":15,"column":246}},"38":{"start":{"line":15,"column":247},"end":{"line":15,"column":300}},"39":{"start":{"line":15,"column":279},"end":{"line":15,"column":300}},"40":{"start":{"line":15,"column":301},"end":{"line":15,"column":414}},"41":{"start":{"line":15,"column":378},"end":{"line":15,"column":414}},"42":{"start":{"line":17,"column":39},"end":{"line":17,"column":93}},"43":{"start":{"line":17,"column":76},"end":{"line":17,"column":93}},"44":{"start":{"line":17,"column":94},"end":{"line":17,"column":168}},"45":{"start":{"line":17,"column":107},"end":{"line":17,"column":108}},"46":{"start":{"line":17,"column":117},"end":{"line":17,"column":131}},"47":{"start":{"line":17,"column":149},"end":{"line":17,"column":166}},"48":{"start":{"line":17,"column":169},"end":{"line":17,"column":181}},"49":{"start":{"line":19,"column":12},"end":{"line":19,"column":38}},"50":{"start":{"line":21,"column":20},"end":{"line":23,"column":1}},"51":{"start":{"line":22,"column":2},"end":{"line":22,"column":56}},"52":{"start":{"line":25,"column":0},"end":{"line":69,"column":5}},"53":{"start":{"line":26,"column":13},"end":{"line":64,"column":5}},"54":{"start":{"line":28,"column":4},"end":{"line":63,"column":16}},"55":{"start":{"line":29,"column":6},"end":{"line":62,"column":7}},"56":{"start":{"line":30,"column":8},"end":{"line":61,"column":9}},"57":{"start":{"line":32,"column":12},"end":{"line":32,"column":25}},"58":{"start":{"line":33,"column":12},"end":{"line":33,"column":29}},"59":{"start":{"line":34,"column":12},"end":{"line":34,"column":30}},"60":{"start":{"line":35,"column":12},"end":{"line":53,"column":15}},"61":{"start":{"line":36,"column":30},"end":{"line":36,"column":64}},"62":{"start":{"line":39,"column":14},"end":{"line":52,"column":15}},"63":{"start":{"line":40,"column":16},"end":{"line":47,"column":17}},"64":{"start":{"line":41,"column":37},"end":{"line":41,"column":48}},"65":{"start":{"line":42,"column":18},"end":{"line":42,"column":49}},"66":{"start":{"line":44,"column":18},"end":{"line":46,"column":19}},"67":{"start":{"line":45,"column":20},"end":{"line":45,"column":36}},"68":{"start":{"line":49,"column":16},"end":{"line":49,"column":33}},"69":{"start":{"line":51,"column":16},"end":{"line":51,"column":30}},"70":{"start":{"line":56,"column":12},"end":{"line":56,"column":53}},"71":{"start":{"line":60,"column":12},"end":{"line":60,"column":35}},"72":{"start":{"line":66,"column":2},"end":{"line":68,"column":4}},"73":{"start":{"line":67,"column":4},"end":{"line":67,"column":39}},"74":{"start":{"line":70,"column":0},"end":{"line":70,"column":31}}},"fnMap":{"0":{"name":"_createForOfIteratorHelper","decl":{"start":{"line":13,"column":9},"end":{"line":13,"column":35}},"loc":{"start":{"line":13,"column":55},"end":{"line":13,"column":997}},"line":13},"1":{"name":"F","decl":{"start":{"line":13,"column":296},"end":{"line":13,"column":297}},"loc":{"start":{"line":13,"column":300},"end":{"line":13,"column":302}},"line":13},"2":{"name":"n","decl":{"start":{"line":13,"column":331},"end":{"line":13,"column":332}},"loc":{"start":{"line":13,"column":335},"end":{"line":13,"column":419}},"line":13},"3":{"name":"e","decl":{"start":{"line":13,"column":433},"end":{"line":13,"column":434}},"loc":{"start":{"line":13,"column":439},"end":{"line":13,"column":452}},"line":13},"4":{"name":"s","decl":{"start":{"line":13,"column":695},"end":{"line":13,"column":696}},"loc":{"start":{"line":13,"column":699},"end":{"line":13,"column":729}},"line":13},"5":{"name":"n","decl":{"start":{"line":13,"column":743},"end":{"line":13,"column":744}},"loc":{"start":{"line":13,"column":747},"end":{"line":13,"column":815}},"line":13},"6":{"name":"e","decl":{"start":{"line":13,"column":829},"end":{"line":13,"column":830}},"loc":{"start":{"line":13,"column":836},"end":{"line":13,"column":865}},"line":13},"7":{"name":"f","decl":{"start":{"line":13,"column":879},"end":{"line":13,"column":880}},"loc":{"start":{"line":13,"column":883},"end":{"line":13,"column":992}},"line":13},"8":{"name":"_unsupportedIterableToArray","decl":{"start":{"line":15,"column":9},"end":{"line":15,"column":36}},"loc":{"start":{"line":15,"column":48},"end":{"line":15,"column":416}},"line":15},"9":{"name":"_arrayLikeToArray","decl":{"start":{"line":17,"column":9},"end":{"line":17,"column":26}},"loc":{"start":{"line":17,"column":37},"end":{"line":17,"column":183}},"line":17},"10":{"name":"PostValidator","decl":{"start":{"line":21,"column":29},"end":{"line":21,"column":42}},"loc":{"start":{"line":21,"column":45},"end":{"line":23,"column":1}},"line":21},"11":{"name":"(anonymous_11)","decl":{"start":{"line":25,"column":80},"end":{"line":25,"column":81}},"loc":{"start":{"line":25,"column":92},"end":{"line":69,"column":1}},"line":25},"12":{"name":"_callee","decl":{"start":{"line":26,"column":100},"end":{"line":26,"column":107}},"loc":{"start":{"line":26,"column":118},"end":{"line":64,"column":3}},"line":26},"13":{"name":"_callee$","decl":{"start":{"line":28,"column":49},"end":{"line":28,"column":57}},"loc":{"start":{"line":28,"column":68},"end":{"line":63,"column":5}},"line":28},"14":{"name":"(anonymous_14)","decl":{"start":{"line":35,"column":34},"end":{"line":35,"column":35}},"loc":{"start":{"line":35,"column":59},"end":{"line":53,"column":13}},"line":35},"15":{"name":"(anonymous_15)","decl":{"start":{"line":66,"column":9},"end":{"line":66,"column":10}},"loc":{"start":{"line":66,"column":23},"end":{"line":68,"column":3}},"line":66}},"branchMap":{"0":{"loc":{"start":{"line":13,"column":65},"end":{"line":13,"column":623}},"type":"if","locations":[{"start":{"line":13,"column":65},"end":{"line":13,"column":623}},{"start":{"line":13,"column":65},"end":{"line":13,"column":623}}],"line":13},"1":{"loc":{"start":{"line":13,"column":69},"end":{"line":13,"column":128}},"type":"binary-expr","locations":[{"start":{"line":13,"column":69},"end":{"line":13,"column":98}},{"start":{"line":13,"column":102},"end":{"line":13,"column":128}}],"line":13},"2":{"loc":{"start":{"line":13,"column":132},"end":{"line":13,"column":463}},"type":"if","locations":[{"start":{"line":13,"column":132},"end":{"line":13,"column":463}},{"start":{"line":13,"column":132},"end":{"line":13,"column":463}}],"line":13},"3":{"loc":{"start":{"line":13,"column":136},"end":{"line":13,"column":248}},"type":"binary-expr","locations":[{"start":{"line":13,"column":136},"end":{"line":13,"column":152}},{"start":{"line":13,"column":157},"end":{"line":13,"column":192}},{"start":{"line":13,"column":197},"end":{"line":13,"column":211}},{"start":{"line":13,"column":215},"end":{"line":13,"column":216}},{"start":{"line":13,"column":220},"end":{"line":13,"column":248}}],"line":13},"4":{"loc":{"start":{"line":13,"column":252},"end":{"line":13,"column":267}},"type":"if","locations":[{"start":{"line":13,"column":252},"end":{"line":13,"column":267}},{"start":{"line":13,"column":252},"end":{"line":13,"column":267}}],"line":13},"5":{"loc":{"start":{"line":13,"column":337},"end":{"line":13,"column":378}},"type":"if","locations":[{"start":{"line":13,"column":337},"end":{"line":13,"column":378}},{"start":{"line":13,"column":337},"end":{"line":13,"column":378}}],"line":13},"6":{"loc":{"start":{"line":13,"column":891},"end":{"line":13,"column":953}},"type":"if","locations":[{"start":{"line":13,"column":891},"end":{"line":13,"column":953}},{"start":{"line":13,"column":891},"end":{"line":13,"column":953}}],"line":13},"7":{"loc":{"start":{"line":13,"column":895},"end":{"line":13,"column":936}},"type":"binary-expr","locations":[{"start":{"line":13,"column":895},"end":{"line":13,"column":912}},{"start":{"line":13,"column":916},"end":{"line":13,"column":936}}],"line":13},"8":{"loc":{"start":{"line":13,"column":966},"end":{"line":13,"column":988}},"type":"if","locations":[{"start":{"line":13,"column":966},"end":{"line":13,"column":988}},{"start":{"line":13,"column":966},"end":{"line":13,"column":988}}],"line":13},"9":{"loc":{"start":{"line":15,"column":50},"end":{"line":15,"column":65}},"type":"if","locations":[{"start":{"line":15,"column":50},"end":{"line":15,"column":65}},{"start":{"line":15,"column":50},"end":{"line":15,"column":65}}],"line":15},"10":{"loc":{"start":{"line":15,"column":66},"end":{"line":15,"column":129}},"type":"if","locations":[{"start":{"line":15,"column":66},"end":{"line":15,"column":129}},{"start":{"line":15,"column":66},"end":{"line":15,"column":129}}],"line":15},"11":{"loc":{"start":{"line":15,"column":186},"end":{"line":15,"column":246}},"type":"if","locations":[{"start":{"line":15,"column":186},"end":{"line":15,"column":246}},{"start":{"line":15,"column":186},"end":{"line":15,"column":246}}],"line":15},"12":{"loc":{"start":{"line":15,"column":190},"end":{"line":15,"column":221}},"type":"binary-expr","locations":[{"start":{"line":15,"column":190},"end":{"line":15,"column":204}},{"start":{"line":15,"column":208},"end":{"line":15,"column":221}}],"line":15},"13":{"loc":{"start":{"line":15,"column":247},"end":{"line":15,"column":300}},"type":"if","locations":[{"start":{"line":15,"column":247},"end":{"line":15,"column":300}},{"start":{"line":15,"column":247},"end":{"line":15,"column":300}}],"line":15},"14":{"loc":{"start":{"line":15,"column":251},"end":{"line":15,"column":277}},"type":"binary-expr","locations":[{"start":{"line":15,"column":251},"end":{"line":15,"column":262}},{"start":{"line":15,"column":266},"end":{"line":15,"column":277}}],"line":15},"15":{"loc":{"start":{"line":15,"column":301},"end":{"line":15,"column":414}},"type":"if","locations":[{"start":{"line":15,"column":301},"end":{"line":15,"column":414}},{"start":{"line":15,"column":301},"end":{"line":15,"column":414}}],"line":15},"16":{"loc":{"start":{"line":15,"column":305},"end":{"line":15,"column":376}},"type":"binary-expr","locations":[{"start":{"line":15,"column":305},"end":{"line":15,"column":322}},{"start":{"line":15,"column":326},"end":{"line":15,"column":376}}],"line":15},"17":{"loc":{"start":{"line":17,"column":39},"end":{"line":17,"column":93}},"type":"if","locations":[{"start":{"line":17,"column":39},"end":{"line":17,"column":93}},{"start":{"line":17,"column":39},"end":{"line":17,"column":93}}],"line":17},"18":{"loc":{"start":{"line":17,"column":43},"end":{"line":17,"column":74}},"type":"binary-expr","locations":[{"start":{"line":17,"column":43},"end":{"line":17,"column":54}},{"start":{"line":17,"column":58},"end":{"line":17,"column":74}}],"line":17},"19":{"loc":{"start":{"line":30,"column":8},"end":{"line":61,"column":9}},"type":"switch","locations":[{"start":{"line":31,"column":10},"end":{"line":53,"column":15}},{"start":{"line":55,"column":10},"end":{"line":56,"column":53}},{"start":{"line":58,"column":10},"end":{"line":58,"column":17}},{"start":{"line":59,"column":10},"end":{"line":60,"column":35}}],"line":30},"20":{"loc":{"start":{"line":44,"column":18},"end":{"line":46,"column":19}},"type":"if","locations":[{"start":{"line":44,"column":18},"end":{"line":46,"column":19}},{"start":{"line":44,"column":18},"end":{"line":46,"column":19}}],"line":44}},"s":{"0":1,"1":1,"2":1,"3":1,"4":1,"5":4,"6":0,"7":0,"8":0,"9":0,"10":0,"11":0,"12":0,"13":0,"14":0,"15":0,"16":0,"17":4,"18":4,"19":4,"20":4,"21":564,"22":564,"23":564,"24":0,"25":0,"26":4,"27":4,"28":0,"29":4,"30":0,"31":0,"32":0,"33":0,"34":0,"35":0,"36":0,"37":0,"38":0,"39":0,"40":0,"41":0,"42":0,"43":0,"44":0,"45":0,"46":0,"47":0,"48":0,"49":1,"50":1,"51":0,"52":1,"53":1,"54":4,"55":12,"56":12,"57":4,"58":4,"59":4,"60":4,"61":4,"62":4,"63":4,"64":560,"65":560,"66":560,"67":1,"68":0,"69":4,"70":4,"71":4,"72":1,"73":4,"74":1},"f":{"0":4,"1":0,"2":0,"3":0,"4":4,"5":564,"6":0,"7":4,"8":0,"9":0,"10":0,"11":1,"12":4,"13":12,"14":4,"15":4},"b":{"0":[0,4],"1":[4,4],"2":[0,0],"3":[0,0,0,0,0],"4":[0,0],"5":[0,0],"6":[0,4],"7":[4,0],"8":[0,4],"9":[0,0],"10":[0,0],"11":[0,0],"12":[0,0],"13":[0,0],"14":[0,0],"15":[0,0],"16":[0,0],"17":[0,0],"18":[0,0],"19":[4,4,0,4],"20":[1,559]},"inputSourceMap":{"version":3,"sources":["PostValidator.js"],"names":["Posts","require","PostValidator","_checkId","postIds","retval","find","error","result","sampleResult","push","_id","module","exports"],"mappings":";;;;;;;;;;;;;;;;;;AAAA,IAAMA,KAAK,GAAGC,OAAO,CAAC,iBAAD,CAArB;;IACMC,a;;;;iCAAAA,a;2FACqB,iBAAMC,QAAN;AAAA;AAAA;AAAA;AAAA;AAAA;AACfC,YAAAA,OADe,GACL,EADK;AAEjBC,YAAAA,MAFiB,GAER,OAFQ;AAAA;AAAA,mBAGfL,KAAK,CAACM,IAAN,CAAW,EAAX,EAAe,UAACC,KAAD,EAAOC,MAAP,EAAgB;AAAA,yDACTA,MADS;AAAA;;AAAA;AACjC,oEAA+B;AAAA,sBAAvBC,YAAuB;AAC7BL,kBAAAA,OAAO,CAACM,IAAR,CAAaD,YAAY,CAACE,GAA1B;;AACA,sBAAGR,QAAQ,IAAIM,YAAY,CAACE,GAA5B,EAAgC;AAC5BN,oBAAAA,MAAM,GAAG,MAAT;AACH;AACF;AANgC;AAAA;AAAA;AAAA;AAAA;AASpC,aATK,CAHe;;AAAA;AAAA,6CAadA,MAbc;;AAAA;AAAA;AAAA;AAAA;AAAA;AAAA;AAAA,G;;;;;;AAiB3BO,MAAM,CAACC,OAAP,GAAiBX,aAAjB","sourceRoot":"/Users/andela/Documents/BernardPortfolio/bernard_portfolio/helpers/","sourcesContent":["const Posts = require('../models/Posts');\nclass PostValidator{\n  static checkIfIdExists = async(_checkId)=>{\n      const postIds = [];\n      let retval = 'false';\n      await Posts.find({}, (error,result)=>{\n          for(let sampleResult of result){\n            postIds.push(sampleResult._id);\n            if(_checkId == sampleResult._id){\n                retval = 'true';\n            }\n          }\n          \n          \n      })\n      return retval;\n  }\n  \n}\nmodule.exports = PostValidator;"]},"_coverageSchema":"1a1c01bbd47fc00a2c39e90264f33305004495a9","hash":"28673d1621e8ea39d46f5f2f5690fdcfcccb5d21","contentHash":"8cc3a0da04c6ebf3e52d775a01ab02450b01b48548d9272708c6d9a39cc9071c"},"/Users/andela/Documents/BernardPortfolio/bernard_portfolio/routes/api/comments.js":{"path":"/Users/andela/Documents/BernardPortfolio/bernard_portfolio/routes/api/comments.js","statementMap":{"0":{"start":{"line":3,"column":25},"end":{"line":3,"column":72}},"1":{"start":{"line":5,"column":14},"end":{"line":5,"column":32}},"2":{"start":{"line":7,"column":13},"end":{"line":7,"column":29}},"3":{"start":{"line":8,"column":0},"end":{"line":8,"column":49}},"4":{"start":{"line":9,"column":0},"end":{"line":9,"column":70}},"5":{"start":{"line":10,"column":0},"end":{"line":10,"column":52}},"6":{"start":{"line":11,"column":0},"end":{"line":11,"column":63}},"7":{"start":{"line":12,"column":0},"end":{"line":12,"column":62}},"8":{"start":{"line":13,"column":0},"end":{"line":13,"column":24}}},"fnMap":{},"branchMap":{},"s":{"0":1,"1":1,"2":1,"3":1,"4":1,"5":1,"6":1,"7":1,"8":1},"f":{},"b":{},"inputSourceMap":{"version":3,"sources":["comments.js"],"names":["commentsController","require","express","router","Router","post","saveComment","deleteThisComment","get","retrieveComment","getSingleComment","patch","updateComment","module","exports"],"mappings":";;AAAA,IAAMA,kBAAkB,GAAGC,OAAO,CAAC,sCAAD,CAAlC;;AACA,IAAMC,OAAO,GAAGD,OAAO,CAAC,SAAD,CAAvB;;AACA,IAAME,MAAM,GAAGD,OAAO,CAACE,MAAR,EAAf;AAEAD,MAAM,CAACE,IAAP,CAAY,GAAZ,EAAiBL,kBAAkB,CAACM,WAApC;AACAH,MAAM,UAAN,CAAc,aAAd,EAA6BH,kBAAkB,CAACO,iBAAhD;AACAJ,MAAM,CAACK,GAAP,CAAW,GAAX,EAAgBR,kBAAkB,CAACS,eAAnC;AACAN,MAAM,CAACK,GAAP,CAAW,aAAX,EAA0BR,kBAAkB,CAACU,gBAA7C;AACAP,MAAM,CAACQ,KAAP,CAAa,aAAb,EAA4BX,kBAAkB,CAACY,aAA/C;AAGAC,MAAM,CAACC,OAAP,GAAiBX,MAAjB","sourceRoot":"/Users/andela/Documents/BernardPortfolio/bernard_portfolio/routes/api/","sourcesContent":["const commentsController = require('../../controllers/commentsController');\nconst express = require('express');\nconst router = express.Router();\n\nrouter.post(\"/\", commentsController.saveComment);\nrouter.delete(\"/:commentId\", commentsController.deleteThisComment);\nrouter.get(\"/\", commentsController.retrieveComment);\nrouter.get(\"/:commentId\", commentsController.getSingleComment);\nrouter.patch(\"/:commentID\", commentsController.updateComment);\n\n\nmodule.exports = router;\n\n\n\n"]},"_coverageSchema":"1a1c01bbd47fc00a2c39e90264f33305004495a9","hash":"0edab5e9d50182bd350882973512f5055b9e2d29","contentHash":"545e7f3a6ca0cb090defc919f9ea44f2371867b1d18d604d3aff870f693c3b34"},"/Users/andela/Documents/BernardPortfolio/bernard_portfolio/controllers/commentsController.js":{"path":"/Users/andela/Documents/BernardPortfolio/bernard_portfolio/controllers/commentsController.js","statementMap":{"0":{"start":{"line":3,"column":29},"end":{"line":3,"column":84}},"1":{"start":{"line":5,"column":19},"end":{"line":5,"column":80}},"2":{"start":{"line":7,"column":25},"end":{"line":7,"column":99}},"3":{"start":{"line":9,"column":23},"end":{"line":9,"column":95}},"4":{"start":{"line":11,"column":23},"end":{"line":11,"column":95}},"5":{"start":{"line":13,"column":15},"end":{"line":13,"column":44}},"6":{"start":{"line":15,"column":23},"end":{"line":15,"column":61}},"7":{"start":{"line":17,"column":14},"end":{"line":19,"column":1}},"8":{"start":{"line":18,"column":2},"end":{"line":18,"column":50}},"9":{"start":{"line":21,"column":0},"end":{"line":35,"column":3}},"10":{"start":{"line":22,"column":15},"end":{"line":26,"column":4}},"11":{"start":{"line":27,"column":2},"end":{"line":27,"column":22}},"12":{"start":{"line":28,"column":2},"end":{"line":34,"column":5}},"13":{"start":{"line":29,"column":4},"end":{"line":33,"column":7}},"14":{"start":{"line":36,"column":0},"end":{"line":77,"column":3}},"15":{"start":{"line":37,"column":2},"end":{"line":76,"column":8}},"16":{"start":{"line":39,"column":4},"end":{"line":75,"column":16}},"17":{"start":{"line":40,"column":6},"end":{"line":74,"column":7}},"18":{"start":{"line":41,"column":8},"end":{"line":73,"column":9}},"19":{"start":{"line":43,"column":12},"end":{"line":43,"column":30}},"20":{"start":{"line":44,"column":12},"end":{"line":44,"column":78}},"21":{"start":{"line":47,"column":12},"end":{"line":47,"column":32}},"22":{"start":{"line":49,"column":12},"end":{"line":52,"column":13}},"23":{"start":{"line":50,"column":14},"end":{"line":50,"column":32}},"24":{"start":{"line":51,"column":14},"end":{"line":51,"column":20}},"25":{"start":{"line":54,"column":12},"end":{"line":61,"column":15}},"26":{"start":{"line":57,"column":14},"end":{"line":60,"column":17}},"27":{"start":{"line":62,"column":12},"end":{"line":62,"column":30}},"28":{"start":{"line":63,"column":12},"end":{"line":63,"column":18}},"29":{"start":{"line":66,"column":12},"end":{"line":68,"column":16}},"30":{"start":{"line":72,"column":12},"end":{"line":72,"column":35}},"31":{"start":{"line":78,"column":0},"end":{"line":106,"column":5}},"32":{"start":{"line":79,"column":14},"end":{"line":101,"column":5}},"33":{"start":{"line":81,"column":4},"end":{"line":100,"column":17}},"34":{"start":{"line":82,"column":6},"end":{"line":99,"column":7}},"35":{"start":{"line":83,"column":8},"end":{"line":98,"column":9}},"36":{"start":{"line":85,"column":12},"end":{"line":85,"column":31}},"37":{"start":{"line":86,"column":12},"end":{"line":86,"column":35}},"38":{"start":{"line":89,"column":12},"end":{"line":89,"column":34}},"39":{"start":{"line":90,"column":12},"end":{"line":93,"column":16}},"40":{"start":{"line":97,"column":12},"end":{"line":97,"column":36}},"41":{"start":{"line":103,"column":2},"end":{"line":105,"column":4}},"42":{"start":{"line":104,"column":4},"end":{"line":104,"column":40}},"43":{"start":{"line":107,"column":0},"end":{"line":121,"column":3}},"44":{"start":{"line":108,"column":2},"end":{"line":120,"column":5}},"45":{"start":{"line":115,"column":4},"end":{"line":119,"column":7}},"46":{"start":{"line":122,"column":0},"end":{"line":130,"column":3}},"47":{"start":{"line":123,"column":2},"end":{"line":129,"column":5}},"48":{"start":{"line":124,"column":4},"end":{"line":128,"column":7}},"49":{"start":{"line":131,"column":0},"end":{"line":131,"column":25}}},"fnMap":{"0":{"name":"Comment","decl":{"start":{"line":17,"column":23},"end":{"line":17,"column":30}},"loc":{"start":{"line":17,"column":33},"end":{"line":19,"column":1}},"line":17},"1":{"name":"(anonymous_1)","decl":{"start":{"line":21,"column":57},"end":{"line":21,"column":58}},"loc":{"start":{"line":21,"column":86},"end":{"line":35,"column":1}},"line":21},"2":{"name":"(anonymous_2)","decl":{"start":{"line":28,"column":21},"end":{"line":28,"column":22}},"loc":{"start":{"line":28,"column":33},"end":{"line":34,"column":3}},"line":28},"3":{"name":"(anonymous_3)","decl":{"start":{"line":36,"column":63},"end":{"line":36,"column":64}},"loc":{"start":{"line":36,"column":92},"end":{"line":77,"column":1}},"line":36},"4":{"name":"_callee","decl":{"start":{"line":37,"column":89},"end":{"line":37,"column":96}},"loc":{"start":{"line":37,"column":99},"end":{"line":76,"column":3}},"line":37},"5":{"name":"_callee$","decl":{"start":{"line":39,"column":49},"end":{"line":39,"column":57}},"loc":{"start":{"line":39,"column":68},"end":{"line":75,"column":5}},"line":39},"6":{"name":"(anonymous_6)","decl":{"start":{"line":56,"column":20},"end":{"line":56,"column":21}},"loc":{"start":{"line":56,"column":36},"end":{"line":61,"column":13}},"line":56},"7":{"name":"(anonymous_7)","decl":{"start":{"line":78,"column":74},"end":{"line":78,"column":75}},"loc":{"start":{"line":78,"column":86},"end":{"line":106,"column":1}},"line":78},"8":{"name":"_callee2","decl":{"start":{"line":79,"column":101},"end":{"line":79,"column":109}},"loc":{"start":{"line":79,"column":129},"end":{"line":101,"column":3}},"line":79},"9":{"name":"_callee2$","decl":{"start":{"line":81,"column":49},"end":{"line":81,"column":58}},"loc":{"start":{"line":81,"column":70},"end":{"line":100,"column":5}},"line":81},"10":{"name":"(anonymous_10)","decl":{"start":{"line":103,"column":9},"end":{"line":103,"column":10}},"loc":{"start":{"line":103,"column":28},"end":{"line":105,"column":3}},"line":103},"11":{"name":"(anonymous_11)","decl":{"start":{"line":107,"column":59},"end":{"line":107,"column":60}},"loc":{"start":{"line":107,"column":88},"end":{"line":121,"column":1}},"line":107},"12":{"name":"(anonymous_12)","decl":{"start":{"line":114,"column":10},"end":{"line":114,"column":11}},"loc":{"start":{"line":114,"column":26},"end":{"line":120,"column":3}},"line":114},"13":{"name":"(anonymous_13)","decl":{"start":{"line":122,"column":62},"end":{"line":122,"column":63}},"loc":{"start":{"line":122,"column":91},"end":{"line":130,"column":1}},"line":122},"14":{"name":"(anonymous_14)","decl":{"start":{"line":123,"column":51},"end":{"line":123,"column":52}},"loc":{"start":{"line":123,"column":67},"end":{"line":129,"column":3}},"line":123}},"branchMap":{"0":{"loc":{"start":{"line":41,"column":8},"end":{"line":73,"column":9}},"type":"switch","locations":[{"start":{"line":42,"column":10},"end":{"line":44,"column":78}},{"start":{"line":46,"column":10},"end":{"line":63,"column":18}},{"start":{"line":65,"column":10},"end":{"line":68,"column":16}},{"start":{"line":70,"column":10},"end":{"line":70,"column":17}},{"start":{"line":71,"column":10},"end":{"line":72,"column":35}}],"line":41},"1":{"loc":{"start":{"line":49,"column":12},"end":{"line":52,"column":13}},"type":"if","locations":[{"start":{"line":49,"column":12},"end":{"line":52,"column":13}},{"start":{"line":49,"column":12},"end":{"line":52,"column":13}}],"line":49},"2":{"loc":{"start":{"line":83,"column":8},"end":{"line":98,"column":9}},"type":"switch","locations":[{"start":{"line":84,"column":10},"end":{"line":86,"column":35}},{"start":{"line":88,"column":10},"end":{"line":93,"column":16}},{"start":{"line":95,"column":10},"end":{"line":95,"column":17}},{"start":{"line":96,"column":10},"end":{"line":97,"column":36}}],"line":83}},"s":{"0":1,"1":1,"2":1,"3":1,"4":1,"5":1,"6":1,"7":1,"8":0,"9":1,"10":1,"11":1,"12":1,"13":1,"14":1,"15":1,"16":1,"17":2,"18":3,"19":1,"20":1,"21":1,"22":1,"23":0,"24":0,"25":1,"26":1,"27":1,"28":1,"29":0,"30":1,"31":1,"32":1,"33":1,"34":3,"35":3,"36":1,"37":1,"38":1,"39":1,"40":1,"41":1,"42":1,"43":1,"44":1,"45":1,"46":1,"47":1,"48":1,"49":1},"f":{"0":0,"1":1,"2":1,"3":1,"4":1,"5":2,"6":1,"7":1,"8":1,"9":3,"10":1,"11":1,"12":1,"13":1,"14":1},"b":{"0":[1,1,0,1,1],"1":[0,1],"2":[1,1,0,1]},"inputSourceMap":{"version":3,"sources":["commentsController.js"],"names":["Comments","require","CommentValidator","Comment","request","response","toPost","username","body","message","email","console","log","save","then","send","status","data","checkIfIdExists","params","commentId","res","remove","_id","find","update","commentID","$set","findById","module","exports"],"mappings":";;;;;;;;;;;;AACA,IAAMA,QAAQ,GAAGC,OAAO,CAAC,oBAAD,CAAxB;;AACA,IAAMC,gBAAgB,GAAGD,OAAO,CAAC,6BAAD,CAAhC;;IACME,O;;;;iCAAAA,O,iBACuB,UAACC,OAAD,EAAUC,QAAV,EAAqB;AACtC,MAAMC,MAAM,GAAG,IAAIN,QAAJ,CAAa;AACxBO,IAAAA,QAAQ,EAAEH,OAAO,CAACI,IAAR,CAAaD,QADC;AAExBE,IAAAA,OAAO,EAAEL,OAAO,CAACI,IAAR,CAAaC,OAFE;AAGxBC,IAAAA,KAAK,EAAEN,OAAO,CAACI,IAAR,CAAaE;AAHI,GAAb,CAAf;AAKAC,EAAAA,OAAO,CAACC,GAAR,CAAYN,MAAZ;AAEAA,EAAAA,MAAM,CAACO,IAAP,GAAcC,IAAd,CAAmB,YAAI;AACnB,WAAOT,QAAQ,CAACU,IAAT,CAAc;AACjBC,MAAAA,MAAM,EAAE,GADS;AAEjBP,MAAAA,OAAO,EAAE,gBAFQ;AAGjBQ,MAAAA,IAAI,EAAEX;AAHW,KAAd,CAAP;AAKH,GAND;AAQH,C;iCAjBHH,O,uBAkB6B,UAACC,OAAD,EAAUC,QAAV,EAAqB;AAC5C,gFAAC;AAAA;AAAA;AAAA;AAAA;AAAA;AAAA;AAAA,mBACqBH,gBAAgB,CAACgB,eAAjB,CAAiCd,OAAO,CAACe,MAAR,CAAeC,SAAhD,CADrB;;AAAA;AACSC,YAAAA,GADT;;AAAA,kBAEMA,GAAG,IAAI,MAFb;AAAA;AAAA;AAAA;;AAGOrB,YAAAA,QAAQ,CAACsB,MAAT,CAAgB;AAACC,cAAAA,GAAG,EAAEnB,OAAO,CAACe,MAAR,CAAeC;AAArB,aAAhB,EAAiDN,IAAjD,CAAsD,UAACG,IAAD,EAAQ;AAC1D,qBAAOZ,QAAQ,CAACW,MAAT,CAAgB,GAAhB,EAAqBD,IAArB,CAA0B;AAC7BN,gBAAAA,OAAO,EAAE,+BADoB;AAE7BQ,gBAAAA,IAAI,EAAJA;AAF6B,eAA1B,CAAP;AAIP,aALG;AAHP;AAAA;;AAAA;AAAA,6CAUcZ,QAAQ,CAACW,MAAT,CAAgB,GAAhB,EAAqBD,IAArB,CAA0B;AAC7BN,cAAAA,OAAO,EAAE;AADoB,aAA1B,CAVd;;AAAA;AAAA;AAAA;AAAA;AAAA;AAAA;AAAA,GAAD;AAoBH,C;iCAvCHN,O;4FAwC2B,kBAAMC,OAAN,EAAeC,QAAf;AAAA;AAAA;AAAA;AAAA;AAAA;AAAA;AAAA,mBACHL,QAAQ,CAACwB,IAAT,EADG;;AAAA;AAChBP,YAAAA,IADgB;AAAA,8CAEfZ,QAAQ,CAACW,MAAT,CAAgB,GAAhB,EAAqBD,IAArB,CAA0B;AAC7BN,cAAAA,OAAO,EAAE,sCADoB;AAE7BQ,cAAAA,IAAI,EAAJA;AAF6B,aAA1B,CAFe;;AAAA;AAAA;AAAA;AAAA;AAAA;AAAA;AAAA,G;;;;;;iCAxC3Bd,O,mBAgDyB,UAACC,OAAD,EAAUC,QAAV,EAAqB;AAExCL,EAAAA,QAAQ,CAACyB,MAAT,CAAgB;AAACF,IAAAA,GAAG,EAAEnB,OAAO,CAACe,MAAR,CAAeO;AAArB,GAAhB,EACI;AAAEC,IAAAA,IAAI,EAAE;AAAClB,MAAAA,OAAO,EAAEL,OAAO,CAACI,IAAR,CAAaC;AAAvB;AAAR,GADJ,EAEMK,IAFN,CAEW,UAACG,IAAD,EAAQ;AACX,WAAOZ,QAAQ,CAACU,IAAT,CAAc;AACjBC,MAAAA,MAAM,EAAE,GADS;AAEjBP,MAAAA,OAAO,EAAE,eAFQ;AAGjBQ,MAAAA,IAAI,EAAJA;AAHiB,KAAd,CAAP;AAKH,GARL;AAUP,C;iCA5DCd,O,sBA6D4B,UAACC,OAAD,EAASC,QAAT,EAAoB;AAE1CL,EAAAA,QAAQ,CAAC4B,QAAT,CAAkBxB,OAAO,CAACe,MAAR,CAAeC,SAAjC,EAA4CN,IAA5C,CAAiD,UAAAG,IAAI,EAAE;AACnD,WAAOZ,QAAQ,CAACU,IAAT,CAAc;AACjBC,MAAAA,MAAM,EAAE,GADS;AAEjBP,MAAAA,OAAO,EAAE,oBAFQ;AAGjBQ,MAAAA,IAAI,EAAJA;AAHiB,KAAd,CAAP;AAKH,GAND;AAQH,C;AAGTY,MAAM,CAACC,OAAP,GAAiB3B,OAAjB","sourceRoot":"/Users/andela/Documents/BernardPortfolio/bernard_portfolio/controllers/","sourcesContent":["\nconst Comments = require('../models/Comments');\nconst CommentValidator = require('../helpers/CommentValidator');\nclass Comment{\n        static saveComment = (request, response)=>{\n            const toPost = new Comments({\n                username: request.body.username,\n                message: request.body.message,\n                email: request.body.email\n            });\n            console.log(toPost);\n           \n            toPost.save().then(()=>{\n                return response.send({\n                    status: 200,\n                    message: 'POST a comment',\n                    data: toPost\n                })  \n            })\n           \n        }\n        static deleteThisComment = (request, response)=>{\n            (async()=>{\n                const res = await CommentValidator.checkIfIdExists(request.params.commentId);\n                if(res == 'true'){\n                    Comments.remove({_id: request.params.commentId}).then((data)=>{\n                        return response.status(200).send({\n                            message: 'Deleted a comment succesfully',\n                            data\n                        })\n                });\n                }else{\n                    return response.status(404).send({\n                        message: \"The ID passed does not match any comment\"\n                    });\n                }\n            })()\n           ;\n\n           \n                \n           \n        }\n        static retrieveComment = async(request, response)=>{\n           const data = await Comments.find();\n           return response.status(200).send({\n               message: \"Data retrieving finished succesfully\",\n               data\n           })\n        }\n\n        static updateComment = (request, response)=>{\n          \n            Comments.update({_id: request.params.commentID},\n                { $set: {message: request.body.message}}\n                ).then((data)=>{\n                    return response.send({\n                        status: 200,\n                        message: 'Patch Comment',\n                        data\n                    })\n                });\n          \n    }\n        static getSingleComment = (request,response)=>{\n          \n            Comments.findById(request.params.commentId).then(data=>{\n                return response.send({\n                    status: 200,\n                    message: 'GET single comment',\n                    data\n                })\n            })\n           \n        }\n}\n\nmodule.exports = Comment;"]},"_coverageSchema":"1a1c01bbd47fc00a2c39e90264f33305004495a9","hash":"6c95a0bd6bb05a428b599567e6b3270e36bc64b5","contentHash":"f2b78af0c87db2b6cd937ebd488691072a3025952acab63050375637b339a7f3"},"/Users/andela/Documents/BernardPortfolio/bernard_portfolio/models/Comments.js":{"path":"/Users/andela/Documents/BernardPortfolio/bernard_portfolio/models/Comments.js","statementMap":{"0":{"start":{"line":3,"column":15},"end":{"line":3,"column":34}},"1":{"start":{"line":5,"column":21},"end":{"line":18,"column":2}},"2":{"start":{"line":19,"column":0},"end":{"line":19,"column":60}}},"fnMap":{},"branchMap":{},"s":{"0":1,"1":1,"2":1},"f":{},"b":{},"inputSourceMap":{"version":3,"sources":["Comments.js"],"names":["mongoose","require","commentsSchema","Schema","username","type","String","required","message","email","module","exports","model"],"mappings":";;AAAA,IAAMA,QAAQ,GAAGC,OAAO,YAAxB;;AAEA,IAAMC,cAAc,GAAG,IAAIF,QAAQ,CAACG,MAAb,CAAoB;AACvCC,EAAAA,QAAQ,EAAC;AACLC,IAAAA,IAAI,EAAEC,MADD;AAELC,IAAAA,QAAQ,EAAE;AAFL,GAD8B;AAKvCC,EAAAA,OAAO,EAAC;AACJH,IAAAA,IAAI,EAAEC,MADF;AAEJC,IAAAA,QAAQ,EAAE;AAFN,GAL+B;AASvCE,EAAAA,KAAK,EAAC;AACFJ,IAAAA,IAAI,EAAEC,MADJ;AAEFC,IAAAA,QAAQ,EAAE;AAFR;AATiC,CAApB,CAAvB;AAcAG,MAAM,CAACC,OAAP,GAAiBX,QAAQ,CAACY,KAAT,CAAe,UAAf,EAA2BV,cAA3B,CAAjB","sourceRoot":"/Users/andela/Documents/BernardPortfolio/bernard_portfolio/models/","sourcesContent":["const mongoose = require(`mongoose`);\n\nconst commentsSchema = new mongoose.Schema({\n    username:{\n        type: String,\n        required: true\n    },\n    message:{\n        type: String,\n        required: true\n    },\n    email:{\n        type: String,\n        required: true\n    }\n});\nmodule.exports = mongoose.model('comments', commentsSchema);"]},"_coverageSchema":"1a1c01bbd47fc00a2c39e90264f33305004495a9","hash":"11a4f6730272960b8a01d9ad7db345af24774b8f","contentHash":"901c5d1b92ee93d7f330e851d4020178d1d434139529c2925aab22609ab6e6a7"},"/Users/andela/Documents/BernardPortfolio/bernard_portfolio/helpers/CommentValidator.js":{"path":"/Users/andela/Documents/BernardPortfolio/bernard_portfolio/helpers/CommentValidator.js","statementMap":{"0":{"start":{"line":3,"column":29},"end":{"line":3,"column":84}},"1":{"start":{"line":5,"column":19},"end":{"line":5,"column":80}},"2":{"start":{"line":7,"column":25},"end":{"line":7,"column":99}},"3":{"start":{"line":9,"column":23},"end":{"line":9,"column":95}},"4":{"start":{"line":11,"column":23},"end":{"line":11,"column":95}},"5":{"start":{"line":13,"column":65},"end":{"line":13,"column":623}},"6":{"start":{"line":13,"column":132},"end":{"line":13,"column":463}},"7":{"start":{"line":13,"column":252},"end":{"line":13,"column":267}},"8":{"start":{"line":13,"column":260},"end":{"line":13,"column":267}},"9":{"start":{"line":13,"column":276},"end":{"line":13,"column":277}},"10":{"start":{"line":13,"column":287},"end":{"line":13,"column":302}},"11":{"start":{"line":13,"column":304},"end":{"line":13,"column":461}},"12":{"start":{"line":13,"column":337},"end":{"line":13,"column":378}},"13":{"start":{"line":13,"column":356},"end":{"line":13,"column":378}},"14":{"start":{"line":13,"column":379},"end":{"line":13,"column":417}},"15":{"start":{"line":13,"column":441},"end":{"line":13,"column":450}},"16":{"start":{"line":13,"column":464},"end":{"line":13,"column":621}},"17":{"start":{"line":13,"column":647},"end":{"line":13,"column":651}},"18":{"start":{"line":13,"column":662},"end":{"line":13,"column":667}},"19":{"start":{"line":13,"column":674},"end":{"line":13,"column":995}},"20":{"start":{"line":13,"column":701},"end":{"line":13,"column":727}},"21":{"start":{"line":13,"column":760},"end":{"line":13,"column":769}},"22":{"start":{"line":13,"column":771},"end":{"line":13,"column":800}},"23":{"start":{"line":13,"column":801},"end":{"line":13,"column":813}},"24":{"start":{"line":13,"column":838},"end":{"line":13,"column":852}},"25":{"start":{"line":13,"column":853},"end":{"line":13,"column":863}},"26":{"start":{"line":13,"column":885},"end":{"line":13,"column":990}},"27":{"start":{"line":13,"column":891},"end":{"line":13,"column":953}},"28":{"start":{"line":13,"column":938},"end":{"line":13,"column":953}},"29":{"start":{"line":13,"column":966},"end":{"line":13,"column":988}},"30":{"start":{"line":13,"column":978},"end":{"line":13,"column":988}},"31":{"start":{"line":15,"column":50},"end":{"line":15,"column":65}},"32":{"start":{"line":15,"column":58},"end":{"line":15,"column":65}},"33":{"start":{"line":15,"column":66},"end":{"line":15,"column":129}},"34":{"start":{"line":15,"column":93},"end":{"line":15,"column":129}},"35":{"start":{"line":15,"column":138},"end":{"line":15,"column":184}},"36":{"start":{"line":15,"column":186},"end":{"line":15,"column":246}},"37":{"start":{"line":15,"column":223},"end":{"line":15,"column":246}},"38":{"start":{"line":15,"column":247},"end":{"line":15,"column":300}},"39":{"start":{"line":15,"column":279},"end":{"line":15,"column":300}},"40":{"start":{"line":15,"column":301},"end":{"line":15,"column":414}},"41":{"start":{"line":15,"column":378},"end":{"line":15,"column":414}},"42":{"start":{"line":17,"column":39},"end":{"line":17,"column":93}},"43":{"start":{"line":17,"column":76},"end":{"line":17,"column":93}},"44":{"start":{"line":17,"column":94},"end":{"line":17,"column":168}},"45":{"start":{"line":17,"column":107},"end":{"line":17,"column":108}},"46":{"start":{"line":17,"column":117},"end":{"line":17,"column":131}},"47":{"start":{"line":17,"column":149},"end":{"line":17,"column":166}},"48":{"start":{"line":17,"column":169},"end":{"line":17,"column":181}},"49":{"start":{"line":19,"column":15},"end":{"line":19,"column":44}},"50":{"start":{"line":21,"column":23},"end":{"line":23,"column":1}},"51":{"start":{"line":22,"column":2},"end":{"line":22,"column":59}},"52":{"start":{"line":25,"column":0},"end":{"line":67,"column":5}},"53":{"start":{"line":26,"column":13},"end":{"line":62,"column":5}},"54":{"start":{"line":28,"column":4},"end":{"line":61,"column":16}},"55":{"start":{"line":29,"column":6},"end":{"line":60,"column":7}},"56":{"start":{"line":30,"column":8},"end":{"line":59,"column":9}},"57":{"start":{"line":32,"column":12},"end":{"line":32,"column":29}},"58":{"start":{"line":33,"column":12},"end":{"line":33,"column":30}},"59":{"start":{"line":34,"column":12},"end":{"line":51,"column":15}},"60":{"start":{"line":35,"column":30},"end":{"line":35,"column":64}},"61":{"start":{"line":38,"column":14},"end":{"line":50,"column":15}},"62":{"start":{"line":39,"column":16},"end":{"line":45,"column":17}},"63":{"start":{"line":40,"column":37},"end":{"line":40,"column":48}},"64":{"start":{"line":42,"column":18},"end":{"line":44,"column":19}},"65":{"start":{"line":43,"column":20},"end":{"line":43,"column":36}},"66":{"start":{"line":47,"column":16},"end":{"line":47,"column":33}},"67":{"start":{"line":49,"column":16},"end":{"line":49,"column":30}},"68":{"start":{"line":54,"column":12},"end":{"line":54,"column":53}},"69":{"start":{"line":58,"column":12},"end":{"line":58,"column":35}},"70":{"start":{"line":64,"column":2},"end":{"line":66,"column":4}},"71":{"start":{"line":65,"column":4},"end":{"line":65,"column":39}},"72":{"start":{"line":68,"column":0},"end":{"line":68,"column":34}}},"fnMap":{"0":{"name":"_createForOfIteratorHelper","decl":{"start":{"line":13,"column":9},"end":{"line":13,"column":35}},"loc":{"start":{"line":13,"column":55},"end":{"line":13,"column":997}},"line":13},"1":{"name":"F","decl":{"start":{"line":13,"column":296},"end":{"line":13,"column":297}},"loc":{"start":{"line":13,"column":300},"end":{"line":13,"column":302}},"line":13},"2":{"name":"n","decl":{"start":{"line":13,"column":331},"end":{"line":13,"column":332}},"loc":{"start":{"line":13,"column":335},"end":{"line":13,"column":419}},"line":13},"3":{"name":"e","decl":{"start":{"line":13,"column":433},"end":{"line":13,"column":434}},"loc":{"start":{"line":13,"column":439},"end":{"line":13,"column":452}},"line":13},"4":{"name":"s","decl":{"start":{"line":13,"column":695},"end":{"line":13,"column":696}},"loc":{"start":{"line":13,"column":699},"end":{"line":13,"column":729}},"line":13},"5":{"name":"n","decl":{"start":{"line":13,"column":743},"end":{"line":13,"column":744}},"loc":{"start":{"line":13,"column":747},"end":{"line":13,"column":815}},"line":13},"6":{"name":"e","decl":{"start":{"line":13,"column":829},"end":{"line":13,"column":830}},"loc":{"start":{"line":13,"column":836},"end":{"line":13,"column":865}},"line":13},"7":{"name":"f","decl":{"start":{"line":13,"column":879},"end":{"line":13,"column":880}},"loc":{"start":{"line":13,"column":883},"end":{"line":13,"column":992}},"line":13},"8":{"name":"_unsupportedIterableToArray","decl":{"start":{"line":15,"column":9},"end":{"line":15,"column":36}},"loc":{"start":{"line":15,"column":48},"end":{"line":15,"column":416}},"line":15},"9":{"name":"_arrayLikeToArray","decl":{"start":{"line":17,"column":9},"end":{"line":17,"column":26}},"loc":{"start":{"line":17,"column":37},"end":{"line":17,"column":183}},"line":17},"10":{"name":"CommentValidator","decl":{"start":{"line":21,"column":32},"end":{"line":21,"column":48}},"loc":{"start":{"line":21,"column":51},"end":{"line":23,"column":1}},"line":21},"11":{"name":"(anonymous_11)","decl":{"start":{"line":25,"column":83},"end":{"line":25,"column":84}},"loc":{"start":{"line":25,"column":95},"end":{"line":67,"column":1}},"line":25},"12":{"name":"_callee","decl":{"start":{"line":26,"column":100},"end":{"line":26,"column":107}},"loc":{"start":{"line":26,"column":118},"end":{"line":62,"column":3}},"line":26},"13":{"name":"_callee$","decl":{"start":{"line":28,"column":49},"end":{"line":28,"column":57}},"loc":{"start":{"line":28,"column":68},"end":{"line":61,"column":5}},"line":28},"14":{"name":"(anonymous_14)","decl":{"start":{"line":34,"column":37},"end":{"line":34,"column":38}},"loc":{"start":{"line":34,"column":62},"end":{"line":51,"column":13}},"line":34},"15":{"name":"(anonymous_15)","decl":{"start":{"line":64,"column":9},"end":{"line":64,"column":10}},"loc":{"start":{"line":64,"column":23},"end":{"line":66,"column":3}},"line":64}},"branchMap":{"0":{"loc":{"start":{"line":13,"column":65},"end":{"line":13,"column":623}},"type":"if","locations":[{"start":{"line":13,"column":65},"end":{"line":13,"column":623}},{"start":{"line":13,"column":65},"end":{"line":13,"column":623}}],"line":13},"1":{"loc":{"start":{"line":13,"column":69},"end":{"line":13,"column":128}},"type":"binary-expr","locations":[{"start":{"line":13,"column":69},"end":{"line":13,"column":98}},{"start":{"line":13,"column":102},"end":{"line":13,"column":128}}],"line":13},"2":{"loc":{"start":{"line":13,"column":132},"end":{"line":13,"column":463}},"type":"if","locations":[{"start":{"line":13,"column":132},"end":{"line":13,"column":463}},{"start":{"line":13,"column":132},"end":{"line":13,"column":463}}],"line":13},"3":{"loc":{"start":{"line":13,"column":136},"end":{"line":13,"column":248}},"type":"binary-expr","locations":[{"start":{"line":13,"column":136},"end":{"line":13,"column":152}},{"start":{"line":13,"column":157},"end":{"line":13,"column":192}},{"start":{"line":13,"column":197},"end":{"line":13,"column":211}},{"start":{"line":13,"column":215},"end":{"line":13,"column":216}},{"start":{"line":13,"column":220},"end":{"line":13,"column":248}}],"line":13},"4":{"loc":{"start":{"line":13,"column":252},"end":{"line":13,"column":267}},"type":"if","locations":[{"start":{"line":13,"column":252},"end":{"line":13,"column":267}},{"start":{"line":13,"column":252},"end":{"line":13,"column":267}}],"line":13},"5":{"loc":{"start":{"line":13,"column":337},"end":{"line":13,"column":378}},"type":"if","locations":[{"start":{"line":13,"column":337},"end":{"line":13,"column":378}},{"start":{"line":13,"column":337},"end":{"line":13,"column":378}}],"line":13},"6":{"loc":{"start":{"line":13,"column":891},"end":{"line":13,"column":953}},"type":"if","locations":[{"start":{"line":13,"column":891},"end":{"line":13,"column":953}},{"start":{"line":13,"column":891},"end":{"line":13,"column":953}}],"line":13},"7":{"loc":{"start":{"line":13,"column":895},"end":{"line":13,"column":936}},"type":"binary-expr","locations":[{"start":{"line":13,"column":895},"end":{"line":13,"column":912}},{"start":{"line":13,"column":916},"end":{"line":13,"column":936}}],"line":13},"8":{"loc":{"start":{"line":13,"column":966},"end":{"line":13,"column":988}},"type":"if","locations":[{"start":{"line":13,"column":966},"end":{"line":13,"column":988}},{"start":{"line":13,"column":966},"end":{"line":13,"column":988}}],"line":13},"9":{"loc":{"start":{"line":15,"column":50},"end":{"line":15,"column":65}},"type":"if","locations":[{"start":{"line":15,"column":50},"end":{"line":15,"column":65}},{"start":{"line":15,"column":50},"end":{"line":15,"column":65}}],"line":15},"10":{"loc":{"start":{"line":15,"column":66},"end":{"line":15,"column":129}},"type":"if","locations":[{"start":{"line":15,"column":66},"end":{"line":15,"column":129}},{"start":{"line":15,"column":66},"end":{"line":15,"column":129}}],"line":15},"11":{"loc":{"start":{"line":15,"column":186},"end":{"line":15,"column":246}},"type":"if","locations":[{"start":{"line":15,"column":186},"end":{"line":15,"column":246}},{"start":{"line":15,"column":186},"end":{"line":15,"column":246}}],"line":15},"12":{"loc":{"start":{"line":15,"column":190},"end":{"line":15,"column":221}},"type":"binary-expr","locations":[{"start":{"line":15,"column":190},"end":{"line":15,"column":204}},{"start":{"line":15,"column":208},"end":{"line":15,"column":221}}],"line":15},"13":{"loc":{"start":{"line":15,"column":247},"end":{"line":15,"column":300}},"type":"if","locations":[{"start":{"line":15,"column":247},"end":{"line":15,"column":300}},{"start":{"line":15,"column":247},"end":{"line":15,"column":300}}],"line":15},"14":{"loc":{"start":{"line":15,"column":251},"end":{"line":15,"column":277}},"type":"binary-expr","locations":[{"start":{"line":15,"column":251},"end":{"line":15,"column":262}},{"start":{"line":15,"column":266},"end":{"line":15,"column":277}}],"line":15},"15":{"loc":{"start":{"line":15,"column":301},"end":{"line":15,"column":414}},"type":"if","locations":[{"start":{"line":15,"column":301},"end":{"line":15,"column":414}},{"start":{"line":15,"column":301},"end":{"line":15,"column":414}}],"line":15},"16":{"loc":{"start":{"line":15,"column":305},"end":{"line":15,"column":376}},"type":"binary-expr","locations":[{"start":{"line":15,"column":305},"end":{"line":15,"column":322}},{"start":{"line":15,"column":326},"end":{"line":15,"column":376}}],
[...]
3":0,"44":0,"45":0,"46":0,"47":0,"48":0,"49":1,"50":1,"51":0,"52":1,"53":1,"54":1,"55":3,"56":3,"57":1,"58":1,"59":1,"60":1,"61":1,"62":1,"63":135,"64":135,"65":1,"66":0,"67":1,"68":1,"69":1,"70":1,"71":1,"72":1},"f":{"0":1,"1":0,"2":0,"3":0,"4":1,"5":136,"6":0,"7":1,"8":0,"9":0,"10":0,"11":1,"12":1,"13":3,"14":1,"15":1},"b":{"0":[0,1],"1":[1,1],"2":[0,0],"3":[0,0,0,0,0],"4":[0,0],"5":[0,0],"6":[0,1],"7":[1,0],"8":[0,1],"9":[0,0],"10":[0,0],"11":[0,0],"12":[0,0],"13":[0,0],"14":[0,0],"15":[0,0],"16":[0,0],"17":[0,0],"18":[0,0],"19":[1,1,0,1],"20":[1,134]},"inputSourceMap":{"version":3,"sources":["CommentValidator.js"],"names":["Comments","require","CommentValidator","_checkId","retval","find","error","result","sampleResult","_id","module","exports"],"mappings":";;;;;;;;;;;;;;;;;;AAAA,IAAMA,QAAQ,GAAGC,OAAO,CAAC,oBAAD,CAAxB;;IACMC,gB;;;;iCAAAA,gB;2FACqB,iBAAMC,QAAN;AAAA;AAAA;AAAA;AAAA;AAAA;AACjBC,YAAAA,MADiB,GACR,OADQ;AAAA;AAAA,mBAEfJ,QAAQ,CAACK,IAAT,CAAc,EAAd,EAAkB,UAACC,KAAD,EAAOC,MAAP,EAAgB;AAAA,yDACZA,MADY;AAAA;;AAAA;AACpC,oEAA+B;AAAA,sBAAvBC,YAAuB;;AAC7B,sBAAGL,QAAQ,IAAIK,YAAY,CAACC,GAA5B,EAAgC;AAC5BL,oBAAAA,MAAM,GAAG,MAAT;AACH;AACF;AALmC;AAAA;AAAA;AAAA;AAAA;AAMvC,aANK,CAFe;;AAAA;AAAA,6CASdA,MATc;;AAAA;AAAA;AAAA;AAAA;AAAA;AAAA;AAAA,G;;;;;;AAa3BM,MAAM,CAACC,OAAP,GAAiBT,gBAAjB","sourceRoot":"/Users/andela/Documents/BernardPortfolio/bernard_portfolio/helpers/","sourcesContent":["const Comments = require('../models/Comments');\nclass CommentValidator{\n  static checkIfIdExists = async(_checkId)=>{\n      let retval = 'false';\n      await Comments.find({}, (error,result)=>{\n          for(let sampleResult of result){\n            if(_checkId == sampleResult._id){\n                retval = 'true';\n            }\n          }\n      })\n      return retval;\n  }\n  \n}\nmodule.exports = CommentValidator;"]},"_coverageSchema":"1a1c01bbd47fc00a2c39e90264f33305004495a9","hash":"1e321bfe973d2b5948047c4518a3b5a44f5b0761","contentHash":"b2d9428eae176419d219f173e85faa8504dc03041a79c085c3c2c5dbafa37bcc"},"/Users/andela/Documents/BernardPortfolio/bernard_portfolio/routes/api/authroute.js":{"path":"/Users/andela/Documents/BernardPortfolio/bernard_portfolio/routes/api/authroute.js","statementMap":{"0":{"start":{"line":3,"column":14},"end":{"line":3,"column":32}},"1":{"start":{"line":5,"column":13},"end":{"line":5,"column":29}},"2":{"start":{"line":7,"column":30},"end":{"line":7,"column":63}},"3":{"start":{"line":9,"column":0},"end":{"line":9,"column":49}},"4":{"start":{"line":10,"column":0},"end":{"line":10,"column":53}},"5":{"start":{"line":11,"column":0},"end":{"line":11,"column":24}}},"fnMap":{},"branchMap":{},"s":{"0":1,"1":1,"2":1,"3":1,"4":1,"5":1},"f":{},"b":{},"inputSourceMap":{"version":3,"sources":["authroute.js"],"names":["express","require","router","Router","authorizationController","post","signUp","login","module","exports"],"mappings":";;AAAA,IAAMA,OAAO,GAAGC,OAAO,CAAC,SAAD,CAAvB;;AACA,IAAMC,MAAM,GAAGF,OAAO,CAACG,MAAR,EAAf;;AACA,IAAMC,uBAAuB,GAAGH,OAAO,CAAC,wBAAD,CAAvC;;AAEAC,MAAM,CAACG,IAAP,CAAY,GAAZ,EAAiBD,uBAAuB,CAACE,MAAzC;AACAJ,MAAM,CAACG,IAAP,CAAY,QAAZ,EAAsBD,uBAAuB,CAACG,KAA9C;AACAC,MAAM,CAACC,OAAP,GAAiBP,MAAjB","sourceRoot":"/Users/andela/Documents/BernardPortfolio/bernard_portfolio/routes/api/","sourcesContent":["const express = require('express');\nconst router = express.Router();\nconst authorizationController = require('../../controllers/auth')\n\nrouter.post(\"/\", authorizationController.signUp);\nrouter.post(\"/login\", authorizationController.login);\nmodule.exports = router;\n\n\n\n"]},"_coverageSchema":"1a1c01bbd47fc00a2c39e90264f33305004495a9","hash":"1df7b33d3c9e1d88289e85818d7f2d54926081b6","contentHash":"6e409a5a847bf5faaea3f4332cef839bce2d94987affd80bf5fa591b86fc56b2"},"/Users/andela/Documents/BernardPortfolio/bernard_portfolio/controllers/auth.js":{"path":"/Users/andela/Documents/BernardPortfolio/bernard_portfolio/controllers/auth.js","statementMap":{"0":{"start":{"line":3,"column":29},"end":{"line":3,"column":84}},"1":{"start":{"line":5,"column":23},"end":{"line":5,"column":95}},"2":{"start":{"line":7,"column":23},"end":{"line":7,"column":95}},"3":{"start":{"line":9,"column":13},"end":{"line":9,"column":30}},"4":{"start":{"line":11,"column":17},"end":{"line":11,"column":42}},"5":{"start":{"line":13,"column":10},"end":{"line":13,"column":33}},"6":{"start":{"line":15,"column":20},"end":{"line":15,"column":55}},"7":{"start":{"line":17,"column":16},"end":{"line":19,"column":1}},"8":{"start":{"line":18,"column":2},"end":{"line":18,"column":52}},"9":{"start":{"line":21,"column":0},"end":{"line":48,"column":3}},"10":{"start":{"line":22,"column":2},"end":{"line":47,"column":3}},"11":{"start":{"line":23,"column":4},"end":{"line":25,"column":7}},"12":{"start":{"line":27,"column":4},"end":{"line":46,"column":7}},"13":{"start":{"line":28,"column":17},"end":{"line":32,"column":8}},"14":{"start":{"line":33,"column":18},"end":{"line":37,"column":8}},"15":{"start":{"line":38,"column":6},"end":{"line":45,"column":9}},"16":{"start":{"line":39,"column":8},"end":{"line":44,"column":9}},"17":{"start":{"line":40,"column":10},"end":{"line":43,"column":13}},"18":{"start":{"line":49,"column":0},"end":{"line":80,"column":3}},"19":{"start":{"line":50,"column":13},"end":{"line":53,"column":3}},"20":{"start":{"line":54,"column":2},"end":{"line":79,"column":5}},"21":{"start":{"line":59,"column":4},"end":{"line":78,"column":5}},"22":{"start":{"line":60,"column":6},"end":{"line":77,"column":9}},"23":{"start":{"line":61,"column":8},"end":{"line":75,"column":9}},"24":{"start":{"line":62,"column":22},"end":{"line":66,"column":12}},"25":{"start":{"line":67,"column":10},"end":{"line":70,"column":13}},"26":{"start":{"line":72,"column":10},"end":{"line":74,"column":13}},"27":{"start":{"line":81,"column":0},"end":{"line":81,"column":27}}},"fnMap":{"0":{"name":"userManip","decl":{"start":{"line":17,"column":25},"end":{"line":17,"column":34}},"loc":{"start":{"line":17,"column":37},"end":{"line":19,"column":1}},"line":17},"1":{"name":"(anonymous_1)","decl":{"start":{"line":21,"column":54},"end":{"line":21,"column":55}},"loc":{"start":{"line":21,"column":83},"end":{"line":48,"column":1}},"line":21},"2":{"name":"(anonymous_2)","decl":{"start":{"line":27,"column":43},"end":{"line":27,"column":44}},"loc":{"start":{"line":27,"column":77},"end":{"line":46,"column":5}},"line":27},"3":{"name":"(anonymous_3)","decl":{"start":{"line":38,"column":23},"end":{"line":38,"column":24}},"loc":{"start":{"line":38,"column":40},"end":{"line":45,"column":7}},"line":38},"4":{"name":"(anonymous_4)","decl":{"start":{"line":49,"column":53},"end":{"line":49,"column":54}},"loc":{"start":{"line":49,"column":82},"end":{"line":80,"column":1}},"line":49},"5":{"name":"(anonymous_5)","decl":{"start":{"line":58,"column":10},"end":{"line":58,"column":11}},"loc":{"start":{"line":58,"column":34},"end":{"line":79,"column":3}},"line":58},"6":{"name":"(anonymous_6)","decl":{"start":{"line":60,"column":67},"end":{"line":60,"column":68}},"loc":{"start":{"line":60,"column":92},"end":{"line":77,"column":7}},"line":60}},"branchMap":{"0":{"loc":{"start":{"line":22,"column":2},"end":{"line":47,"column":3}},"type":"if","locations":[{"start":{"line":22,"column":2},"end":{"line":47,"column":3}},{"start":{"line":22,"column":2},"end":{"line":47,"column":3}}],"line":22},"1":{"loc":{"start":{"line":39,"column":8},"end":{"line":44,"column":9}},"type":"if","locations":[{"start":{"line":39,"column":8},"end":{"line":44,"column":9}},{"start":{"line":39,"column":8},"end":{"line":44,"column":9}}],"line":39},"2":{"loc":{"start":{"line":59,"column":4},"end":{"line":78,"column":5}},"type":"if","locations":[{"start":{"line":59,"column":4},"end":{"line":78,"column":5}},{"start":{"line":59,"column":4},"end":{"line":78,"column":5}}],"line":59},"3":{"loc":{"start":{"line":61,"column":8},"end":{"line":75,"column":9}},"type":"if","locations":[{"start":{"line":61,"column":8},"end":{"line":75,"column":9}},{"start":{"line":61,"column":8},"end":{"line":75,"column":9}}],"line":61}},"s":{"0":1,"1":1,"2":1,"3":1,"4":1,"5":1,"6":1,"7":1,"8":0,"9":1,"10":2,"11":1,"12":1,"13":1,"14":1,"15":1,"16":1,"17":1,"18":1,"19":2,"20":2,"21":2,"22":2,"23":2,"24":1,"25":1,"26":1,"27":1},"f":{"0":0,"1":2,"2":1,"3":1,"4":2,"5":2,"6":2},"b":{"0":[1,1],"1":[1,0],"2":[2,0],"3":[1,1]},"inputSourceMap":{"version":3,"sources":["auth.js"],"names":["bcrypt","require","userSchema","jwt","userValidator","userManip","request","response","checkForSignUp","body","status","send","message","hash","password","error","harshedPassword","user","name","email","token","sign","expiresIn","save","then","undefined","findOne","$or","SUCCESS_USER","compare","result","json","module","exports"],"mappings":";;;;;;;;AAAA,IAAMA,MAAM,GAAGC,OAAO,CAAC,QAAD,CAAtB;;AACA,IAAMC,UAAU,GAAGD,OAAO,CAAC,gBAAD,CAA1B;;AACA,IAAME,GAAG,GAAGF,OAAO,CAAC,cAAD,CAAnB;;AACA,IAAMG,aAAa,GAAGH,OAAO,CAAC,0BAAD,CAA7B;;IAEMI,S;;;;iCAAAA,S,YACa,UAASC,OAAT,EAAiBC,QAAjB,EAA0B;AACxC,MAAGH,aAAa,CAACI,cAAd,CAA6BF,OAAO,CAACG,IAArC,KAA8C,OAAjD,EAAyD;AACtD,WAAOF,QAAQ,CAACG,MAAT,CAAgB,GAAhB,EAAqBC,IAArB,CAA0B;AAC7BC,MAAAA,OAAO,EAAE;AADoB,KAA1B,CAAP;AAGF,GAJD,MAIK;AACFZ,IAAAA,MAAM,CAACa,IAAP,CAAYP,OAAO,CAACG,IAAR,CAAaK,QAAzB,EAAkC,EAAlC,EAAqC,UAASC,KAAT,EAAeC,eAAf,EAA+B;AAChE,UAAIC,IAAI,GAAG,IAAIf,UAAJ,CAAe;AACtBgB,QAAAA,IAAI,EAAEZ,OAAO,CAACG,IAAR,CAAaS,IADG;AAEtBC,QAAAA,KAAK,EAAEb,OAAO,CAACG,IAAR,CAAaU,KAFE;AAGtBL,QAAAA,QAAQ,EAAEE;AAHY,OAAf,CAAX;AAKA,UAAII,KAAK,GAAGjB,GAAG,CAACkB,IAAJ,CAAS;AAACH,QAAAA,IAAI,EAAED,IAAI,CAACC;AAAZ,OAAT,EAA4B,WAA5B,EAAwC;AAACI,QAAAA,SAAS,EAAE;AAAZ,OAAxC,CAAZ;AACAL,MAAAA,IAAI,CAACM,IAAL,GAAYC,IAAZ,CAAiB,UAACT,KAAD,EAAS;AACtB,YAAGA,KAAK,KAAKU,SAAb,EAAuB;AACnB,iBAAOlB,QAAQ,CAACG,MAAT,CAAgB,GAAhB,EAAqBC,IAArB,CAA0B;AAC3BS,YAAAA,KAAK,EAALA,KAD2B;AAE3BR,YAAAA,OAAO,EAAE;AAFkB,WAA1B,CAAP;AAIH;AAEH,OARF;AAUP,KAjBG;AAkBF;AAEL,C;iCA3BKP,S,WA6Ba,UAASC,OAAT,EAAkBC,QAAlB,EAA2B;AACtC,MAAIU,IAAI,GAAG;AACPE,IAAAA,KAAK,EAAEb,OAAO,CAACG,IAAR,CAAaU,KADb;AAEPL,IAAAA,QAAQ,EAAER,OAAO,CAACG,IAAR,CAAaK;AAFhB,GAAX;AAIAZ,EAAAA,UAAU,CAACwB,OAAX,CAAmB;AAACC,IAAAA,GAAG,EAAE,CAAC;AAACR,MAAAA,KAAK,EAACb,OAAO,CAACG,IAAR,CAAaU;AAApB,KAAD;AAAN,GAAnB,EAAwDK,IAAxD,CAA6D,UAAAI,YAAY,EAAE;AACvE,QAAGA,YAAH,EAAgB;AACZ5B,MAAAA,MAAM,CAAC6B,OAAP,CAAevB,OAAO,CAACG,IAAR,CAAaK,QAA5B,EAAsCc,YAAY,CAACd,QAAnD,EAA6D,UAASC,KAAT,EAAgBe,MAAhB,EAAuB;AAC7E,YAAGA,MAAH,EAAU;AACT,cAAIV,KAAK,GAAGjB,GAAG,CAACkB,IAAJ,CAAS;AAACH,YAAAA,IAAI,EAAED,IAAI,CAACC;AAAZ,WAAT,EAA4B,WAA5B,EAAwC;AAACI,YAAAA,SAAS,EAAE;AAAZ,WAAxC,CAAZ;AACA,iBAAOf,QAAQ,CAACG,MAAT,CAAgB,GAAhB,EAAqBC,IAArB,CAA0B;AAC9BC,YAAAA,OAAO,EAAC,iBADsB;AAE9BQ,YAAAA,KAAK,EAALA;AAF8B,WAA1B,CAAP;AAIA,SAND,MAMK;AACF,iBAAOb,QAAQ,CAACG,MAAT,CAAgB,GAAhB,EAAqBqB,IAArB,CAA0B;AAE5BnB,YAAAA,OAAO,EAAE;AAFmB,WAA1B,CAAP;AAIF,SAZ4E,CAahF;;AAEH,OAfD;AAgBH;AACJ,GAnBD;AAoBH,C;AAGLoB,MAAM,CAACC,OAAP,GAAiB5B,SAAjB","sourceRoot":"/Users/andela/Documents/BernardPortfolio/bernard_portfolio/controllers/","sourcesContent":["const bcrypt = require('bcrypt');\nconst userSchema = require('../models/user');\nconst jwt = require('jsonwebtoken');\nconst userValidator = require('../helpers/userValidator');\n\nclass userManip{\n    static signUp= function(request,response){\n     if(userValidator.checkForSignUp(request.body) == 'false'){\n        return response.status(400).send({\n            message: \"Bad request\"\n        })\n     }else{\n        bcrypt.hash(request.body.password,10,function(error,harshedPassword){\n            var user = new userSchema({\n                name: request.body.name,\n                email: request.body.email,\n                password: harshedPassword\n            });\n            var token = jwt.sign({name: user.name}, \"$xfg%3./;\",{expiresIn: \"1h\"});\n            user.save().then((error)=>{\n                if(error !== undefined){\n                    return response.status(200).send({\n                          token,\n                          message: \"Success\"\n                       })\n                }\n                \n             })\n\n    })\n     }   \n       \n}\n\n    static login = function(request, response){\n        var user = {\n            email: request.body.email,\n            password: request.body.password\n        }\n        userSchema.findOne({$or: [{email:request.body.email}]}).then(SUCCESS_USER=>{\n            if(SUCCESS_USER){\n                bcrypt.compare(request.body.password, SUCCESS_USER.password, function(error, result){\n                       if(result){\n                        var token = jwt.sign({name: user.name}, \"$xfg%3./;\",{expiresIn: \"1h\"});\n                        return response.status(200).send({\n                           message:\"Login Succesful\",\n                           token\n                        });\n                       }else{\n                          return response.status(500).json({\n                               \n                               message: \"Invalid Credentials\"\n                           })\n                       }\n                    //}\n                    \n                });\n            }\n        })\n    }\n    }\n\nmodule.exports = userManip"]},"_coverageSchema":"1a1c01bbd47fc00a2c39e90264f33305004495a9","hash":"e49ffd7091956873b50750f25679cc8bc1fda829","contentHash":"99a6edd4eb2780c7d9f84e12138d1e1466aa225a414cfe915410602d911f90db"},"/Users/andela/Documents/BernardPortfolio/bernard_portfolio/models/user.js":{"path":"/Users/andela/Documents/BernardPortfolio/bernard_portfolio/models/user.js","statementMap":{"0":{"start":{"line":3,"column":15},"end":{"line":3,"column":34}},"1":{"start":{"line":5,"column":17},"end":{"line":15,"column":2}},"2":{"start":{"line":16,"column":0},"end":{"line":16,"column":58}}},"fnMap":{},"branchMap":{},"s":{"0":1,"1":1,"2":1},"f":{},"b":{},"inputSourceMap":{"version":3,"sources":["user.js"],"names":["mongoose","require","userSchema","Schema","name","type","String","email","password","module","exports","model"],"mappings":";;AAAA,IAAMA,QAAQ,GAAGC,OAAO,YAAxB;;AAEA,IAAMC,UAAU,GAAG,IAAIF,QAAQ,CAACG,MAAb,CAAoB;AACnCC,EAAAA,IAAI,EAAC;AACDC,IAAAA,IAAI,EAAEC;AADL,GAD8B;AAInCC,EAAAA,KAAK,EAAC;AACFF,IAAAA,IAAI,EAAEC;AADJ,GAJ6B;AAOnCE,EAAAA,QAAQ,EAAC;AACLH,IAAAA,IAAI,EAAEC;AADD;AAP0B,CAApB,CAAnB;AAWAG,MAAM,CAACC,OAAP,GAAiBV,QAAQ,CAACW,KAAT,CAAe,YAAf,EAA6BT,UAA7B,CAAjB","sourceRoot":"/Users/andela/Documents/BernardPortfolio/bernard_portfolio/models/","sourcesContent":["const mongoose = require(`mongoose`);\n\nconst userSchema = new mongoose.Schema({\n    name:{\n        type: String,\n    },\n    email:{\n        type: String,\n    },\n    password:{\n        type: String,\n    }\n});\nmodule.exports = mongoose.model('userSchema', userSchema);"]},"_coverageSchema":"1a1c01bbd47fc00a2c39e90264f33305004495a9","hash":"c84e3616a5ab7951b9fa1450e65b2ee605e95a7e","contentHash":"dff21818ed1eba59ccd1e6b2ecbce9f324e5a591ee1cad8b15923f7d323d42b4"},"/Users/andela/Documents/BernardPortfolio/bernard_portfolio/helpers/userValidator.js":{"path":"/Users/andela/Documents/BernardPortfolio/bernard_portfolio/helpers/userValidator.js","statementMap":{"0":{"start":{"line":3,"column":29},"end":{"line":3,"column":84}},"1":{"start":{"line":5,"column":23},"end":{"line":5,"column":95}},"2":{"start":{"line":7,"column":23},"end":{"line":7,"column":95}},"3":{"start":{"line":9,"column":20},"end":{"line":11,"column":1}},"4":{"start":{"line":10,"column":2},"end":{"line":10,"column":56}},"5":{"start":{"line":13,"column":0},"end":{"line":21,"column":3}},"6":{"start":{"line":14,"column":15},"end":{"line":14,"column":22}},"7":{"start":{"line":16,"column":2},"end":{"line":18,"column":3}},"8":{"start":{"line":17,"column":4},"end":{"line":17,"column":20}},"9":{"start":{"line":20,"column":2},"end":{"line":20,"column":16}},"10":{"start":{"line":22,"column":0},"end":{"line":22,"column":31}}},"fnMap":{"0":{"name":"userValidator","decl":{"start":{"line":9,"column":29},"end":{"line":9,"column":42}},"loc":{"start":{"line":9,"column":45},"end":{"line":11,"column":1}},"line":9},"1":{"name":"(anonymous_1)","decl":{"start":{"line":13,"column":66},"end":{"line":13,"column":67}},"loc":{"start":{"line":13,"column":88},"end":{"line":21,"column":1}},"line":13}},"branchMap":{"0":{"loc":{"start":{"line":16,"column":2},"end":{"line":18,"column":3}},"type":"if","locations":[{"start":{"line":16,"column":2},"end":{"line":18,"column":3}},{"start":{"line":16,"column":2},"end":{"line":18,"column":3}}],"line":16},"1":{"loc":{"start":{"line":16,"column":6},"end":{"line":16,"column":118}},"type":"binary-expr","locations":[{"start":{"line":16,"column":6},"end":{"line":16,"column":39}},{"start":{"line":16,"column":43},"end":{"line":16,"column":77}},{"start":{"line":16,"column":81},"end":{"line":16,"column":118}}],"line":16}},"s":{"0":1,"1":1,"2":1,"3":1,"4":0,"5":1,"6":2,"7":2,"8":1,"9":2,"10":1},"f":{"0":0,"1":2},"b":{"0":[1,1],"1":[2,1,1]},"inputSourceMap":{"version":3,"sources":["userValidator.js"],"names":["userValidator","_TEST_USER","retval","hasOwnProperty","module","exports"],"mappings":";;;;;;;;IAAMA,a;;;;iCAAAA,a,oBACsB,UAASC,UAAT,EAAoB;AACzC,MAAIC,MAAM,GAAG,OAAb;;AACA,MAAID,UAAU,CAACE,cAAX,CAA0B,MAA1B,CAAD,IAAwCF,UAAU,CAACE,cAAX,CAA0B,OAA1B,CAAxC,IAAgFF,UAAU,CAACE,cAAX,CAA0B,UAA1B,CAAnF,EAA0H;AACrHD,IAAAA,MAAM,GAAG,MAAT;AACJ;;AACD,SAAOA,MAAP;AACF,C;AAELE,MAAM,CAACC,OAAP,GAAiBL,aAAjB","sourceRoot":"/Users/andela/Documents/BernardPortfolio/bernard_portfolio/helpers/","sourcesContent":["class userValidator{\n    static checkForSignUp = function(_TEST_USER){\n       let retval = 'false';\n       if((_TEST_USER.hasOwnProperty('name')) && (_TEST_USER.hasOwnProperty('email')) && (_TEST_USER.hasOwnProperty('password'))){\n            retval = 'true';\n       }\n       return retval;\n    }\n}\nmodule.exports = userValidator;"]},"_coverageSchema":"1a1c01bbd47fc00a2c39e90264f33305004495a9","hash":"aaf938a21d4497d99f88df81d4afb55e7b6f096f","contentHash":"f82b1045210c6311ad6e3fe607672d0c0e1c01a8833d992961c666450a6fe464"},"/Users/andela/Documents/BernardPortfolio/bernard_portfolio/routes/api/welcome.js":{"path":"/Users/andela/Documents/BernardPortfolio/bernard_portfolio/routes/api/welcome.js","statementMap":{"0":{"start":{"line":3,"column":14},"end":{"line":3,"column":32}},"1":{"start":{"line":5,"column":13},"end":{"line":5,"column":29}},"2":{"start":{"line":6,"column":0},"end":{"line":14,"column":3}},"3":{"start":{"line":7,"column":2},"end":{"line":13,"column":5}},"4":{"start":{"line":15,"column":0},"end":{"line":15,"column":24}}},"fnMap":{"0":{"name":"(anonymous_0)","decl":{"start":{"line":6,"column":16},"end":{"line":6,"column":17}},"loc":{"start":{"line":6,"column":45},"end":{"line":14,"column":1}},"line":6}},"branchMap":{},"s":{"0":1,"1":1,"2":1,"3":0,"4":1},"f":{"0":0},"b":{},"inputSourceMap":{"version":3,"sources":["welcome.js"],"names":["express","require","router","Router","get","request","response","json","module","exports"],"mappings":";;AAAA,IAAMA,OAAO,GAAGC,OAAO,CAAC,SAAD,CAAvB;;AACA,IAAMC,MAAM,GAAGF,OAAO,CAACG,MAAR,EAAf;AAEAD,MAAM,CAACE,GAAP,CAAW,GAAX,EAAgB,UAACC,OAAD,EAAUC,QAAV,EAAqB;AACjCA,EAAAA,QAAQ,CAACC,IAAT,CAAc;AACV,eAAU,2DADA;AAEV,aAAQ,eAFE;AAGV,gBAAW,kBAHD;AAIV,sBAAiB,2BAJP;AAKV,sBAAiB;AALP,GAAd;AAQH,CATD;AAUAC,MAAM,CAACC,OAAP,GAAiBP,MAAjB","sourceRoot":"/Users/andela/Documents/BernardPortfolio/bernard_portfolio/routes/api/","sourcesContent":["const express = require('express');\nconst router = express.Router();\n\nrouter.get(\"/\", (request, response)=>{\n    response.json({\n        \"message\":\"Welcome USE YOUR BROWSER TO NAVIGATE THROUGH MY PORTFOLIO\",\n        \"/post\":\"See all posts\",\n        \"/comment\":\"See all comments\",\n        \"/account/login\":\"Used to log into  account\",\n        \"account/signup\":\"Used to create an account\"\n\n    });\n});\nmodule.exports = router;"]},"_coverageSchema":"1a1c01bbd47fc00a2c39e90264f33305004495a9","hash":"3343e9779cba650031ed0093793dfc696ee08e76","contentHash":"055287bac18be64e28b70f3645483a9a38ac698709a62b598e9c24b1b448d553"}}